2019-05-31T00:13:59.810Z	8315.89000000	0.29440034	8313.15	8315.89	31826.21759137	55000000	180000	250000	0.01	8268.9	8000	7523.18	6700	1750	8364.13	8850	9200	9950	148000
2019-05-31T00:15:00.200Z	8311.69000000	0.11226981	8308.67	8313.36	31843.48929933	55000000	180000	250000	0.01	8273.15	8000	7505.21	6699	1750	8349	8800	9188.9	9900	148000
2019-05-31T00:16:00.300Z	8300.00000000	0.02355241	8300	8300.01	31845.96964336	55000000	180000	250000	0.01	8256.24	8000.8	7543	6700	1860	8355	8830	9200	9950	148000
2019-05-31T00:16:59.300Z	8313.40000000	0.00575279	8310.21	8313.22	31828.63125650	55000000	180000	250000	0.01	8266.26	8000	7510	6700	1750	8364.13	8860	9200	9950	148000
2019-05-31T00:17:59.687Z	8302.07000000	0.01161581	8299.57	8300.09	31832.93659005	55000000	180000	250000	0.01	8256.52	8000	7510	6700	1750	8357.57	8860	9200	9950	148000
2019-05-31T00:18:58.440Z	8304.99000000	0.00100000	8304.99	8305	31832.10300077	55000000	180000	250000	0.01	8265	8000.8	7543.37	6700	1950	8355	8800	9188.9	9900	148000
2019-05-31T00:19:59.250Z	8304.34000000	0.00850773	8304.34	8304.35	31818.60162178	55000000	180000	250000	0.01	8263.7	8000	7501	6690	1750	8349	8791.94	9188.9	9900	148000
2019-05-31T00:20:57.521Z	8305.00000000	0.00119810	8304.99	8305	31799.06359529	55000000	180000	250000	0.01	8265.01	8000.8	7540	6700	1800	8361.96	8816.88	9200	9950	148000
2019-05-31T00:21:58.890Z	8308.36000000	0.01630302	8307.98	8308.36	31773.65490679	55000000	180000	250000	0.01	8265.01	8000	7520	6700	1750	8366.52	8850	9200	9950	148000
2019-05-31T00:22:59.168Z	8312.38000000	0.00600012	8312.25	8312.26	31766.63573475	55000000	180000	250000	0.01	8265.01	8000	7510.73	6700	1750	8340	8749	9176.88	9900	148000
2019-05-31T00:24:00.923Z	8314.99000000	0.01580123	8313.66	8315	31763.21058704	55000000	180000	250000	0.01	8274.47	8000.8	7543	6700	1850	8375	8807.19	9200	9950	148000
2019-05-31T00:24:57.886Z	8306.96000000	0.00125784	8306.89	8306.97	31767.50533990	55000000	180000	250000	0.01	8265	8005	7550	6700	1900	8339.33	8754.69	9188.9	9874.99	125000
2019-05-31T00:25:59.790Z	8312.36000000	0.01000000	8312.3	8312.38	31769.80801280	55000000	180000	250000	0.01	8265.01	8000.8	7528	6700	1800	8355	8800	9188.9	9900	125000
2019-05-31T00:26:58.310Z	8309.37000000	0.00245613	8309.11	8309.37	31771.72768954	55000000	180000	250000	0.01	8265.01	8004	7550	6700	1880	8357.01	8815	9200	9950	148000
2019-05-31T00:27:58.956Z	8313.25000000	0.01199899	8313.07	8313.25	31766.41399466	55000000	180000	250000	0.01	8265.01	8000.8	7550	6700	1900	8355	8800	9186.88	9937.99	148000
2019-05-31T00:28:58.637Z	8313.72000000	0.00281403	8311.28	8311.29	31761.81928096	55000000	180000	250000	0.01	8265	8020	7550	6700	1950	8337	8750	9150	9850	125000
2019-05-31T00:30:00.932Z	8309.69000000	0.04813178	8309.68	8309.69	31771.17931056	55000000	180000	250000	0.01	8274.47	8000.8	7545	6700	1900	8355	8800	9186.88	9937.99	148000
2019-05-31T00:30:58.170Z	8315.00000000	0.00431038	8314.99	8315	31770.69273136	55000000	180000	250000	0.01	8274.47	8009.59	7550	6700	1907	8373.74	8805	9199	9950	148000
2019-05-31T00:31:58.339Z	8315.00000000	0.04602962	8314.99	8315	31760.45538800	55000000	180000	250000	0.01	8274.47	8009.59	7550	6700	1915	8377	8800	9195	9950	148000
2019-05-31T00:32:59.329Z	8319.99000000	0.01216300	8319.99	8320	31759.83114940	55000000	180000	250000	0.01	8274.47	8005	7550	6700	1900	8377.7	8839.75	9200	9950	148000
2019-05-31T00:33:59.210Z	8324.98000000	0.02000000	8322.97	8324.98	31756.57569807	55000000	180000	250000	0.01	8274.47	8000	7503.68	6690	1817	8377.7	8849	9200	9950	148000
2019-05-31T00:35:00.440Z	8322.56000000	0.00334911	8318.11	8322.56	31753.39233733	55000000	180000	250000	0.01	8274.47	8000	7520	6700	1850	8372.71	8800	9199	9950	148000
2019-05-31T00:36:00.511Z	8320.42000000	0.01413838	8320	8320.01	31753.28685264	55000000	180000	250000	0.01	8266.26	8000	7510	6700	1800	8357.88	8800	9178.19	9937.99	148000
2019-05-31T00:37:00.815Z	8320.05000000	0.07671040	8320	8320.04	31756.91639111	55000000	180000	250000	0.01	8266.26	8000	7501	6690	1808	8377	8854.75	9200	9956.99	148000
2019-05-31T00:37:59.971Z	8324.94000000	0.00919501	8324.85	8324.94	31754.00964749	55000000	180000	250000	0.01	8274.47	8000	7508	6698.88	1781	8377	8849	9200	9956.99	148000
2019-05-31T00:38:59.806Z	8324.99000000	0.01448690	8324.99	8325	31749.31121898	55000000	180000	250000	0.01	8286.32	8000.8	7524.39	6700	1850	8378.28	8853.89	9200	9956.99	148000
2019-05-31T00:39:59.238Z	8320.00000000	0.04000000	8320	8320.01	31752.00275048	55000000	180000	250000	0.01	8273.58	8000	7500	6675	1500	8377	8849.52	9200	9956.99	148000
2019-05-31T00:40:58.746Z	8305.66000000	0.00859619	8304.89	8305.66	31742.40188909	55000000	180000	250000	0.01	8266.71	8000	7508	6700	1803.31	8366.52	8860	9200	9956.99	148000
2019-05-31T00:41:59.353Z	8302.98000000	1.00000000	8301.54	8303.2	31773.29170821	55000000	180000	250000	0.01	8256.52	8000	7500	6666.66	1500	8364.13	8860	9200	9956.99	148000
2019-05-31T00:42:56.276Z	8311.22000000	0.02302441	8308.74	8311.32	31778.93998839	55000000	180000	250000	0.01	8264.17	8000	7500	6675	1500	8374.85	8860	9200	9956.99	148000
2019-05-31T00:43:59.723Z	8298.18000000	0.03000000	8298.18	8298.19	31771.30602055	55000000	180000	250000	0.01	8256.52	8000	7510	6700	1817	8353.8	8805	9199	9950	148000
2019-05-31T00:44:58.906Z	8289.90000000	0.00468231	8289.89	8289.9	31790.12138280	55000000	180000	250000	0.01	8250	8000	7500	6675	1500	8350	8815.21	9200	9950	148000
2019-05-31T00:45:58.163Z	8289.90000000	0.00270184	8289.89	8289.9	31785.52624998	55000000	180000	250000	0.01	8251.58	8000	7511.1	6700	1850	8330.89	8800	9150	9937.99	148000
2019-05-31T00:46:59.426Z	8299.11000000	0.00395629	8296.81	8298.59	31799.88242576	55000000	180000	250000	0.01	8256.52	8000	7524	6700	1850	8382.36	8897.02	9244	9991	150000
2019-05-31T00:48:00.385Z	8294.90000000	0.01153619	8292.03	8294.37	31793.18619593	55000000	180000	250000	0.01	8250	8000	7500	6690	1750	8382.36	8890	9220	9988	150000
2019-05-31T00:48:59.875Z	8292.60000000	0.00940810	8290.01	8292.51	31806.10526521	55000000	180000	250000	0.01	8250	8000	7500	6690	1706.66	8360	8889	9200	9957	148000
2019-05-31T00:49:59.517Z	8291.46000000	0.02307357	8291.46	8293.15	31805.39466495	55000000	180000	250000	0.01	8250	8000	7500	6666.66	1500	8348	8860	9200	9956.99	148000
2019-05-31T00:50:59.501Z	8292.03000000	0.00282165	8289.96	8292.02	31809.00101178	55000000	180000	250000	0.01	8255.06	8000	7500	6693.31	1750	8382.36	8899	9242.08	9991	150000
2019-05-31T00:52:00.287Z	8295.99000000	0.00108112	8294.18	8296	31791.64023628	55000000	180000	250000	0.01	8250	8000	7500	6693.31	1750	8355.84	8811.4	9200	9950	148000
2019-05-31T00:52:59.611Z	8294.96000000	0.03690448	8290.58	8294.96	31792.17254011	55000000	180000	250000	0.01	8247.62	8000	7502.39	6700	1888	8344.54	8800	9150	9930.99	148000
2019-05-31T00:53:59.966Z	8299.99000000	0.00164060	8299.99	8300	31786.51678252	55000000	180000	250000	0.01	8250	8000	7500	6698.88	1750	8355	8800	9180	9945	148000
2019-05-31T00:54:59.248Z	8300.56000000	0.04101509	8298.12	8300.57	31774.15038563	55000000	180000	250000	0.01	8250	8000	7500	6690	1750	8349	8800	9150	9937.99	148000
2019-05-31T00:55:59.908Z	8300.08000000	0.04722375	8299.88	8300.08	31775.70477538	55000000	180000	250000	0.01	8249.85	8000	7500	6690	1711.66	8332.18	8750	9133	9893.99	125000
2019-05-31T00:57:01.184Z	8299.68000000	0.00323798	8295.07	8299.68	31775.18921580	55000000	180000	250000	0.01	8250	8000	7500	6698.01	1750	8332.18	8750	9120	9880	125000
2019-05-31T00:58:01.143Z	8300.82000000	0.04741890	8297.88	8300.82	31770.06797008	55000000	180000	250000	0.01	8250	8000	7500	6693.31	1750	8355.84	8800	9165.18	9943	148000
2019-05-31T00:59:00.859Z	8304.93000000	0.04262251	8304.23	8304.93	31769.00122559	55000000	180000	250000	0.01	8260	8000	7501	6700	1900	8355.84	8816.88	9200	9950	148000
2019-05-31T00:59:59.750Z	8304.10000000	0.03545040	8300.47	8304.13	31793.18408689	55000000	180000	250000	0.01	8260.22	8000	7501.01	6700	1900	8331.66	8749	9120	9872	125000
2019-05-31T01:01:00.312Z	8304.93000000	0.01728159	8304.92	8304.93	31798.08338063	55000000	180000	250000	0.01	8260.22	8000	7501	6700	1900	8355.84	8800	9150	9925	148000
2019-05-31T01:02:00.251Z	8307.00000000	0.06195784	8307.05	8308.43	31784.87188747	55000000	180000	250000	0.01	8260.22	8000	7501	6700	1900	8355	8789	9150	9899.99	148000
2019-05-31T01:02:58.219Z	8308.43000000	0.02879171	8308.42	8308.43	31732.41722631	55000000	180000	250000	0.01	8260.22	8000	7502	6700	1900	8355.84	8794.21	9150	9900	148000
2019-05-31T01:04:00.324Z	8308.47000000	0.00145165	8308.47	8308.48	31715.26869509	55000000	180000	250000	0.01	8270	8011.79	7534.62	6700	1950	8355.84	8800	9150	9900	148000
2019-05-31T01:04:59.136Z	8308.48000000	0.01324428	8308.47	8308.48	31689.24872614	55000000	180000	250000	0.01	8270	8011.79	7534.62	6700	1950	8355.84	8800	9150	9900	148000
2019-05-31T01:06:00.562Z	8319.95000000	0.00801702	8319.94	8319.95	31678.65076515	55000000	180000	250000	0.01	8275	8000	7510	6700	1900	8349	8745.48	9110	9828	125000
2019-05-31T01:06:59.918Z	8314.15000000	0.50000000	8314.15	8316.23	31708.62045939	55000000	180000	250000	0.01	8260.22	8000	7502.39	6700	1900	8346.52	8747	9110	9828	125000
2019-05-31T01:07:59.915Z	8315.17000000	0.00335177	8315	8315.17	31699.47589727	55000000	180000	250000	0.01	8270	8000	7510	6700	1900	8357.01	8800	9150	9890	148000
2019-05-31T01:09:00.714Z	8321.01000000	0.00437072	8321.03	8322.09	31682.67621860	55000000	180000	250000	0.01	8275	8000.8	7538	6700	1950	8377.7	8800	9150	9900	148000
2019-05-31T01:09:58.917Z	8322.07000000	0.05891382	8321.71	8322.08	31693.30924340	55000000	180000	250000	0.01	8270	8000	7523.18	6700	1900	8370.12	8780	9135.12	9890	148000
2019-05-31T01:10:59.140Z	8328.62000000	0.05889613	8327.19	8328.53	31692.17150387	55000000	180000	250000	0.01	8284.28	8000.8	7543	6700	1950	8370.12	8780	9120	9872	148000
2019-05-31T01:12:00.459Z	8328.46000000	0.03533845	8324.91	8328.41	31733.88018296	55000000	180000	250000	0.01	8284.28	8001	7545	6702.88	1950	8370.79	8780	9141.24	9890	148000
2019-05-31T01:12:58.168Z	8328.35000000	0.01197723	8327.06	8328.35	31728.29753920	55000000	180000	250000	0.01	8275	8000	7543.37	6701	1950	8374.85	8800	9150	9900	148000
2019-05-31T01:14:00.737Z	8325.22000000	0.01159415	8322.48	8325.22	31727.69226912	55000000	180000	250000	0.01	8275	8000.8	7550	6702.88	1950	8379.48	8800	9150	9886	148000
2019-05-31T01:15:00.623Z	8320.97000000	0.17673743	8320.96	8320.97	31739.92794812	55000000	180000	250000	0.01	8275	8000.8	7543.37	6701	1950	8388.48	8874.88	9200	9956.99	148000
2019-05-31T01:15:59.352Z	8325.00000000	0.00573828	8324.99	8325	31730.38530038	55000000	180000	250000	0.01	8284.43	8000	7510	6700	1808	8379	8789	9150	9854.99	148000
2019-05-31T01:17:00.820Z	8325.00000000	0.02815950	8324.99	8325	31694.89061322	55000000	180000	250000	0.01	8275	8000	7524	6700	1817	8376.24	8780	9130	9886	148000
2019-05-31T01:17:54.630Z	8325.00000000	0.04190000	8324.99	8325	31695.46109612	55000000	180000	250000	0.01	8275	8000	7520	6700	1808	8366.52	8750	9111.04	9850.3	148000
2019-05-31T01:18:58.902Z	8325.00000000	0.00207672	8324.99	8325	31696.71540175	55000000	180000	250000	0.01	8284.43	8000	7510	6700	1800	8366.52	8775	9125	9879	148000
2019-05-31T01:19:58.578Z	8325.00000000	0.05888396	8324.99	8325	31695.13320861	55000000	180000	250000	0.01	8284.43	8000	7510	6700	1800	8366.52	8780	9111.04	9850	140000
2019-05-31T01:20:57.917Z	8325.00000000	0.03667907	8324.99	8325	31693.09013727	55000000	180000	250000	0.01	8284.43	8000	7510	6700	1789	8366.52	8780	9111.04	9850	129600
2019-05-31T01:21:57.601Z	8325.00000000	0.00334783	8324.99	8325	31667.19996624	55000000	180000	250000	0.01	8284.43	8000	7501.01	6700	1756	8370	8800	9150	9872	148000
2019-05-31T01:22:58.588Z	8331.22000000	0.00917863	8330.13	8332.7	31671.66951725	55000000	180000	250000	0.01	8284.43	8000	7501.01	6705	1900	8379.48	8800	9150	9909.99	148000
2019-05-31T01:23:59.550Z	8333.56000000	0.02951241	8332.12	8333.56	31673.20519871	55000000	180000	250000	0.01	8284.43	8000	7510.1	6720	2220.01	8361.96	8750	9120	9850.3	148000
2019-05-31T01:24:57.728Z	8339.99000000	0.00268342	8338.15	8339.95	31664.90249142	55000000	180000	250000	0.01	8284.43	8000	7508	6750	2251.01	8379.48	8800	9150	9900	148000
2019-05-31T01:25:59.129Z	8334.56000000	0.01795246	8332.74	8334.5	31666.84265080	55000000	180000	250000	0.01	8284.43	8000	7508	6750	2251.01	8364.13	8750	9111	9850	125000
2019-05-31T01:27:00.861Z	8344.00000000	4.86412573	8341.81	8344.54	31639.60510946	55000000	180000	250000	0.01	8300	8000	7508	6750	2251.01	8390.52	8800	9150	9872	148000
2019-05-31T01:28:00.879Z	8340.51000000	0.00918384	8340.5	8340.51	31661.57658002	55000000	180000	250000	0.01	8286.36	8000	7510	6750	2290	8365.09	8754.69	9120	9869.69	148000
2019-05-31T01:29:00.241Z	8347.68000000	0.22270957	8346.69	8348.96	31650.50818017	55000000	180000	250000	0.01	8293.28	8000	7510	6750	2290	8393.43	8804.02	9186.88	9937.99	148000
2019-05-31T01:30:00.811Z	8349.54000000	0.00244465	8348.98	8349.53	31663.22379665	55000000	180000	250000	0.01	8293.28	8000	7510	6750	2290	8393.43	8804.02	9186.88	9937.99	148000
2019-05-31T01:31:00.498Z	8355.17000000	0.01702713	8355.21	8358.78	31675.81208860	55000000	180000	250000	0.01	8309.88	8000	7510	6750	2290	8399	8800	9150	9875	148000
2019-05-31T01:31:58.735Z	8347.59000000	0.00572471	8345.04	8347.59	31697.91304496	55000000	180000	250000	0.01	8293.28	8000	7505	6750	2250	8390.52	8800	9150	9888	148000
2019-05-31T01:32:58.430Z	8349.79000000	1.04838806	8347.56	8349.79	31700.05825645	55000000	180000	250000	0.01	8300	8000	7501	6750	2220.01	8398	8816.88	9186.88	9937.99	148000
2019-05-31T01:33:58.898Z	8341.61000000	0.01147418	8341.6	8341.61	31690.82000915	55000000	180000	250000	0.01	8293.28	8000	7508	6750	2250	8399	8780	9111	9850	125000
2019-05-31T01:34:58.971Z	8335.36000000	0.06600000	8334	8335.35	31676.17907887	55000000	180000	250000	0.01	8293.28	8000	7508	6750	2250	8399	8780	9111	9850	125000
2019-05-31T01:35:57.166Z	8331.43000000	0.30031593	8330.57	8331.43	31669.17743302	55000000	180000	250000	0.01	8284.4	8000.8	7511.1	6750	2260	8380.99	8780	9107	9849	125000
2019-05-31T01:36:58.618Z	8335.25000000	0.00918356	8335.24	8335.25	31673.52439087	55000000	180000	250000	0.01	8286.36	8000	7508	6750	2250	8382.36	8800	9120	9879	148000
2019-05-31T01:37:59.300Z	8334.91000000	0.23524631	8333	8334.88	31673.13423760	55000000	180000	250000	0.01	8284.4	8000	7501	6750	2250	8380.99	8780	9111	9850	125000
2019-05-31T01:38:57.460Z	8347.34000000	0.12970736	8345.92	8348.15	31674.68828305	55000000	180000	250000	0.01	8293.28	8005	7543.37	6762.11	2333	8390.52	8780	9111	9850	125000
2019-05-31T01:39:59.458Z	8350.47000000	0.00393364	8350.3	8352.89	31677.21080769	55000000	180000	250000	0.01	8300	8000	7515	6751	2290	8399	8756	9110	9844.44	125000
2019-05-31T01:40:58.155Z	8352.20000000	0.00428855	8352.19	8352.2	31645.52864283	55000000	180000	250000	0.01	8319.04	8051	7557	6790	2600	8399	8750	9110	9822.99	125000
2019-05-31T01:41:58.512Z	8357.25000000	0.01144893	8357.24	8357.25	31530.01578674	55000000	180000	250000	0.01	8335	8060	7575	6800	2900	8399	8775	9110	9849.99	125000
2019-05-31T01:42:59.480Z	8366.52000000	0.02837165	8366.44	8366.52	31446.76033944	55000000	180000	250000	0.01	8342.8	8070	7600	6800	3000	8399	8780	9110	9842.99	125000
2019-05-31T01:43:58.403Z	8373.12000000	0.04240633	8373.1	8373.18	31434.54620320	55000000	180000	250000	0.01	8342.9	8070	7600	6800	2955	8400	8800	9150	9888	148000
2019-05-31T01:44:58.104Z	8374.53000000	0.00492035	8374.53	8374.79	31410.45895084	55000000	180000	250000	0.01	8342.91	8070	7600	6800	2950	8400	8800	9150	9881.99	148000
2019-05-31T01:45:58.283Z	8364.52000000	0.02399962	8364.61	8364.62	31385.09999509	55000000	180000	250000	0.01	8341	8060	7575	6800	2900	8399	8750	9110	9828	125000
2019-05-31T01:46:58.326Z	8364.56000000	0.00537251	8361.65	8364.52	31390.08385717	55000000	180000	250000	0.01	8335	8050	7550	6786	2390	8390.63	8745.48	9100	9800	125000
2019-05-31T01:47:57.895Z	8370.80000000	0.11072867	8368.96	8370.76	31377.73096139	55000000	180000	250000	0.01	8341	8070	7600	6800	2970	8399	8754.69	9110	9836.21	125000
2019-05-31T01:49:00.771Z	8361.26000000	0.50000000	8361.25	8361.82	31273.87025457	55000000	180000	250000	0.01	8333	8051	7557	6790	2600	8399	8750	9100	9800	125000
2019-05-31T01:49:58.591Z	8355.73000000	0.58627444	8355.06	8355.73	31097.77006615	55000000	180000	250000	0.01	8331.18	8051	7557	6790	2590	8398.99	8780	9105	9850	125000
2019-05-31T01:50:59.691Z	8343.09000000	0.53603099	8342.15	8343.09	31086.94600227	55000000	180000	250000	0.01	8311.84	8008.5	7510	6758.62	2310	8389.54	8755.87	9100	9800	125000
2019-05-31T01:52:00.775Z	8340.99000000	0.25830131	8340.99	8341	31101.12985488	55000000	180000	250000	0.01	8285.34	8000	7500	6735.21	2220.01	8379.54	8780	9100	9800	125000
2019-05-31T01:52:55.820Z	8339.15000000	0.00209688	8340.99	8341	31111.91587655	55000000	180000	250000	0.01	8302.3	8000	7501	6755	2333	8379.54	8751.97	9100	9800	125000
2019-05-31T01:53:58.227Z	8338.74000000	0.03000000	8338.74	8338.75	31109.60427218	55000000	180000	250000	0.01	8284.4	8000	7501	6751.01	2300	8367.71	8705	9100	9800	125000
2019-05-31T01:54:57.486Z	8335.56000000	0.03788158	8335.02	8335.54	31077.29428305	55000000	180000	250000	0.01	8285.34	8000	7501	6755	2333	8379.54	8780	9110	9822.99	125000
2019-05-31T01:55:56.966Z	8335.00000000	0.00608978	8335	8335.36	31054.68462433	55000000	180000	250000	0.01	8285.34	8000	7500	6750	2220.01	8375	8750	9100	9800	125000
2019-05-31T01:56:59.672Z	8330.89000000	0.04592702	8330	8330.89	31047.59586168	55000000	180000	250000	0.01	8285.34	8000	7501	6750	2250	8379.54	8751.97	9110	9825	125000
2019-05-31T01:57:59.211Z	8331.63000000	0.02296944	8331.62	8331.63	31050.75535439	55000000	180000	250000	0.01	8285.34	8000	7501	6751	2290	8379.54	8750	9105.6	9850	125000
2019-05-31T01:58:59.907Z	8325.00000000	0.00700000	8324.99	8325	31045.20221056	55000000	180000	250000	0.01	8294	8000	7500	6750	2230	8379.54	8780	9110	9822.99	125000
2019-05-31T01:59:59.935Z	8333.09000000	0.00573270	8332.77	8333.09	31057.22140860	55000000	180000	250000	0.01	8285.34	8000	7500	6720	2303.31	8379.54	8755.33	9110	9825	125000
2019-05-31T02:00:59.712Z	8326.84000000	0.00107656	8324.99	8326.84	31062.85298601	55000000	180000	250000	0.01	8275	8000	7500	6720	2220.01	8368.05	8750	9100	9800	125000
2019-05-31T02:01:56.221Z	8320.19000000	0.01130683	8320.19	8320.82	31062.84362322	55000000	180000	250000	0.01	8274.47	8000	7500	6720	2333	8367.96	8730	9100	9797	125000
2019-05-31T02:03:00.404Z	8319.02000000	0.03535370	8319.01	8319.02	31059.06522378	55000000	180000	250000	0.01	8271	8000	7500	6720	2220.01	8367.95	8750	9100	9800	125000
2019-05-31T02:03:59.567Z	8309.56000000	0.01160789	8308.01	8309.56	31052.95613136	55000000	180000	250000	0.01	8256.71	8000	7500	6735.21	2220.01	8355.93	8729.59	9100	9800	125000
2019-05-31T02:04:57.440Z	8304.99000000	0.02362679	8303.67	8304.99	31044.69026138	55000000	180000	250000	0.01	8256.71	8000	7500	6735.21	2220.01	8365	8750	9100	9800	125000
2019-05-31T02:06:01.830Z	8300.01000000	0.00398011	8300	8300.01	31047.58818313	55000000	180000	250000	0.01	8250	7990	7500	6720	2220.01	8342.99	8680.66	9072.52	9791.89	120000
2019-05-31T02:06:59.995Z	8315.09000000	0.01208126	8310.45	8311.02	31055.94759262	55000000	180000	250000	0.01	8256.14	8000	7500	6720	2220.01	8349.47	8700	9090.24	9799.98	125000
2019-05-31T02:08:00.687Z	8305.80000000	0.11803390	8304.04	8305.8	31040.68922446	55000000	180000	250000	0.01	8256.71	8000	7500	6750	2280	8342.99	8654.29	9069.84	9791.89	100151
2019-05-31T02:09:00.584Z	8300.99000000	0.03458299	8300.04	8300.99	31038.13465527	55000000	180000	250000	0.01	8250	8000	7500	6720	2280	8344.67	8700	9093.65	9800	125000
2019-05-31T02:10:00.362Z	8299.65000000	0.00979982	8296.98	8299.65	31041.40326727	55000000	180000	250000	0.01	8256.71	8000	7500	6750	2220.01	8342.99	8680.66	9074	9791.89	120000
2019-05-31T02:10:58.603Z	8303.50000000	0.02765103	8303.48	8303.49	31042.82041294	55000000	180000	250000	0.01	8256.14	8000	7500	6720	2250	8340	8680	9069.84	9791.89	101490
2019-05-31T02:11:56.381Z	8307.33000000	0.98548258	8310.76	8310.77	31045.24976700	55000000	180000	250000	0.01	8256.71	8000	7500	6738.37	2220.01	8354.99	8700	9099	9800	125000
2019-05-31T02:12:58.628Z	8316.63000000	0.02405119	8316.63	8316.64	31050.70650339	55000000	180000	250000	0.01	8256.71	8000	7500	6720	2333	8342.91	8628.9	9069.84	9791.89	100000
2019-05-31T02:14:00.934Z	8316.67000000	0.00682080	8316.66	8316.67	31058.91931115	55000000	180000	250000	0.01	8279.07	8000	7500	6750	2266	8355.39	8698.56	9080	9791.89	123456.78
2019-05-31T02:15:00.769Z	8319.91000000	0.02989853	8316.2	8319.91	31059.48638651	55000000	180000	250000	0.01	8273.56	8000	7501	6751	2311.76	8342.83	8615	9069.84	9791.89	100000
2019-05-31T02:15:59.996Z	8321.76000000	0.05890405	8321.69	8321.76	31058.04144288	55000000	180000	250000	0.01	8273.56	8000	7500	6735.21	2220.01	8355	8680.66	9069.84	9791.89	101490
2019-05-31T02:16:58.227Z	8314.81000000	0.05753094	8314.8	8314.81	31019.64918414	55000000	180000	250000	0.01	8257.61	8000	7500	6720	2333	8350	8698.56	9080.04	9797	125000
2019-05-31T02:17:59.781Z	8310.52000000	0.04822946	8310.02	8310.52	31016.03388985	55000000	180000	250000	0.01	8256.14	8000	7500	6720	2333	8340	8643.48	9069.84	9791.89	100151
2019-05-31T02:18:58.170Z	8309.59000000	0.04468374	8307.86	8309.59	31007.82620022	55000000	180000	250000	0.01	8256.14	8000	7500	6720	2333	8344.84	8680.66	9069.84	9791.89	101490
2019-05-31T02:19:56.753Z	8309.52000000	0.00371407	8309.51	8309.52	31002.88351890	55000000	180000	250000	0.01	8257.61	8000	7501	6755	2333	8345.83	8699.52	9088.2	9797	125000
2019-05-31T02:20:59.275Z	8320.00000000	0.02356559	8318.48	8320	31001.47466140	55000000	180000	250000	0.01	8257.61	8000	7500	6720	2360	8354.63	8700	9099	9800	125000
2019-05-31T02:21:51.621Z	8321.98000000	0.00454142	8325.02	8325.03	30991.49043851	55000000	180000	250000	0.01	8273.56	8000	7500	6750	2220.01	8355	8694.48	9078.57	9791.89	123456.78
2019-05-31T02:22:57.582Z	8330.14000000	0.00221099	8330.14	8330.15	30982.17717555	55000000	180000	250000	0.01	8277.58	8000	7500	6750	2220.01	8360	8700	9090.24	9800	125000
2019-05-31T02:23:58.582Z	8323.67000000	0.01149345	8323.66	8323.67	30981.17299587	55000000	180000	250000	0.01	8257.61	8000	7500	6720	2333	8342.81	8641.44	9069.84	9791.89	100151
2019-05-31T02:24:59.400Z	8330.04000000	0.00196907	8329.01	8330.01	30972.86629980	55000000	180000	250000	0.01	8277.58	8000	7500	6720	2333	8354.17	8680.66	9069.84	9791.89	101490
2019-05-31T02:25:59.690Z	8319.52000000	0.00421299	8319.51	8319.52	30974.00251576	55000000	180000	250000	0.01	8281	8000	7500	6750	2220.01	8350	8677	9069.84	9791.89	101490
2019-05-31T02:26:59.200Z	8319.99000000	0.03986512	8319.99	8320	30978.18945455	55000000	180000	250000	0.01	8291.71	8051	7550	6790	2651.52	8352.94	8700	9085	9794.99	125000
2019-05-31T02:27:57.115Z	8330.53000000	0.00394282	8330.52	8330.53	30964.23134460	55000000	180000	250000	0.01	8296.59	8051	7550	6790	2636	8354.17	8694.48	9075.03	9791.89	120000
2019-05-31T02:29:01.820Z	8330.00000000	0.01148565	8329.99	8330	30945.91532574	55000000	180000	250000	0.01	8296.59	8051	7550	6790	2600	8354.66	8698.56	9079	9791.89	123456.78
2019-05-31T02:29:59.695Z	8330.00000000	0.05884861	8329.99	8330	30926.62387626	55000000	180000	250000	0.01	8296.59	8036	7550	6790	2550	8360	8700	9090.24	9800	125000
2019-05-31T02:30:59.993Z	8330.60000000	0.28245324	8330.59	8330.6	30912.92073281	55000000	180000	250000	0.01	8296.59	8036	7550	6789.1	2466.66	8360	8700	9090	9797	125000
2019-05-31T02:31:59.939Z	8337.48000000	0.01158097	8337.47	8337.48	30902.08363937	55000000	180000	250000	0.01	8306.86	8020	7528	6758.71	2333	8365	8730	9100	9800	125000
2019-05-31T02:33:01.570Z	8337.50000000	0.00572967	8337.49	8337.5	30919.16214797	55000000	180000	250000	0.01	8300	8001	7501	6750	2290	8365	8730	9100	9800	125000
2019-05-31T02:34:01.171Z	8334.08000000	1.32661656	8334.07	8334.08	30915.00943578	55000000	180000	250000	0.01	8306.4	8051	7557	6798	2560	8363	8720	9100	9800	125000
2019-05-31T02:35:01.498Z	8338.00000000	0.00716511	8337.99	8338	30915.33108836	55000000	180000	250000	0.01	8306.86	8051	7557	6799	2588.67	8363	8720	9100	9800	125000
2019-05-31T02:35:56.900Z	8333.54000000	0.01163781	8333	8333.01	30914.91537799	55000000	180000	250000	0.01	8292.23	8000.8	7501	6750	2280	8360	8700	9090	9797	125000
2019-05-31T02:36:55.227Z	8335.27000000	0.25704806	8334.45	8335.26	30890.24391856	55000000	180000	250000	0.01	8297	8049.09	7550	6790	2550	8363	8710	9100	9800	125000
2019-05-31T02:37:54.108Z	8335.28000000	0.18973140	8335.28	8335.29	30886.37891606	55000000	180000	250000	0.01	8297	8036	7550	6790	2550	8365.31	8730	9100	9800	125000
2019-05-31T02:38:58.441Z	8333.84000000	0.01158258	8333.83	8333.84	30862.38862171	55000000	180000	250000	0.01	8297	8050	7550	6790	2590	8363	8728.31	9100	9800	125000
2019-05-31T02:39:58.919Z	8333.01000000	0.00107570	8333	8333.01	30859.08164075	55000000	180000	250000	0.01	8292.1	8001.01	7501	6751	2333	8354.94	8700	9099.4	9800	125000
2019-05-31T02:40:57.837Z	8333.39000000	0.00280715	8333.38	8333.39	30858.51275227	55000000	180000	250000	0.01	8297	8042	7550	6790	2603.31	8360	8700	9090.24	9799.99	125000
2019-05-31T02:41:57.551Z	8333.01000000	0.03558776	8333	8333.01	30847.23069645	55000000	180000	250000	0.01	8297	8041	7550	6790	2651.52	8357.24	8700	9090	9797	125000
2019-05-31T02:42:58.129Z	8330.01000000	0.01756044	8330	8330.01	30840.71104996	55000000	180000	250000	0.01	8304.38	8051	7564	6800	2720	8355	8699.52	9075.03	9791.89	120000
2019-05-31T02:43:59.302Z	8333.30000000	0.02583103	8333	8333.27	30841.35169432	55000000	180000	250000	0.01	8297	8051	7557	6800	2660	8360	8720	9099.4	9800	125000
2019-05-31T02:44:58.100Z	8333.01000000	0.00280661	8333	8333.01	30840.51582652	55000000	180000	250000	0.01	8308.38	8060	7575	6800	2955	8360	8700	9090.24	9800	125000
2019-05-31T02:45:59.949Z	8330.01000000	0.03592455	8330	8330.01	30836.56385432	55000000	180000	250000	0.01	8300	8051	7560	6800	2630	8355	8700	9090	9794.99	125000
2019-05-31T02:46:58.327Z	8330.01000000	0.01240614	8330	8330.01	30804.57006016	55000000	180000	250000	0.01	8290	8001	7503.68	6751	2333	8355	8700	9088.2	9791.89	123456.78
2019-05-31T02:48:00.700Z	8329.01000000	0.01517325	8329	8329.01	30806.87463009	55000000	180000	250000	0.01	8285.27	8008.5	7514	6755	2380	8350	8698.56	9069.84	9791.89	101490
2019-05-31T02:48:59.268Z	8319.75000000	0.00574129	8319.75	8320.65	30793.91348138	55000000	180000	250000	0.01	8277.58	8000.8	7503.68	6750	2250	8354.77	8700	9090	9797	125000
2019-05-31T02:49:57.820Z	8319.51000000	0.11568000	8319.51	8319.52	30800.44258272	55000000	180000	250000	0.01	8273.56	8000	7501	6750	2220.01	8354.77	8700	9090	9797	125000
2019-05-31T02:50:59.390Z	8301.01000000	0.03220057	8301.01	8301.02	30811.91197955	55000000	180000	250000	0.01	8250	8000	7500	6720	2333	8340	8700	9085	9791.89	120000
2019-05-31T02:52:00.240Z	8303.48000000	0.01762646	8301.19	8303.41	30823.38358287	55000000	180000	250000	0.01	8253.3	8000	7500	6735.21	2220.01	8341.47	8750	9100	9791.89	123456.78
2019-05-31T02:52:58.882Z	8300.72000000	0.00282041	8300.71	8300.72	30828.31324696	55000000	180000	250000	0.01	8250.96	8000	7500	6735.21	2220.01	8340.93	8775	9100	9800	125000
2019-05-31T02:53:58.916Z	8294.55000000	0.00201000	8294.55	8294.56	30827.38939953	55000000	180000	250000	0.01	8247.62	8000	7500	6720	2333	8331.25	8775	9100	9800	125000
2019-05-31T02:54:56.160Z	8264.86000000	0.00180520	8262.73	8264.34	30837.57544228	55000000	180000	250000	0.01	8232.5	8000	7501.54	6750	2290	8334.99	8800	9120	9890	148000
2019-05-31T02:56:00.420Z	8264.01000000	0.56599705	8265.76	8270.34	30874.00010873	55000000	180000	250000	0.01	8225	8000	7500	6720	2390	8337.24	8800	9111.04	9886	148000
2019-05-31T02:56:56.646Z	8284.95000000	0.01192582	8283.61	8287.86	30872.85853067	55000000	180000	250000	0.01	8245	8000	7501	6750	2333	8350	8800	9110	9850	125000
2019-05-31T02:57:58.313Z	8280.80000000	0.00108146	8280.02	8280.8	30871.10417116	55000000	180000	250000	0.01	8236.24	8000	7501	6742.21	2250	8321.24	8750	9100	9800	125000
2019-05-31T02:59:00.587Z	8283.22000000	0.05773958	8283.21	8283.22	30872.90155539	55000000	180000	250000	0.01	8236.24	8000	7500.01	6735.21	2290	8307.91	8745.48	9100	9800	125000
2019-05-31T03:00:00.591Z	8276.87000000	0.00336936	8276.28	8276.87	30872.84637503	55000000	180000	250000	0.01	8246.81	8000	7501	6750	2333	8330	8780	9100	9800	125000
2019-05-31T03:00:58.419Z	8280.68000000	0.00222421	8279.82	8280.68	30868.53032209	55000000	180000	250000	0.01	8236.24	8000	7501	6750	2333	8307.91	8745.48	9100	9799.8	125000
2019-05-31T03:01:59.452Z	8275.00000000	0.43386849	8275.01	8275.78	30868.32624579	55000000	180000	250000	0.01	8233.05	8000	7500	6720	2380	8322	8770.31	9100	9794.99	125000
2019-05-31T03:02:59.791Z	8250.00000000	0.07270788	8250	8250.01	30874.12545816	55000000	180000	250000	0.01	8212.66	8000	7501	6750	2220.01	8294.16	8712.84	9090.24	9791.89	120000
2019-05-31T03:03:59.934Z	8258.77000000	0.02373576	8258.72	8258.75	30912.61637911	55000000	180000	250000	0.01	8202	7976	7500	6712.25	1900	8376.24	8890	9200	9950	148000
2019-05-31T03:04:59.951Z	8270.59000000	0.00664776	8267.99	8268	30928.63285750	55000000	180000	250000	0.01	8200	7900	7456	6690	1555	8302.58	8800	9111	9870.99	148000
2019-05-31T03:05:58.570Z	8252.65000000	0.01290219	8252.64	8252.65	30984.91391674	55000000	180000	250000	0.01	8200	7900	7434	6690	1655	8340	8873	9150	9900	148000
2019-05-31T03:06:54.794Z	8246.52000000	0.00579626	8240.41	8243.64	30998.94641379	55000000	180000	250000	0.01	8200	7900	7450	6690	1750	8333.6	8874.88	9150	9942.99	148000
2019-05-31T03:07:58.349Z	8229.02000000	0.00120925	8228.94	8229.02	31042.53335729	55000000	180000	250000	0.01	8199	7900	7450	6690	1650	8340	8889	9153.9	9949.99	148000
2019-05-31T03:08:57.748Z	8249.00000000	0.02971327	8248.99	8249	31064.92815788	55000000	180000	250000	0.01	8200	7990	7500	6720	2220.01	8295	8800	9100	9800	125000
2019-05-31T03:09:58.966Z	8248.19000000	0.11652955	8247.21	8248.19	31070.63969330	55000000	180000	250000	0.01	8200	8000	7500	6720	2400	8295	8800	9100	9800	125000
2019-05-31T03:10:59.762Z	8259.08000000	0.00518191	8255.14	8259.07	31076.82610838	55000000	180000	250000	0.01	8201.06	7999	7500	6720	2220.01	8300.56	8800	9100	9800	125000
2019-05-31T03:12:00.170Z	8256.90000000	0.00233479	8255.93	8259.63	31051.23734923	55000000	180000	250000	0.01	8208.53	8000	7500	6720	2430	8309.76	8789	9100	9800	125000
2019-05-31T03:12:59.716Z	8257.32000000	0.59321932	8260.91	8262.24	31047.30405156	55000000	180000	250000	0.01	8225.77	8000	7503	6750	2360	8295	8750	9100	9800	125000
2019-05-31T03:13:59.761Z	8259.99000000	0.00531887	8261.28	8264.96	31045.30118232	55000000	180000	250000	0.01	8225.1	8000	7500	6720	2410	8295	8750	9100	9800	125000
2019-05-31T03:14:58.331Z	8255.48000000	0.01679698	8253.12	8257.43	31050.12112137	55000000	180000	250000	0.01	8225.1	8000	7500	6720	2410	8295	8750	9100	9800	125000
2019-05-31T03:16:00.228Z	8261.46000000	0.00578190	8258.44	8261.48	31043.34548749	55000000	180000	250000	0.01	8208.53	8000	7500	6720	2430	8296.16	8750	9100	9800	125000
2019-05-31T03:16:57.754Z	8268.97000000	0.00602153	8268.95	8268.97	31043.53270800	55000000	180000	250000	0.01	8208.53	8000	7500	6720	2333	8300	8750	9100	9800	125000
2019-05-31T03:17:59.994Z	8274.87000000	0.00222573	8274.85	8274.86	31084.01438521	55000000	180000	250000	0.01	8237.64	8000	7500	6735.21	2290	8325	8800	9100	9800	125000
2019-05-31T03:19:00.520Z	8283.70000000	0.00617115	8283.7	8283.71	31085.14578854	55000000	180000	250000	0.01	8237.64	8000	7510.1	6751	2425	8334.81	8800	9100	9820	125000
2019-05-31T03:19:58.847Z	8285.49000000	0.02958259	8284.36	8285.49	31092.14573190	55000000	180000	250000	0.01	8237.64	8000	7510.1	6755	2500	8340	8800	9111	9869.69	148000
2019-05-31T03:20:56.942Z	8289.46000000	0.07822463	8288.34	8291.7	31091.80438061	55000000	180000	250000	0.01	8248.43	8000	7532	6770	2544	8340	8800	9100	9820	125000
2019-05-31T03:21:56.110Z	8294.59000000	0.02874141	8293.14	8294.55	31097.47549399	55000000	180000	250000	0.01	8248.43	8000	7545	6782	2590	8340	8800	9100	9820	125000
2019-05-31T03:23:01.277Z	8292.07000000	0.01153627	8290.72	8292.04	31046.84964767	55000000	180000	250000	0.01	8250.1	8000	7510	6750	2430	8334.81	8800	9100	9820	125000
2019-05-31T03:23:56.573Z	8283.45000000	0.02639031	8282.52	8285.43	31040.15370244	55000000	180000	250000	0.01	8226	8000	7500	6735.21	2390	8325	8800	9100	9820	125000
2019-05-31T03:25:01.536Z	8277.00000000	0.05919816	8276.65	8277	31028.55908989	55000000	180000	250000	0.01	8226	8000	7510.1	6755	2500	8320.93	8800	9100	9820	125000
2019-05-31T03:25:59.214Z	8273.70000000	0.01495113	8274.99	8275	31040.99298693	55000000	180000	250000	0.01	8240.73	8000	7510.1	6755	2500	8334.81	8800	9100	9814.31	125000
2019-05-31T03:26:55.272Z	8269.97000000	0.00601508	8268.81	8269.94	31044.15016879	55000000	180000	250000	0.01	8208.53	8000	7505.21	6750	2430	8325	8800	9100	9820	125000
2019-05-31T03:27:56.555Z	8263.37000000	0.03221021	8262.14	8263.39	31041.81491950	55000000	180000	250000	0.01	8215.2	8000	7505	6750	2400	8324.36	8800	9100	9820	125000
2019-05-31T03:28:59.266Z	8257.40000000	0.00302154	8253.71	8256.75	31040.97475671	55000000	180000	250000	0.01	8207.68	8000	7500	6723.31	2250	8334.81	8889	9150	9900	148000
2019-05-31T03:29:55.928Z	8241.46000000	0.01170311	8240.09	8241.01	31047.92329540	55000000	180000	250000	0.01	8200	8000	7500	6720	2500	8325	8889	9150	9937.99	148000
2019-05-31T03:30:58.274Z	8249.89000000	0.26343501	8249.93	8252.36	31067.80562112	55000000	180000	250000	0.01	8200	8000	7500	6726	2290	8307.65	8888.28	9165	9950	148000
2019-05-31T03:32:00.550Z	8244.06000000	0.03568777	8244.06	8245	31094.17996687	55000000	180000	250000	0.01	8211.24	8000	7510.1	6760.05	2500	8300	8780	9100	9800	125000
2019-05-31T03:33:00.872Z	8245.00000000	0.00256000	8244.99	8245	31095.90536451	55000000	180000	250000	0.01	8214	8002	7550	6790	2750	8300	8770	9100	9800	125000
2019-05-31T03:33:59.110Z	8234.09000000	0.00688425	8232.91	8234.09	31102.99598237	55000000	180000	250000	0.01	8200	8000	7500	6720	2500	8307.65	8889	9150	9937.99	148000
2019-05-31T03:35:00.124Z	8244.05000000	0.02378039	8242.16	8244.02	31097.65156562	55000000	180000	250000	0.01	8210.77	8009.59	7550	6790	2750	8334.81	8899	9200	9950	148000
2019-05-31T03:36:00.910Z	8227.56000000	0.09907842	8223.57	8226.64	30819.29670649	55000000	180000	250000	0.01	8185.27	8000	7500	6720	2500	8340	8900	9200	9956.99	148000
2019-05-31T03:37:00.158Z	8224.52000000	0.00580369	8221.67	8223.68	30812.10718211	55000000	180000	250000	0.01	8185.62	8000	7500	6720	2544	8334.81	8899	9200	9950	148000
2019-05-31T03:37:58.810Z	8227.56000000	0.06387631	8226.88	8227.55	30809.60878289	55000000	180000	250000	0.01	8188.9	8000	7500	6720	2400	8333.11	8889	9186.88	9950	148000
2019-05-31T03:38:59.935Z	8243.79000000	0.05947557	8243.42	8243.79	30812.37717764	55000000	180000	250000	0.01	8202.77	8000	7500	6720	2544	8334.81	8899	9200	9956.99	148000
2019-05-31T03:40:00.111Z	8250.05000000	0.03632290	8250.1	8251.48	30815.05628389	55000000	180000	250000	0.01	8209.6	8000	7510	6750	2500	8334.81	8899	9200	9956.99	148000
2019-05-31T03:40:59.440Z	8263.03000000	0.06600000	8259.52	8260.26	30784.89713126	55000000	180000	250000	0.01	8211.22	8000	7500	6720	2500	8303.95	8800	9100	9810.99	125000
2019-05-31T03:42:00.725Z	8263.10000000	0.00273991	8261.85	8263.1	30777.62536351	55000000	180000	250000	0.01	8211.22	8000	7500	6735.21	2400	8303.95	8800	9100	9818.99	125000
2019-05-31T03:42:54.537Z	8258.82000000	0.00124700	8253	8253.08	30757.91419519	55000000	180000	250000	0.01	8201	8000	7500	6720	2544	8286.38	8780	9100	9800	125000
2019-05-31T03:44:01.447Z	8252.28000000	0.00725000	8252.27	8252.28	30754.09017478	55000000	180000	250000	0.01	8208.53	8000	7500	6726	2360	8303.95	8800	9100	9800	125000
2019-05-31T03:44:59.501Z	8252.88000000	0.02373297	8251.95	8252.88	30756.97154381	55000000	180000	250000	0.01	8208.36	8000	7500	6720	2560	8286.38	8767.92	9100	9799.99	125000
2019-05-31T03:46:01.173Z	8245.40000000	0.00302594	8244.62	8245.4	30758.39753719	55000000	180000	250000	0.01	8209.65	8000.11	7550	6785	2750	8277.51	8780	9100	9791.89	123456.78
2019-05-31T03:47:00.675Z	8250.29000000	0.00302414	8250.28	8250.29	30760.65940018	55000000	180000	250000	0.01	8215.2	8000	7528	6782	2750	8287.2	8800	9100	9820	125000
2019-05-31T03:48:01.271Z	8260.56000000	0.01147824	8260.12	8260.56	30753.52510847	55000000	180000	250000	0.01	8218.74	8000	7524	6777.77	2688	8303.95	8800	9100	9800	125000
2019-05-31T03:49:01.195Z	8266.03000000	0.10860779	8263.06	8266.04	30735.36815273	55000000	180000	250000	0.01	8232.49	8000	7543	6787.43	2750	8306.26	8800	9100	9800	125000
2019-05-31T03:49:58.216Z	8274.99000000	0.05000000	8274.99	8275	30739.22443471	55000000	180000	250000	0.01	8228.36	8000	7500	6735.21	2544	8330	8800	9102.48	9850	125000
2019-05-31T03:51:00.955Z	8272.48000000	0.13702815	8272.48	8272.96	30759.39740332	55000000	180000	250000	0.01	8220	8000	7500	6735.21	2550	8325	8800	9105	9850	125000
2019-05-31T03:51:58.979Z	8269.78000000	0.00241361	8269.48	8269.78	30732.64815163	55000000	180000	250000	0.01	8231.63	8000	7543.37	6790	2920	8330	8800	9100	9822.99	125000
2019-05-31T03:52:54.955Z	8272.58000000	0.03617394	8269.71	8272.49	30719.77154227	55000000	180000	250000	0.01	8220	8000	7500	6750	2550	8314	8800	9100	9800	125000
2019-05-31T03:54:00.746Z	8276.33000000	0.00652445	8275.54	8276.31	30703.59236902	55000000	180000	250000	0.01	8220	8000	7500	6735.21	2500	8325	8800	9100	9800	125000
2019-05-31T03:55:01.776Z	8278.33000000	0.00196355	8278.33	8279.98	30700.91082344	55000000	180000	250000	0.01	8220	8000	7500	6750	2550	8330	8800	9100	9800	125000
2019-05-31T03:56:00.326Z	8277.62000000	0.02312437	8275.81	8277.63	30698.38486244	55000000	180000	250000	0.01	8220	8000	7500	6750	2550	8325	8800	9110	9849.99	125000
2019-05-31T03:56:58.346Z	8281.08000000	0.02959073	8278.42	8281	30691.87585164	55000000	180000	250000	0.01	8233.47	8000	7500	6726	2430	8325.43	8800	9100	9800	125000
2019-05-31T03:58:00.532Z	8281.50000000	0.27347059	8277.99	8281.53	30693.62606973	55000000	180000	250000	0.01	8235	8000	7550	6790	2970	8330	8800	9100	9800	125000
2019-05-31T03:58:59.100Z	8273.50000000	0.00200000	8269.93	8274.38	30691.28419349	55000000	180000	250000	0.01	8221.36	8000	7500	6750	2500	8314.54	8800	9100	9800	125000
2019-05-31T03:59:59.487Z	8271.94000000	0.02312711	8270.03	8271.94	30686.43003554	55000000	180000	250000	0.01	8220	8000	7500	6750	2500	8302.2	8775	9100	9800	125000
2019-05-31T04:01:00.716Z	8279.70000000	0.01339565	8279.7	8279.99	30687.50600764	55000000	180000	250000	0.01	8233.36	8000	7500.1	6750	2544	8331.63	8800	9100	9800	125000
2019-05-31T04:01:55.919Z	8279.39000000	0.00576989	8279.38	8279.39	30700.68419477	55000000	180000	250000	0.01	8233.72	8000	7501	6753.31	2580	8331.63	8800	9100	9800	125000
2019-05-31T04:02:58.400Z	8280.00000000	0.01155575	8279.75	8280	30701.68317848	55000000	180000	250000	0.01	8233.72	8000	7501	6777.77	2700	8330	8800	9100	9800	125000
2019-05-31T04:04:01.421Z	8283.31000000	0.01613586	8283.31	8283.32	30710.47651753	55000000	180000	250000	0.01	8233.72	8000	7501	6751	2577	8325	8800	9100	9800	125000
2019-05-31T04:04:59.228Z	8283.15000000	0.00798552	8282.88	8283.05	30669.72530858	55000000	180000	250000	0.01	8233.72	8000	7550	6790	2930	8330	8800	9100	9800	125000
2019-05-31T04:05:59.445Z	8278.64000000	0.00799021	8278.63	8278.64	30659.73146827	55000000	180000	250000	0.01	8233.66	8000	7532	6790	2900	8308	8755.68	9100	9797	125000
2019-05-31T04:07:00.209Z	8270.22000000	0.37978184	8270.56	8273.36	30658.91131811	55000000	180000	250000	0.01	8233.66	8000	7550	6790	2950.01	8307.65	8789	9100	9800	125000
2019-05-31T04:08:00.486Z	8258.91000000	0.15825191	8258.92	8260.75	30647.86671597	55000000	180000	250000	0.01	8218.49	7999	7500	6725	2360	8283.25	8750	9100	9800	125000
2019-05-31T04:08:57.692Z	8255.03000000	0.00192979	8254.47	8255.03	30649.49191994	55000000	180000	250000	0.01	8219.7	8000	7550	6790	2950.01	8288.81	8785	9100	9800	125000
2019-05-31T04:10:00.800Z	8253.74000000	0.00146526	8253.73	8253.74	30652.50059701	55000000	180000	250000	0.01	8214	8000	7500	6750	2500	8305	8800	9100	9800	125000
2019-05-31T04:10:58.983Z	8253.74000000	0.35635406	8253.73	8253.74	30649.68455772	55000000	180000	250000	0.01	8215.2	8000	7501	6770	2630	8307.65	8800	9100	9840	125000
2019-05-31T04:12:00.599Z	8249.33000000	0.01159271	8249.32	8249.33	30649.66769023	55000000	180000	250000	0.01	8211.53	8000	7550	6790	2930	8276.05	8732	9090	9800	125000
2019-05-31T04:12:59.186Z	8243.45000000	0.00446375	8243.44	8243.45	30647.45969767	55000000	180000	250000	0.01	8209.48	8000	7550	6800	2930	8286.5	8750	9100	9800	125000
2019-05-31T04:13:58.779Z	8243.00000000	0.03568483	8242.99	8243	30636.07730423	55000000	180000	250000	0.01	8207.3	8000	7543.37	6790	2929	8288.67	8780	9100	9800	125000
2019-05-31T04:14:59.447Z	8250.11000000	0.00644581	8249.75	8250.01	30627.66713611	55000000	180000	250000	0.01	8209.48	8000	7550	6800	2940	8287.31	8800	9100	9800	125000
2019-05-31T04:15:59.624Z	8252.94000000	0.04751515	8252.93	8252.94	30630.37735917	55000000	180000	250000	0.01	8209.48	8000	7550	6800	2955	8286.5	8750	9100	9800	125000
2019-05-31T04:16:59.131Z	8244.19000000	0.66575684	8244.4	8246.2	30631.58622316	55000000	180000	250000	0.01	8207.3	8000	7550	6800	2900	8286.38	8780.16	9100	9800	125000
2019-05-31T04:17:59.752Z	8242.55000000	0.01713806	8242.54	8242.55	30630.38256538	55000000	180000	250000	0.01	8207.3	8000	7550	6800	2940	8275.65	8750	9100	9800	125000
2019-05-31T04:19:00.374Z	8230.27000000	0.03700140	8230.07	8230.28	30614.33683393	55000000	180000	250000	0.01	8200	8000	7501	6762.11	2550	8263.02	8750	9099.4	9800	125000
2019-05-31T04:20:00.558Z	8261.53000000	0.02058394	8257.45	8261.53	30627.56143629	55000000	180000	250000	0.01	8214	8000	7501	6777.77	2585	8286.38	8750	9099.4	9800	125000
2019-05-31T04:20:58.197Z	8256.46000000	0.00578730	8255.48	8256.15	30669.09832420	55000000	180000	250000	0.01	8210.5	8000	7503.68	6781.41	2660	8305	8799.99	9100	9800	125000
2019-05-31T04:21:59.731Z	8245.42000000	0.00163071	8241.77	8245.4	30666.34355426	55000000	180000	250000	0.01	8207.68	8000	7550	6800	2930	8286.49	8768	9100	9800	125000
2019-05-31T04:22:58.382Z	8250.43000000	0.00518735	8248.6	8250.63	30668.97819786	55000000	180000	250000	0.01	8208.79	8000	7550	6800	2951	8288.62	8800	9100	9800	125000
2019-05-31T04:23:58.764Z	8255.05000000	0.03013915	8254.37	8255.05	30666.65164776	55000000	180000	250000	0.01	8215.2	8000	7550	6800	2950.01	8305	8800	9100	9850	125000
2019-05-31T04:25:01.150Z	8248.54000000	0.05802790	8245.85	8250.47	30661.27050323	55000000	180000	250000	0.01	8204	8000	7500	6750	2500	8288.67	8789.32	9100	9800	125000
2019-05-31T04:26:00.422Z	8249.83000000	0.01101783	8245.72	8249.48	30666.63654383	55000000	180000	250000	0.01	8210.62	8000	7550	6800	2930	8276.39	8750	9099.99	9800	125000
2019-05-31T04:27:01.911Z	8247.00000000	0.00363042	8246.99	8247	30657.59781004	55000000	180000	250000	0.01	8208.79	8000	7550	6800	2955	8282.25	8780	9100	9800	125000
2019-05-31T04:28:01.216Z	8244.96000000	0.00482802	8243.27	8244.96	30650.90265572	55000000	180000	250000	0.01	8204	8000	7501	6782	2700	8287.31	8789.32	9100	9800	125000
2019-05-31T04:29:00.381Z	8232.77000000	0.00301911	8231.9	8232.77	30649.20268717	55000000	180000	250000	0.01	8196.01	8000	7501	6780	2608	8262.36	8750	9100	9800	125000
2019-05-31T04:30:00.724Z	8229.38000000	0.00100000	8229.38	8230.72	30648.77684855	55000000	180000	250000	0.01	8196.01	8000	7501	6782	2700	8278.59	8780	9100	9800	125000
2019-05-31T04:31:00.166Z	8224.93000000	0.00483880	8224.83	8224.84	30642.94552827	55000000	180000	250000	0.01	8195.76	8000	7500	6750	2500	8259.87	8750	9100	9800	125000
2019-05-31T04:31:58.630Z	8222.15000000	2.86599998	8224.34	8225	30619.86831091	55000000	180000	250000	0.01	8192.32	8000	7501	6780	2636	8261.01	8775	9100	9800	125000
2019-05-31T04:33:00.530Z	8200.00000000	1.27386058	8200.27	8200.28	30633.77315540	55000000	180000	250000	0.01	8168.9	7989.75	7500	6735.21	2400	8251	8750	9100	9800	125000
2019-05-31T04:33:59.726Z	8203.61000000	0.02021354	8203.31	8203.47	30774.29081768	55000000	180000	250000	0.01	8163.42	8000	7501	6782	2750	8251	8800	9100	9850	125000
2019-05-31T04:34:56.753Z	8196.88000000	0.00224975	8195.68	8196.88	30801.38967998	55000000	180000	250000	0.01	8154.06	8000	7505	6782	2750	8240.37	8780	9100	9800	125000
2019-05-31T04:36:01.423Z	8208.39000000	0.02332506	8206.42	8208.39	30820.73514208	55000000	180000	250000	0.01	8163.42	7980	7500	6735.21	2430	8253.3	8800	9100	9850	125000
2019-05-31T04:36:58.758Z	8208.49000000	0.00163764	8205.7	8208.4	30843.04039352	55000000	180000	250000	0.01	8168.56	8000	7500	6752.64	2550	8237.94	8750	9097	9800	125000
2019-05-31T04:38:01.144Z	8203.02000000	0.02040519	8201	8203.01	30836.12292946	55000000	180000	250000	0.01	8166.19	7990	7500	6750	2430	8236.73	8750	9100	9800	125000
2019-05-31T04:38:55.261Z	8192.09000000	0.29331397	8187.65	8189.91	30843.00390544	55000000	180000	250000	0.01	8154.06	8000	7501	6789	2750	8240.37	8780	9100	9800	125000
2019-05-31T04:40:01.942Z	8160.32000000	0.08369837	8156.72	8160.33	30854.10301660	55000000	180000	250000	0.01	8134	7900	7473.28	6705	2000	8211.17	8750	9099.99	9800	125000
2019-05-31T04:40:57.307Z	8180.04000000	0.00225113	8179.84	8179.97	30931.36947619	55000000	180000	250000	0.01	8141.18	7950	7500	6720	2540	8211.52	8750	9099	9800	125000
2019-05-31T04:41:58.419Z	8191.31000000	0.00462040	8188.58	8191.13	30970.82901814	55000000	180000	250000	0.01	8142	7970.36	7500	6735.21	2480	8237.16	8780	9100	9800	125000
2019-05-31T04:43:01.689Z	8206.14000000	0.12929496	8206.12	8209.66	30973.78211450	55000000	180000	250000	0.01	8168.3	8000	7501	6779	2680	8251.35	8780.16	9100	9800	125000
2019-05-31T04:43:56.733Z	8218.47000000	0.02975926	8213.29	8217.48	30977.50769995	55000000	180000	250000	0.01	8177.73	8000	7500	6770	2600	8258.37	8780	9100	9800	125000
2019-05-31T04:44:59.533Z	8215.86000000	0.00331023	8215.89	8216.83	30981.73954928	55000000	180000	250000	0.01	8177.73	8000	7500	6770	2600	8259	8800	9100	9800	125000
2019-05-31T04:46:00.767Z	8218.93000000	0.03911684	8218.93	8218.94	30988.38053824	55000000	180000	250000	0.01	8168.31	7990	7500	6750	2500	8251.87	8750	9100	9800	125000
2019-05-31T04:46:52.783Z	8209.61000000	0.04074673	8208.93	8211.56	30992.10260679	55000000	180000	250000	0.01	8168.19	7990	7500	6750	2550	8237.16	8750	9100	9800	125000
2019-05-31T04:47:59.531Z	8199.17000000	0.09748670	8200	8200.47	30996.29364060	55000000	180000	250000	0.01	8155.5	7990	7500	6750	2550	8251.35	8785	9100	9800	125000
2019-05-31T04:48:59.601Z	8195.64000000	0.00582750	8194.09	8197.39	30993.52256151	55000000	180000	250000	0.01	8141.67	7980	7500	6749.99	2500	8228.23	8780	9100	9800	125000
2019-05-31T04:50:01.595Z	8199.96000000	0.00157777	8199.36	8199.96	30995.85594107	55000000	180000	250000	0.01	8155.91	8000	7500	6750	2585	8237.16	8786.28	9100	9800	125000
2019-05-31T04:51:02.393Z	8193.31000000	0.14361559	8191.81	8192.57	31006.69682504	55000000	180000	250000	0.01	8141.67	7972.43	7500	6738.37	2500	8220.36	8750	9100	9800	125000
2019-05-31T04:51:56.638Z	8163.87000000	0.12155822	8163.99	8164	31007.90072490	55000000	180000	250000	0.01	8120	7950	7500	6720	2651.52	8210	8779.37	9100	9800	125000
