2019-06-10T18:11:46.954Z	7927.37000000	0.00414411	7925.67	7927.37	10545.45745975	61138089.20822632	191607.88372473084	20000	0.01	7898.03	7500	7210	6801.5	4469.2	7950	8136.16	8450	8805.99	10300
2019-06-10T18:12:48.909Z	7930.65000000	0.08746300	7927.77	7931.08	10545.45745975	61496555.45313205	191654.28278521085	20000	0.01	7907.57	7500	7215	6832	4500	7961.84	8192.67	8470	8828.83	10397
2019-06-10T18:13:45.216Z	7932.00000000	0.00307464	7930.61	7932	10545.92286482	61245965.07570821	191622.6455436008	20000	0.01	7905.47	7500	7214	6825	4487	7958.51	8175.3	8460	8889.5	10481.62
2019-06-10T18:14:47.577Z	7933.27000000	0.00359112	7933.97	7934.68	10544.82907082	61199722.66996858	191616.76825697083	20000	0.01	7900	7500	7210	6803.04	4469.2	7967	8176	8450	8807.7	10300.53
2019-06-10T18:15:47.152Z	7934.81000000	0.15000000	7934.81	7934.85	10544.82907082	61207521.51515714	191617.52598323082	20000	0.01	7901.34	7500	7210	6812	4487	7967	8176	8450	8807.7	10300.53
2019-06-10T18:16:32.327Z	7944.21000000	0.01263982	7944.21	7946	10539.43930847	61223938.065804906	191619.25973169084	20000	0.01	7918.22	7500	7215	6830	4489.88	7980.07	8190	8470	8830	10397
2019-06-10T18:17:48.599Z	7947.34000000	0.04765531	7947.34	7949.85	10539.43930847	61187892.54657827	191615.6774095708	20000	0.01	7918.1	7500	7214	6822.22	4487	7981.08	8195	8470	8830	10400
2019-06-10T18:18:46.536Z	7944.21000000	0.03403312	7941.14	7943.51	10544.30434760	61148232.77030647	191611.0112562408	20000	0.01	7904.1	7500	7210	6813	4487	7968.54	8192.67	8470	8828.83	10397
2019-06-10T18:19:46.170Z	7945.27000000	0.09361181	7945.26	7945.27	10553.52166915	61296285.229298666	191629.5283928108	20000	0.01	7918.12	7500	7214	6822.22	4489.88	7968.54	8176	8450	8889.5	10481.62
2019-06-10T18:20:48.815Z	7953.95000000	0.00600895	7952.64	7953.95	10553.52166915	61071734.35461655	191600.72156786083	20000	0.01	7919.48	7500	7210	6812.32	4487	7989.34	8200	8470	8875	10481.62
2019-06-10T18:21:46.956Z	7955.70000000	0.12232137	7956.14	7956.5	10566.93743823	61517990.65034292	191656.91367775082	21000	0.01	7926.73	7500	7218	6832	4500	7994.89	8199	8470	8875	10481.62
2019-06-10T18:22:45.140Z	7950.61000000	0.00650905	7950.09	7950.42	10566.93743823	61110495.06508216	191605.56965597082	20000	0.01	7919.6	7500	7210	6812.1	4487	7991.85	8195	8470	8830	10481.62
2019-06-10T18:23:40.189Z	7950.51000000	0.00488212	7949.68	7950.49	10569.89887660	61184716.0285922	191615.15120692083	20000	0.01	7919.61	7500	7214	6822.22	4487	7991.85	8199	8470	8875	10481.62
2019-06-10T18:24:46.435Z	7947.39000000	0.00400767	7945.5	7947.37	10555.20296330	61102809.95721521	191605.10616264082	20000	0.01	7917.2	7500	7210	6812	4487	7991.85	8195	8470	8830	10397
2019-06-10T18:25:46.491Z	7944.07000000	0.01214943	7944.06	7944.07	10555.20296330	61193340.503163286	191616.6044732208	20000	0.01	7918.32	7500	7215	6822.22	4487	7980.07	8195	8470	8830	10481.62
2019-06-10T18:26:44.907Z	7940.57000000	0.05650489	7941.4	7942.32	10553.12477479	61171135.820079714	191613.8205378008	20000	0.01	7918.54	7500	7214	6822.22	4493.22	7970.25	8192.67	8470	8828.83	10397
2019-06-10T18:27:48.700Z	7946.54000000	0.00119923	7943.11	7946.54	10553.12477479	61332286.05845569	191633.83195488082	20001	0.01	7920.26	7500	7218	6832	4500	7991.85	8195	8470	8828.83	10397
2019-06-10T18:28:47.334Z	7949.63000000	0.05168147	7947	7949.85	10544.64334840	61158306.85068768	191611.84089947082	20000	0.01	7917.3	7500	7213.52	6821	4487	7989.34	8195	8470	8840.86	10481.62
2019-06-10T18:29:47.607Z	7948.69000000	0.01001323	7947.88	7948.69	10543.08059960	61193774.580602944	191616.4236017208	20000	0.01	7918.28	7500	7214	6822.22	4487	7991.85	8195	8470	8828.83	10397
2019-06-10T18:30:44.959Z	7950.00000000	0.05753338	7949.45	7950	10543.08059960	61269454.016801044	191624.47014356081	20000	0.01	7920.01	7500	7218	6830	4500	7983.91	8192.67	8470	8828.83	10397
2019-06-10T18:31:49.212Z	7952.87000000	0.01812487	7952.89	7956.19	10542.97019567	61267782.86329168	191624.34645257084	20000	0.01	7920.6	7500	7214	6820	4487	7991.85	8192.67	8470	8829.49	10400
2019-06-10T18:32:48.580Z	7953.68000000	0.01334782	7954.5	7955.82	10542.97019567	61336966.17283604	191633.11273610083	20000	0.01	7920.6	7500	7215	6822.22	4493.22	7992.28	8195	8470	8828.83	10397
2019-06-10T18:33:48.949Z	7963.88000000	0.04325369	7963.88	7963.89	10533.60568144	61331694.004825614	191632.7215015208	20000	0.01	7925.76	7500	7213	6812.32	4487	7994.89	8195	8470	8830	10481.62
2019-06-10T18:34:47.380Z	7965.47000000	0.00912597	7964.67	7965.3	10545.39732039	61381365.4607101	191640.97760702082	20029.8	0.01	7924.38	7500	7213.33	6812.32	4487	7996	8195	8470	8840.86	10481.62
2019-06-10T18:35:47.832Z	7964.67000000	0.09580217	7964.67	7964.68	10545.39732039	61382192.25332048	191642.14719083082	20029.8	0.01	7923.13	7500	7213	6813.66	4487	7994.89	8195	8470	8830	10397
2019-06-10T18:36:49.119Z	7960.03000000	0.04644014	7960.03	7960.04	10544.96955774	61368336.20324627	191640.0491569908	20000	0.01	7923.13	7500	7213	6813	4487	7994.39	8176	8450.86	8889.5	10481.62
2019-06-10T18:37:47.791Z	7953.92000000	0.02405621	7953.68	7953.93	10544.96955774	61256379.87762416	191625.6531298208	20000	0.01	7920.6	7500	7213	6813	4487	7994.39	8195	8470	8828.83	10397
2019-06-10T18:38:39.597Z	7955.85000000	0.04605896	7954.2	7957.3	10543.99347274	61336910.629683524	191636.07287245084	20000	0.01	7920.6	7500	7215	6821	4487	7994.39	8195	8470	8828.83	10397
2019-06-10T18:39:48.880Z	7959.50000000	0.00125008	7959.49	7959.5	10515.25711829	61441187.733999	191649.02447047082	20029.8	0.01	7920.6	7500	7218	6830	4500	7994.89	8195	8470	8828.83	10397
2019-06-10T18:40:38.517Z	7953.67000000	0.11237523	7953.67	7954.29	10515.25711829	61417951.67199889	191646.43629571082	20000	0.01	7920.19	7500	7218	6830	4500	7989.34	8195	8470	8828.83	10397
2019-06-10T18:41:48.605Z	7959.21000000	0.03786208	7959.28	7960.5	10515.60836883	61787620.394962184	191692.85476446082	21000	0.01	7937.18	7505.03	7230	6850	4501.01	7994.39	8190.84	8470	8830	10481.62
2019-06-10T18:42:42.852Z	7955.05000000	0.01242312	7955	7955.01	10515.60836883	61372663.92605617	191640.72368525082	20000	0.01	7922.79	7500	7218	6825	4493.22	7984.9	8176	8450	8889	10481.62
2019-06-10T18:43:46.520Z	7958.47000000	0.00350193	7958	7958.45	10519.05333717	61540304.53986786	191661.9556179108	20000	0.01	7925.84	7500	7215	6822.22	4489.88	7985.34	8192.67	8470	8825	10397
2019-06-10T18:44:28.397Z	7950.01000000	0.00563315	7950	7950.01	10522.36426405	61483921.55827651	191654.77607321084	20000	0.01	7921.02	7500	7221	6832	4500	7984.9	8175.3	8450	8830	10481.62
2019-06-10T18:45:48.510Z	7950.04000000	0.03008942	7947.26	7950.04	10522.36426405	61488156.995641075	191655.34105586083	20000	0.01	7921.03	7501	7225	6836.47	4500	7984.9	8176	8450	8803.5	10149.94
2019-06-10T18:46:44.455Z	7956.67000000	0.01982237	7952.92	7954.4	10514.70391474	61521157.19075277	191659.81244187083	20000	0.01	7921.03	7501	7227	6850	4500	7991.85	8195	8470	8825	10397
2019-06-10T18:47:47.487Z	7948.84000000	0.18692145	7950	7952.86	10514.70391474	61712585.07854282	191683.9685974708	20000	0.01	7921.03	7515.82	7245	6850	4556.76	7984.9	8170.2	8450	8828.83	10397
2019-06-10T18:48:46.516Z	7946.44000000	0.00181683	7944.66	7946.44	10525.22201634	61483970.617945	191655.6838101908	20000	0.01	7918.28	7500	7218	6832	4500	7984.9	8175.3	8450	8827.86	10397
2019-06-10T18:49:48.686Z	7948.74000000	0.00738684	7946.88	7948.72	10525.49318891	61478459.09423339	191654.97500046084	20000	0.01	7918.52	7500	7218	6832	4500	7984.9	8176	8450	8803.5	10149.94
2019-06-10T18:50:48.196Z	7951.52000000	0.01804716	7949.02	7950.47	10525.49318891	61476462.19174006	191654.78317928084	20000	0.01	7921.4	7500	7218	6832	4500	7984.9	8170.2	8450	8827.86	10397
2019-06-10T18:51:47.295Z	7946.28000000	0.01391350	7946.29	7949.11	10527.82564314	61705208.535162844	191683.9941668608	20000	0.01	7921.4	7509	7233	6850	4510	7991.85	8195	8450	8828.1	10397
2019-06-10T18:52:49.165Z	7948.97000000	0.00326608	7948.42	7948.9	10527.82564314	61521844.026076294	191661.12478081082	20000	0.01	7918.28	7500	7218	6832	4500	7984.9	8156.74	8450	8801.5	10149.94
2019-06-10T18:53:47.690Z	7948.43000000	0.00112787	7948.42	7948.43	10525.51081573	61507236.61818103	191658.59001656083	20000	0.01	7917.51	7500	7221	6830	4500	7984.9	8156.74	8450	8801.5	10149.94
2019-06-10T18:54:48.550Z	7947.14000000	0.00231746	7945.16	7947.13	10518.59819498	61583069.40374116	191668.8839674208	20000	0.01	7918	7500	7222	6833	4500	7984.9	8160	8450	8801.5	10149.94
2019-06-10T18:55:47.390Z	7935.00000000	0.00294808	7934.99	7935	10518.59819498	61485868.1190919	191657.0272312108	20000	0.01	7902.79	7500	7217	6826	4500	7972	8156.74	8450	8801.5	10149.94
2019-06-10T18:56:46.945Z	7937.19000000	0.04424219	7937.37	7937.97	10528.38097359	61658486.93056053	191678.7622875908	20000	0.01	7915.68	7500.01	7223	6844.88	4500	7972	8170.2	8450	8802.69	10149.94
2019-06-10T18:57:48.995Z	7945.95000000	0.05954008	7944.78	7945.93	10528.38097359	62006065.54402561	191723.05146074083	20000	0.01	7915	7515.82	7250	6852.79	4556.76	7972.06	8160	8450	8801.5	10149.94
2019-06-10T18:58:45.920Z	7945.97000000	0.11731613	7945.94	7946.29	10530.58089240	62158621.41612131	191723.0661986808	20000	0.01	7915.39	7551	7250	6860	4600	7972.06	8148.56	8450	8800.5	10149.94
2019-06-10T18:59:49.733Z	7952.95000000	0.00901701	7952.94	7952.95	10525.88610055	62357298.84193165	191747.75120525082	21000	0.01	7928.77	7575.5	7250	6879.26	4780	7991.85	8195	8450	8827	10397
2019-06-10T19:00:49.173Z	7952.95000000	0.00654221	7952.94	7952.95	10525.88610055	62135250.0927801	191719.76962444084	20000	0.01	7922.83	7540.75	7250	6852.79	4556.76	7975	8164.2	8450	8802.27	10149.94
2019-06-10T19:01:48.756Z	7954.14000000	0.00796906	7954.27	7956.37	10524.10336364	62152431.331904516	191721.84195671082	20000	0.01	7924.19	7550	7250	6858.7	4600	7984.9	8160	8450	8801.5	10149.94
2019-06-10T19:02:39.554Z	7952.43000000	0.00648916	7952.14	7954.06	10524.10336364	62149242.63329073	191718.13172952083	20000	0.01	7924.19	7551	7250	6860	4600	7984.9	8176	8450	8801.5	10149.94
2019-06-10T19:03:47.906Z	7953.68000000	0.00112707	7953.68	7953.69	10523.42110700	61969946.92333479	191695.59903359084	20000	0.01	7920.01	7550	7250	6855	4570	7984.9	8156.74	8450	8801.5	10149.94
2019-06-10T19:04:48.381Z	7948.06000000	0.03612060	7945.9	7947.67	10515.68600986	62037411.05499242	191704.6264673708	20000	0.01	7918.26	7530.99	7250	6852.79	4556.76	7984.17	8176	8450	8802.69	10149.94
2019-06-10T19:05:49.770Z	7947.80000000	0.00288077	7945.46	7947.89	10515.68600986	61999148.24744007	191699.7675028408	20000	0.01	7915.23	7550	7250	6857.47	4600	7975	8176	8450	8801.5	10149.94
2019-06-10T19:06:47.972Z	7950.98000000	0.01000000	7949.57	7950.84	10523.83198321	62175097.18542856	191722.4984923808	20000	0.01	7921	7575.5	7250	6879.26	4750	7984.9	8156.74	8450	8801.5	10149.94
2019-06-10T19:07:45.475Z	7945.25000000	0.04504208	7943.67	7944.79	10523.83198321	61919742.82053818	191689.22751189084	20000	0.01	7915.23	7543.21	7250	6855	4556.76	7975	8192.67	8450	8827.86	10397
2019-06-10T19:08:45.926Z	7943.97000000	0.00244408	7942.71	7943.97	10530.98560254	62040474.11453474	191707.35544589083	20000	0.01	7915.73	7520	7247.55	6852.2	4567.89	7974.75	8165	8450	8801.5	10149.94
2019-06-10T19:09:48.369Z	7944.69000000	0.07843802	7944.76	7947	10525.75372067	62318660.73486978	191743.28774095085	20029.8	0.01	7921	7583.48	7250	6876	4680	7974.75	8176	8450	8801.5	10149.94
2019-06-10T19:10:46.413Z	7942.68000000	0.01144080	7942.72	7944.96	10525.75372067	62258701.238790914	191734.9670627608	20000	0.01	7921	7575.5	7250	6879.26	4800	7972.77	8151.92	8450	8801.5	10149.94
2019-06-10T19:11:47.302Z	7944.90000000	0.00636331	7943.07	7945.97	10498.25439119	62040595.232696325	191707.38480304086	20000	0.01	7920	7515.82	7250	6851	4556.76	7968.54	8150.07	8450	8801.5	10149.94
2019-06-10T19:12:48.130Z	7952.66000000	0.03082044	7952.65	7952.66	10498.25439119	61991951.16489853	191701.00591565084	20000	0.01	7921	7550	7250	6853.39	4600	7984.9	8175.3	8450	8802.69	10149.94
2019-06-10T19:13:45.702Z	7964.87000000	0.00175331	7965.21	7967.85	10487.61254836	62239382.160699256	191731.7799162408	20110	0.01	7932.32	7550	7250	6857.47	4600	7994.39	8192.67	8450	8803.5	10149.94
2019-06-10T19:14:33.333Z	7964.89000000	0.00201490	7962.11	7964.89	10500.06512581	62303654.661027364	191739.87532605082	20705	0.01	7928.77	7569	7250	6862.59	4669.4	7994.89	8195	8450	8803.3	10149.94
2019-06-10T19:15:43.401Z	7965.63000000	0.88674000	7964.89	7964.9	10500.06512581	62244536.06625626	191732.47427807082	20029.8	0.01	7928.77	7551	7250	6860	4600.01	7994.39	8176	8450	8802.69	10149.94
2019-06-10T19:16:46.303Z	7961.42000000	0.03078591	7960.79	7961.37	10481.59812651	62208444.92736047	191728.8101521808	20000	0.01	7928.77	7550	7250	6856.64	4600	7994.39	8176	8450	8802.27	10149.94
2019-06-10T19:17:49.391Z	7963.83000000	0.00483907	7962.99	7963.83	10481.59812651	62282503.19424671	191738.02861922086	20000	0.01	7929.69	7550	7250	6853.23	4600	7994.39	8175.3	8450	8802.69	10149.94
2019-06-10T19:18:47.869Z	7962.24000000	0.13038693	7962.24	7963.44	10479.07413410	62289802.989094086	191739.08715230084	20000	0.01	7928.77	7552	7250	6860	4633	7989.63	8176	8450	8801.5	10149.94
2019-06-10T19:19:48.869Z	7962.98000000	0.00504849	7962.99	7963.58	10475.41128245	62271250.016979	191736.74967816085	20029.8	0.01	7928.77	7551	7250	6860	4600	7994.39	8176	8450	8801.5	10149.94
2019-06-10T19:20:48.785Z	7963.62000000	0.00787281	7963.08	7963.6	10475.41128245	62305409.98020607	191741.15302799083	20000	0.01	7932.32	7550	7250	6855	4600	7994	8192.67	8450	8803.3	10149.94
2019-06-10T19:21:47.529Z	7962.89000000	0.03808464	7960.92	7962.88	10473.63260048	62334893.85699197	191744.92722142083	20100	0.01	7939.25	7552	7250	6860	4633	7994.39	8176	8450	8801.5	10149.94
2019-06-10T19:22:47.136Z	7962.81000000	0.00124959	7962.05	7962.81	10473.63260048	62330668.63267853	191744.49013332083	20000	0.01	7939.37	7561.7	7250	6862.59	4680	7991.85	8182.93	8450	8827	10397
2019-06-10T19:23:47.479Z	7963.83000000	0.01260167	7961.4	7962.16	10471.11807772	62257408.178858235	191735.29571231085	20029.8	0.01	7926.12	7550	7250	6855	4600	7990	8192.67	8450	8827.5	10397
2019-06-10T19:24:46.846Z	7957.86000000	0.00293960	7956.13	7957.82	10459.56588975	62141104.056800775	191720.7623489008	20000	0.01	7924.4	7551	7250	6860	4640	7985.04	8176	8450	8801.5	10149.94
2019-06-10T19:25:49.218Z	7953.85000000	0.00900844	7952.78	7953.85	10459.56588975	62093273.66137025	191715.58174957082	20000	0.01	7920.72	7550	7250	6855	4600	7985	8176	8450	8802.27	10149.94
2019-06-10T19:26:47.402Z	7957.61000000	0.00151588	7957.61	7957.62	10466.91224010	62098481.89175439	191715.97342356082	20000	0.01	7920.72	7520	7245	6850	4556.76	7985	8176	8450	8801.5	10149.94
2019-06-10T19:27:47.143Z	7955.46000000	0.00293972	7953.67	7954.51	10466.91224010	62216805.44103295	191731.1120513608	20000	0.01	7924.41	7569	7250	6862.59	4680	7985	8176	8450	8801.5	10149.94
2019-06-10T19:28:48.383Z	7952.38000000	0.03127597	7952.38	7952.87	10448.28202834	62123272.62292757	191719.12762817083	20000	0.01	7920.72	7550	7250	6856.64	4610	7976.51	8156.74	8450	8801.5	10149.94
2019-06-10T19:29:48.175Z	7953.43000000	0.00294125	7953.42	7953.43	10434.64798250	62113391.07604731	191717.54258618082	20000	0.01	7920.15	7550	7250	6855	4600	7979	8156.74	8450	8801.5	10149.94
2019-06-10T19:30:49.694Z	7953.41000000	0.00169071	7952.41	7953.41	10434.64798250	61964467.92800364	191695.63427949083	20000	0.01	7920.13	7530.99	7250	6850	4570	7978.95	8162.93	8450	8802.15	10149.94
2019-06-10T19:31:44.446Z	7949.23000000	0.03877405	7948.9	7951.42	10372.95963975	61961651.387449816	191692.56675635083	20000	0.01	7920.72	7535	7250	6850	4580	7976	8150	8450	8800.5	10149.94
2019-06-10T19:32:49.394Z	7955.07000000	0.06021880	7955.07	7955.91	10372.95963975	62013836.83329776	191699.6299355308	20000	0.01	7920.3	7540.75	7250	6852.2	4600	7985	8155.84	8450	8801.5	10149.94
2019-06-10T19:33:33.560Z	7957.90000000	0.00112658	7957.89	7957.9	10355.91558332	62171857.53883776	191720.49439664083	20000	0.01	7925	7550	7250	6855	4600	7981.64	8153.7	8450	8801.5	10149.94
2019-06-10T19:34:48.848Z	7960.00000000	0.04086977	7959.99	7960	10349.54764901	62223206.447866075	191727.07484640085	20000	0.01	7928.58	7552	7250	6860	4680	7985.88	8176.91	8450	8827	10397
2019-06-10T19:35:48.861Z	7965.00000000	0.00112557	7964.99	7965	10349.54764901	62163149.96488602	191719.42546611084	20000	0.01	7928.77	7540.75	7250	6852.79	4600	7987.41	8180	8450	8827	10397
2019-06-10T19:36:43.222Z	7974.94000000	0.00243301	7975.7	7977.16	10341.60030369	62090243.7243727	191709.9117137808	20000	0.01	7936.02	7543.21	7250	6852.79	4600	8000	8195	8450	8802.69	10149.94
2019-06-10T19:37:48.571Z	7997.43000000	4.39420769	7990.82	7991.89	10341.60030369	62484167.19680917	191758.8797995308	22000	0.01	7964.55	7575.5	7250	6879.26	4800	8007.84	8195	8470	8825	10397
2019-06-10T19:38:47.699Z	7990.58000000	0.00597849	7990.01	7990.58	10407.34306532	62203864.90234668	191722.95507165082	20100	0.01	7957.07	7561.7	7250	6856.64	4654.99	8002.49	8195	8450	8827.86	10397
2019-06-10T19:39:44.424Z	7988.31000000	0.12273035	7984.94	7988.31	10469.71872458	62200429.722487904	191722.66295682083	20000	0.01	7960.09	7561.7	7250	6856.64	4654.99	8000	8192.67	8450	8803.5	10149.94
2019-06-10T19:40:48.512Z	8000.00000000	0.00112065	7999.99	8000	10469.71872458	62166433.86890239	191721.2190984908	21000	0.01	7969.88	7551	7250	6853.12	4600	8021	8200	8470	8826.5	10397
2019-06-10T19:41:48.570Z	8000.00000000	0.11027612	7999.99	8000	10488.55265140	62097063.03482527	191710.71939066084	21000	0.01	7971.01	7550	7250	6853.01	4600	8017	8200	8470	8825.5	10397
2019-06-10T19:42:47.312Z	7997.76000000	0.04186949	7995.41	7997.51	10488.55265140	62028218.340662144	191699.03668352086	20000	0.01	7960.8	7561.7	7250	6855	4570	8012	8195	8470	8825	10397
2019-06-10T19:43:48.780Z	7992.66000000	0.00112168	7991.22	7992.66	10496.78176376	61998219.88962059	191695.35946033083	20000	0.01	7957.87	7551	7250	6853.39	4556.76	8011.01	8195	8453.78	8829.49	10397
2019-06-10T19:44:49.442Z	7993.00000000	0.00168205	7992.99	7993	10495.44571365	62117513.87605997	191710.17982857084	21480	0.01	7966.3	7550	7250	6853.12	4556.76	8025.69	8200	8470	8827.86	10397
2019-06-10T19:45:48.267Z	8008.42000000	0.37678128	8008.49	8009.91	10495.44571365	62301913.888130985	191733.00454422084	20000	0.01	7984	7578.48	7250	6860	4600	8038.39	8208.11	8470	8828.83	10300.53
2019-06-10T19:46:49.377Z	8010.29000000	0.02388811	8009.77	8010.12	10536.29870851	62139257.86344861	191712.20207157082	20000	0.01	7971.06	7556.25	7250	6853.23	4556.76	8038.39	8200	8470	8827.86	10300.53
2019-06-10T19:47:44.970Z	8005.06000000	0.00270159	8005.06	8007.98	10536.29870851	62024797.75105892	191698.25728578083	20000	0.01	7970	7561.7	7250	6856	4580	8038.39	8168.12	8450	8803.3	10128.98
2019-06-10T19:48:49.563Z	8014.31000000	0.00707470	8014.3	8014.31	10564.45980740	62077571.18231911	191704.6648918908	20000	0.01	7975	7551	7250	6855	4560	8049.3	8192.67	8450	8803.3	10128.98
2019-06-10T19:49:48.987Z	8015.00000000	0.00200000	8014.99	8015	10559.54424255	62005946.040380575	191695.13581089085	20000	0.01	7975	7550	7250	6853.23	4556.76	8049	8192.67	8450	8803.3	10128.98
2019-06-10T19:50:48.630Z	8014.99000000	0.00111855	8014.98	8014.99	10559.54424255	61986675.275071345	191692.8579659408	20000	0.01	7974.11	7550	7250	6853.01	4556.76	8039	8150	8450	8802.69	10056.44
2019-06-10T19:51:33.510Z	8004.58000000	0.00872183	8004.58	8004.75	10568.12318702	61770725.04049294	191666.73440215082	19988	0.01	7946.5	7535	7250	6850	4556.76	8022.43	8192.67	8450	8802.69	10100
2019-06-10T19:52:49.600Z	7990.99000000	0.00292736	7990.91	7991.32	10568.12318702	61873719.55390236	191679.51512185083	19988	0.01	7947.62	7543.21	7250	6850	4556.76	8026.22	8149.8	8450	8801.5	10045.35
2019-06-10T19:53:49.341Z	7994.70000000	0.05145794	7994.7	7995.47	10583.36074709	62147248.36844589	191713.3709184608	20000	0.01	7963.02	7561.7	7250	6855	4560	8021.01	8177.77	8450	8827.86	10300.53
2019-06-10T19:54:48.101Z	8000.65000000	0.11833290	8000.14	8000.64	10584.27727179	61854804.064347744	191676.37979886084	20000	0.01	7956.97	7544.1	7250	6850	4550	8029.2	8165	8450	8802.69	10089
2019-06-10T19:55:48.899Z	7995.02000000	0.00681118	7995.04	7999.66	10584.27727179	62028847.79593202	191697.87603513084	20000	0.01	7956.98	7565.55	7250	6855	4556.76	8024.38	8150	8450	8801.5	10045.35
2019-06-10T19:56:47.527Z	7998.58000000	0.01635307	7998.58	7998.59	10591.33704760	62186065.310999565	191717.5532983008	20000	0.01	7971.01	7600	7250	6877	4680	8026.22	8160	8450	8802.69	10056.44
2019-06-10T19:57:49.167Z	7993.34000000	0.00410913	7989.28	7993.32	10591.33704760	62173310.43888422	191716.13858393082	20000	0.01	7958.78	7600	7250	6877	4680	8025.69	8175.3	8450	8802.69	10100
2019-06-10T19:58:45.695Z	7988.54000000	0.04513678	7988.3	7988.31	10613.24735334	61894492.58498209	191681.16544136082	19944	0.01	7947.15	7550	7250	6852.2	4556.76	8016	8150	8450	8801.5	10045.35
2019-06-10T19:59:43.459Z	7983.94000000	0.00598339	7981.85	7983.94	10614.35796328	61849312.213096544	191675.5196648408	20000	0.01	7936.05	7544.1	7250	6850	4550	8020	8192.67	8450	8803.3	10128.98
2019-06-10T20:00:48.495Z	7992.15000000	0.02821422	7986.38	7991.24	10614.35796328	61851119.82878643	191675.60034201082	20000	0.01	7936.05	7550	7250	6850	4550	8025.69	8160	8450	8802.69	10064.19
2019-06-10T20:01:49.367Z	7979.67000000	0.04000000	7979.64	7979.67	10617.70258435	61855435.542045645	191676.52899207085	20000	0.01	7936.05	7550	7250	6851	4556.76	8025	8195	8450	8802.69	10100
2019-06-10T20:02:44.397Z	7978.32000000	0.05996216	7976.4	7978.26	10617.70258435	61327449.75102194	191608.9079831208	19876.23	0.01	7936.05	7500	7220	6822.22	4487	8025.69	8192.67	8450	8802.69	10100
2019-06-10T20:03:49.420Z	7985.35000000	0.00168341	7982.11	7985.35	10621.60115916	62126203.15406306	191709.81956869081	20000	0.01	7947.62	7576	7250	6860	4600	8020	8195	8450	8801.5	10045.35
2019-06-10T20:04:48.302Z	7986.61000000	0.12199998	7985.5	7986.52	10622.80476525	61891170.72607758	191680.13396328082	20000	0.01	7947.62	7550	7250	6851	4556.76	8025	8195	8450	8803.3	10128.98
2019-06-10T20:05:49.510Z	7988.02000000	0.00624376	7987.04	7988.01	10622.80476525	61849862.401234165	191674.95041855084	20000	0.01	7947.62	7550	7250	6850	4550	8025.69	8195	8450	8802.27	10100
2019-06-10T20:06:48.257Z	7987.59000000	0.00208300	7987.59	7987.6	10622.66099445	62199422.036040984	191719.11901813085	20000	0.01	7961.47	7600	7250	6877	4680	8025.69	8192.67	8450	8802.69	10108.98
2019-06-10T20:07:48.362Z	7989.51000000	0.02515046	7987.38	7989.56	10622.66099445	61933194.63937982	191685.6668062708	20000	0.01	7947.62	7550	7250	6852.79	4556.76	8020.5	8192.67	8450	8802.69	10100
2019-06-10T20:08:46.610Z	8001.21000000	0.02177785	8002.37	8002.38	10592.72279705	62238121.22548815	191723.09468360085	20000	0.01	7971.01	7600	7250	6877	4680	8039	8195	8450	8802.69	10100
2019-06-10T20:09:49.268Z	8004.98000000	0.00348166	8004.77	8004.98	10583.47179204	61866176.25055572	191676.64624488083	20000	0.01	7960.72	7540.75	7250	6850	4550	8039	8192.67	8450	8802.69	10100
2019-06-10T20:10:47.615Z	7999.17000000	0.08735318	7994.95	7999.1	10583.47179204	61832284.448044956	191672.4846151008	20000	0.01	7950.09	7520	7244	6850	4514.99	8032.09	8195	8450	8802.27	10100
2019-06-10T20:11:46.160Z	7995.07000000	0.12198664	7993.02	7993.03	10569.56166957	61921065.636022516	191683.72985704083	20000	0.01	7959.88	7551	7250	6853.01	4556.76	8025.69	8170.2	8450	8802.27	10100
2019-06-10T20:12:50.380Z	7990.01000000	0.00697513	7990	7990.01	10569.56166957	61957526.625808805	191688.68985873082	19999	0.01	7950	7550	7250	6850	4556.76	8020.5	8169	8450	8802.27	10100
2019-06-10T20:13:47.530Z	7987.49000000	0.01670491	7985.69	7987.48	10560.67185778	62027384.37973589	191697.20299797083	20000	0.01	7956.88	7550	7250	6850	4556.76	8018.43	8143	8450	8800.49	10045.35
2019-06-10T20:14:30.976Z	7986.47000000	0.00270437	7986.96	7987.42	10529.17439410	61875970.86772293	191676.13395592084	20000	0.01	7966.82	7550	7250	6850	4556.76	8018.43	8192.67	8450	8802.69	10100
2019-06-10T20:15:48.753Z	7991.30000000	0.00465277	7993.25	7997.16	10529.17439410	61810074.06652767	191668.0924466908	20000	0.01	7961.47	7550	7250	6850	4556.76	8026.16	8195	8450	8827	10300.53
2019-06-10T20:16:45.812Z	7998.24000000	0.00234475	7998	7998.01	10536.43807750	61629385.38121149	191646.21926163082	20000	0.01	7961.47	7515.82	7245	6850	4510	8025.69	8195	8450	8802.69	10123.12
2019-06-10T20:17:49.250Z	7990.28000000	0.04191407	7990.27	7990.28	10536.43807750	61805409.678408325	191668.32599210084	20000	0.01	7961.47	7550	7250	6850	4556.76	8020	8195	8450	8802.69	10108.98
2019-06-10T20:18:48.598Z	7983.81000000	0.00348816	7983.8	7983.81	10544.39151693	61439497.621557094	191622.63765115084	19944	0.01	7947.62	7501	7223	6832	4500	8020	8195	8450	8827	10300.53
2019-06-10T20:19:49.285Z	7981.06000000	0.04196123	7980.2	7981.06	10541.48916214	61537899.36734545	191631.2729454808	19500	0.01	7947.32	7535	7248	6833	4500	8011	8149.8	8450	8801.29	10045.35
2019-06-10T20:20:49.950Z	7985.01000000	0.07188679	7985	7985.01	10541.48916214	62330463.139778785	191731.14791009083	19999	0.01	7968.49	7607.69	7255	6873	4600	8011	8109	8450	8800	10045.35
2019-06-10T20:21:46.571Z	7989.36000000	0.00710074	7986.46	7989.36	10545.10417433	61996881.34596648	191687.88614460084	19988	0.01	7971.01	7583.48	7250	6850	4556.76	8014.77	8150	8450	8801.29	10045.35
2019-06-10T20:22:49.566Z	7989.73000000	0.01197556	7989.73	7989.74	10545.10417433	61975923.396409065	191686.0889072008	19979	0.01	7972.94	7591.7	7250	6850	4556.76	8017	8145.52	8450	8800.5	10045.35
2019-06-10T20:23:47.549Z	7985.85000000	0.03960562	7985.68	7987.32	10546.20124744	62035236.832565114	191694.1460173508	19876.23	0.01	7961.47	7600	7251	6862.59	4600	8012.5	8109	8450	8800	10045.35
2019-06-10T20:24:48.690Z	7983.54000000	0.00449999	7983.8	7985.12	10556.01319578	61720651.98119437	191654.94406028083	19800	0.01	7950	7540.75	7250	6850	4500	8007.68	8111	8450	8800	10045.35
2019-06-10T20:25:47.607Z	7980.00000000	0.08329477	7980.01	7981.92	10556.01319578	61753853.33924246	191658.12713404084	19500	0.01	7950	7550	7250	6850	4500	8005	8109	8450	8800	10045.35
2019-06-10T20:26:44.177Z	7980.01000000	0.05959294	7980	7980.01	10549.17899120	61804919.0305382	191668.17744700084	19900	0.01	7956.28	7575.5	7250	6850	4556.76	8010.32	8150	8450	8801.29	10045.35
2019-06-10T20:27:43.534Z	7980.00000000	0.02489750	7980	7980.01	10549.17899120	61794484.75027894	191666.80153740084	19876.23	0.01	7955.51	7561.7	7250	6850	4523.21	8005	8114.1	8450	8800	10045.35
2019-06-10T20:28:47.192Z	7972.91000000	0.00751869	7970.93	7972.91	10546.55635326	61676656.13199332	191652.25548541083	19876.23	0.01	7946.51	7561.7	7250	6850	4530	8001.5	8150	8450	8801	10045.35
2019-06-10T20:29:48.918Z	7967.38000000	0.00412264	7965.11	7966.96	10559.54245531	61552383.12368102	191636.8184287308	19876.23	0.01	7935.61	7540.75	7250	6850	4500	7998.8	8180	8450	8802.69	10100
2019-06-10T20:30:46.479Z	7961.83000000	0.10182922	7961.45	7961.83	10559.54245531	61605615.8294443	191643.45859952082	19890	0.01	7939.26	7544.1	7250	6850	4500	7994.2	8180	8450	8802.69	10100
2019-06-10T20:31:48.333Z	7943.97000000	0.00601351	7943.96	7943.97	10590.78360748	61502157.25725414	191631.1284264508	19890	0.01	7920.21	7540.75	7250	6850	4500	7980.97	8192.67	8450	8802.69	10089
2019-06-10T20:32:48.733Z	7928.35000000	0.06274157	7923.44	7927.47	10590.78360748	61275087.452463	191602.57446916084	19494.44	0.01	7900	7550	7250	6850	4500	7961.58	8145.52	8450	8800.5	10045.35
2019-06-10T20:33:49.186Z	7936.33000000	0.20719211	7930.15	7935.05	10746.42670774	61618485.40115078	191645.7418566308	19950	0.01	7906.1	7525	7245	6833	4500	7971.13	8192.67	8450	8802.69	10100
2019-06-10T20:34:49.268Z	7945.27000000	0.01035692	7942.81	7946.15	10749.50223923	61629831.86755612	191646.71029182084	19944	0.01	7921	7550	7250	6850	4500	7979.26	8192.67	8450	8802.69	10100
2019-06-10T20:35:48.810Z	7935.31000000	0.00294699	7934.93	7934.94	10749.50223923	61350780.46031401	191613.67919551083	19500	0.01	7901	7500.1	7223	6822.22	4487	7971.13	8165	8450	8802.69	10100
2019-06-10T20:36:47.447Z	7927.68000000	0.00376637	7927.67	7927.68	10760.07351752	61351757.982664235	191614.04717045082	19500	0.01	7895	7501	7227	6823.08	4487	7960.1	8175.3	8450	8802.69	10108.98
2019-06-10T20:37:48.919Z	7933.00000000	0.01278493	7932.99	7933	10760.07351752	61618171.284014106	191647.81514704082	19950	0.01	7905.05	7535	7248	6850	4500	7979.26	8192.67	8450	8802.69	10100
2019-06-10T20:38:50.518Z	7934.02000000	1.65088226	7930.93	7934	10764.05140369	61521981.74369718	191635.65453987083	19876	0.01	7903.5	7515.82	7245	6850	4500	7971.13	8150	8450	8801.5	10045.35
2019-06-10T20:39:49.233Z	7937.70000000	0.00601818	7935.97	7937.7	10767.03820743	61434042.56897263	191624.1001003208	19500	0.01	7909	7509	7233	6830	4488.8	7970.1	8170.6	8450	8802.69	10100
2019-06-10T20:40:48.644Z	7928.94000000	0.00232287	7928.93	7928.94	10767.03820743	61340156.14817319	191612.43921964083	19250	0.01	7899.23	7500.01	7223	6822.22	4487	7944.49	8111.11	8450	8800	10045.35
2019-06-10T20:41:43.613Z	7927.95000000	0.00602390	7925.97	7929.29	10765.76311760	61375369.06756454	191616.9948745308	19222	0.01	7900	7500.1	7223	6822.22	4487	7944.49	8110.04	8450	8800	10045.35
2019-06-10T20:42:47.490Z	7917.24000000	0.01907472	7917.29	7919.51	10765.76311760	61271625.94835816	191605.2231639408	19250	0.01	7885.56	7500	7218	6812.32	4487	7941.95	8143	8450	8800.49	10045.35
2019-06-10T20:43:49.875Z	7905.97000000	0.00578692	7903.59	7905.97	10786.65456423	61252240.02102625	191603.3651311708	19250	0.01	7872.46	7500	7222	6813.66	4487	7939.52	8115	8450	8800	10045.35
2019-06-10T20:44:49.165Z	7915.75000000	0.07856244	7915.74	7915.75	10845.14160054	61474136.0414722	191630.01909872083	19447	0.01	7891.44	7510	7235	6833	4500	7941.95	8115	8450	8800	10045.35
2019-06-10T20:45:49.854Z	7918.39000000	0.00539636	7917.34	7918.39	10845.14160054	61781967.6687569	191670.04459385082	19250	0.01	7885.36	7550	7250	6850	4550	7940	8100	8450	8725	10019
2019-06-10T20:46:32.872Z	7903.63000000	0.03602631	7903.64	7904.92	10844.23085584	61637647.433806404	191652.24413698082	19250	0.01	7871.27	7550	7250	6850	4550	7938.38	8100	8450	8799.5	10045.35
2019-06-10T20:47:48.533Z	7907.01000000	0.03345841	7908.91	7910.06	10844.23085584	61565380.02586882	191642.7837497608	19250	0.01	7873.3	7511.7	7237.98	6832	4500	7940	8104.42	8450	8800	10045.35
2019-06-10T20:48:49.973Z	7912.70000000	0.00692930	7909.65	7912.7	10855.88585108	61922389.87494469	191687.92626422082	19500	0.01	7887.72	7552	7250	6850	4556.76	7940	8100	8450	8800	10045.35
2019-06-10T20:49:44.943Z	7912.01000000	0.00477994	7912	7912.01	10858.03074232	61606627.526985295	191647.87640951082	19222	0.01	7880.06	7511	7237.98	6832	4500	7937.13	8100	8450	8800	10045.35
2019-06-10T20:50:47.925Z	7914.50000000	0.03082918	7911.85	7914	10858.03074232	61683197.4023281	191421.70805267085	19250	0.01	7885	7540	7250	6850	4510	7940	8100	8450	8737.81	10019
2019-06-10T20:51:40.225Z	7920.49000000	0.04530349	7917.58	7920.16	10858.08867416	61678931.44306006	191660.64757137082	19250	0.01	7888	7518.11	7247.55	6847.11	4500	7940	8100	8450	8735.56	10019
2019-06-10T20:52:50.386Z	7928.32000000	0.09047186	7926.07	7929.91	10858.08867416	61883128.97413187	191686.85383359084	19500	0.01	7894	7569	7250	6850	4556.76	7954.98	8109	8450	8800	10045.35
2019-06-10T20:53:49.625Z	7931.61000000	0.00652432	7930.08	7931.59	10868.14137056	61635409.85405923	191655.56852155083	19000	0.01	7888	7515.82	7248	6833	4500	7955.04	8100	8450	8705	10019
2019-06-10T20:54:48.103Z	7923.54000000	0.03107488	7923.65	7927.01	10870.44753738	61795996.95868468	191675.59456541084	19099	0.01	7894	7551.05	7250	6850	4556.76	7950	8100	8450	8700	10019
2019-06-10T20:55:47.485Z	7939.72000000	0.27000000	7939.98	7939.99	10870.44753738	61713398.28659247	191664.80863661083	19088	0.01	7905.94	7517.37	7244	6832	4500	7967.04	8100	8450	8700	10019
2019-06-10T20:56:48.640Z	7950.00000000	0.09637245	7949.99	7950	10869.55684139	61875687.67524206	191684.93703186084	19400	0.01	7918.1	7575	7250	6850	4556.76	7984.84	8100	8450	8725	10019
2019-06-10T20:57:49.292Z	7949.16000000	0.02466045	7949.15	7949.16	10869.55684139	61627795.25570611	191653.63872605082	19200	0.01	7914.01	7515	7237.98	6824	4500	7984.83	8100	8450	8723.23	10019
2019-06-10T20:58:47.228Z	7944.00000000	0.00107176	7944	7946.09	10906.05595494	61632525.46189625	191654.36017877082	19088	0.01	7915.65	7515	7237.98	6824	4500	7979.01	8100	8450	8723.23	10019
2019-06-10T20:59:48.349Z	7944.01000000	0.00714077	7944	7944.01	10907.51172746	61467414.51253075	191633.5854863208	19000	0.01	7911.93	7514.4	7235	6825	4500	7974.01	8100	8450	8705	10019
2019-06-10T21:00:49.730Z	7931.14000000	0.02412934	7931.13	7933.51	10907.51172746	61363963.865458444	191620.8383049808	19030	0.01	7885	7501	7225	6812.32	4487	7964.62	8100	8450	8750	10019
2019-06-10T21:01:36.850Z	7928.82000000	0.04828920	7926.27	7930.78	10906.40868047	61538527.930936955	191642.69620099082	19200	0.01	7894	7515.82	7247.55	6832	4500	7973.97	8100	8450	8750	10019
2019-06-10T21:02:49.814Z	7942.06000000	0.01157538	7938.56	7943.04	10906.40868047	61393472.40263493	191624.06882070084	19200	0.01	7894	7507	7231	6821.74	4500	7981.96	8100	8450	8800	10045.35
2019-06-10T21:03:48.835Z	7940.21000000	0.06005501	7936.82	7939.13	10907.44931651	61286904.27510982	191610.7610245108	19000	0.01	7893.56	7500.01	7223	6812.32	4487	7981.72	8100	8450	8800	10045.35
2019-06-10T21:04:46.738Z	7929.99000000	0.00294918	7925.92	7929.93	10910.20679870	61395371.45975478	191624.7116462108	19000	0.01	7885	7502	7230	6817.17	4487	7960.93	8100	8450	8700	10019
2019-06-10T21:05:47.296Z	7942.55000000	0.01024017	7938.03	7942.52	10910.20679870	61739642.47931019	191667.82074947082	19200	0.01	7909.19	7550	7250	6850	4550	7975.25	8100	8450	8733	10019
2019-06-10T21:06:49.235Z	7934.90000000	0.00131855	7933.47	7934.9	10914.20798082	61587012.76115332	191649.08065704082	19088	0.01	7893.8	7527.17	7245	6832	4500	7965.76	8100	8450	8725	10019
2019-06-10T21:07:49.345Z	7924.78000000	0.16358169	7924.8	7928.16	10914.20798082	61329813.901070245	191616.9166293808	19000	0.01	7885	7500.01	7223	6812.32	4487	7961.47	8100	8450	8750	10019
2019-06-10T21:08:48.789Z	7922.15000000	0.01325479	7922.15	7923.36	10914.45342697	61371002.65554761	191622.6556080608	19000	0.01	7885	7501	7225	6812.2	4487	7957.71	8100	8450	8700	10019
2019-06-10T21:09:44.600Z	7927.92000000	0.01217701	7929.87	7933.54	10919.70837145	61627774.1290042	191655.19327242082	19200	0.01	7893.8	7530	7247.55	6832	4507	7961.65	8100	8450	8746.16	10019
2019-06-10T21:10:47.538Z	7932.19000000	0.06389999	7930.13	7931.81	10919.70837145	61362021.712794796	191621.4868460108	19000	0.01	7887.72	7500	7218.96	6807	4487	7973.97	8100	8450	8707.13	10019
2019-06-10T21:11:51.500Z	7930.34000000	0.04826252	7930.32	7930.34	10926.51597163	61377469.411128566	191623.6254653108	19000	0.01	7885	7501	7225	6812.32	4487	7961.47	8100	8450	8722.25	10019
2019-06-10T21:12:49.878Z	7936.59000000	0.01205576	7932.34	7936.59	10926.51597163	61453049.85593695	191632.9404267808	19000	0.01	7894	7510	7235	6823.08	4500	7973.97	8100	8450	8705	10019
2019-06-10T21:13:45.250Z	7934.70000000	0.00714884	7932.8	7934.7	10926.10957543	61356464.71669108	191620.7855603108	19000	0.01	7888.88	7500	7219.99	6807	4487	7970.72	8100	8450	8723.23	10019
2019-06-10T21:14:50.277Z	7914.31000000	0.07427515	7914.3	7914.31	10927.75965539	61319174.14433266	191616.66840101083	19000	0.01	7872	7500	7223	6812.32	4487	7947.98	8100	8450	8700	10019
2019-06-10T21:15:50.277Z	7913.92000000	0.02477528	7908.96	7913.92	10927.75965539	61382770.75387582	191624.7848549908	19000	0.01	7873.71	7500	7223	6812.1	4487	7947.98	8100	8450	8700	10019
2019-06-10T21:16:47.966Z	7914.48000000	0.00352148	7911.31	7914.48	10931.22783942	61470409.27245715	191635.8537313608	19000	0.01	7877.39	7500	7223	6812.32	4487	7947.98	8100	8450	8700	10019
2019-06-10T21:17:44.824Z	7921.54000000	0.10631734	7922.72	7925.96	10931.22783942	61461433.409903474	191634.42469827083	19000	0.01	7885	7507	7231	6822.22	4500	7959.09	8100	8450	8700	10019
2019-06-10T21:18:50.421Z	7934.15000000	0.00419094	7932.24	7934.15	10931.89068467	61533113.298267625	191647.38457207082	19000	0.01	7885	7506.63	7231	6822.22	4500	7961.47	8100	8450	8705	10019
2019-06-10T21:19:49.194Z	7936.75000000	0.00214971	7935.78	7936.75	10934.27654555	61552907.445877135	191649.8222669108	19000	0.01	7896.73	7510	7235	6825	4500	7973.97	8100	8450	8700	10019
2019-06-10T21:20:46.900Z	7947.98000000	0.46560434	7947.98	7948.18	10934.27654555	61515057.25225607	191644.4473493508	19000	0.01	7912.31	7508.87	7233	6821.34	4500	7981.72	8100	8450	8700	10019
2019-06-10T21:21:50.566Z	7943.15000000	0.14124350	7943.14	7946.95	10936.46745433	61503442.086129375	191643.1103721408	19000	0.01	7909.96	7507	7231	6822.22	4500	7981.72	8100	8450	8700	10019
2019-06-10T21:22:49.206Z	7945.37000000	0.00516999	7945.38	7947.02	10936.46745433	61495128.483088635	191641.72826306082	19000	0.01	7910.35	7507	7231	6820	4500	7981.72	8100	8450	8700	10019
2019-06-10T21:23:49.363Z	7933.10000000	0.00476522	7935.65	7936.89	10941.10167155	61658226.2307667	191662.8062704908	19000	0.01	7908.68	7510	7233	6822.22	4500	7970.25	8100	8450	8700	10019
2019-06-10T21:24:45.245Z	7932.23000000	0.01205589	7932.45	7935.98	10947.86562160	61635356.9165728	191659.9431051508	19000	0.01	7901.92	7501	7229	6816	4500	7970.25	8100	8450	8700	10019
2019-06-10T21:25:47.150Z	7931.39000000	0.01228157	7931.49	7933.99	10947.86562160	61545517.577259764	191648.73019657083	19000	0.01	7896.73	7509	7234	6822.22	4500	7970.25	8100	8450	8700	10019
2019-06-10T21:26:50.350Z	7931.01000000	0.03160520	7930.83	7930.84	10948.31518457	61526404.458380826	191646.54680375083	19088	0.01	7885	7502.12	7230	6820	4500	7963.23	8100	8450	8733	10019
2019-06-10T21:27:48.947Z	7927.88000000	0.01217436	7925.92	7927.87	10948.31518457	61485941.077259734	191641.4074845808	19088	0.01	7885	7501	7229	6816	4500	7970.25	8100	8450	8725	10019
2019-06-10T21:28:48.554Z	7927.72000000	0.00887192	7927.72	7930	10911.27933097	61505118.75164587	191644.00375149082	19030	0.01	7885	7501	7230	6820	4500	7963.23	8100	8450	8725	10019
2019-06-10T21:29:48.674Z	7931.68000000	0.02617740	7928.76	7931.68	10901.69366746	61429364.196216166	191634.3214276208	19200	0.01	7885	7500	7223	6812.32	4500	7980	8106.65	8450	8800	10045.35
2019-06-10T21:30:45.725Z	7928.88000000	0.01330299	7924.99	7928.88	10901.69366746	61402201.217194185	191630.90574237079	19200	0.01	7883.77	7500	7218	6810	4487	7980	8105	8450	8800	10045.35
2019-06-10T21:31:50.334Z	7924.75000000	0.00249952	7924.75	7928.29	10900.73560517	61400215.834021434	191629.8337670908	19200	0.01	7885	7500	7222.22	6812.1	4487	7973.97	8109	8450	8800	10045.35
2019-06-10T21:32:35.837Z	7926.35000000	0.02413783	7927.93	7928.36	10900.73560517	61268559.07273191	191611.54112911082	19200	0.01	7879.87	7500	7218	6807	4487	7980	8105	8450	8800	10045.35
2019-06-10T21:33:49.463Z	7929.07000000	0.00671677	7929.15	7933.16	10899.25461747	61234012.89014042	191606.95866350082	19200	0.01	7885	7500	7218	6809	4487	7980	8109	8450	8800	10045.35
2019-06-10T21:34:47.328Z	7929.16000000	0.05117972	7929.18	7931.61	10901.75624218	61259721.34212983	191610.3281012508	19200	0.01	7885	7500	7218	6810	4487	7980	8109	8450	8800	10045.35
2019-06-10T21:35:49.880Z	7934.00000000	0.10000000	7933.99	7934	10901.75624218	61262354.80543451	191610.29022439083	19200	0.01	7885	7500	7220	6810	4487	7980	8109	8450	8800	10045.35
2019-06-10T21:36:48.541Z	7938.99000000	0.10000000	7939.08	7943.95	10904.80902257	61241458.00549973	191607.6394189108	19200	0.01	7885	7500	7218	6810	4487	7983.22	8109	8450	8800	10045.35
2019-06-10T21:37:42.343Z	7945.02000000	0.10900000	7942.67	7945	10904.80902257	61293709.62250034	191614.02060684082	19200	0.01	7896.73	7500	7222	6811.01	4487	7981.72	8105	8450	8800	10045.35
2019-06-10T21:38:50.749Z	7943.73000000	0.00987482	7938.84	7943.73	10896.21029821	61206725.79443101	191603.0640173508	19088	0.01	7895	7500	7214	6801.5	4487	7984.83	8105	8450	8800	10045.35
2019-06-10T21:39:47.497Z	7942.37000000	0.00601473	7940.01	7942.37	10863.95395022	61234009.46978829	191606.52945607083	19088	0.01	7896.73	7500	7218	6810	4487	7981.72	8105	8450	8800	10045.35
2019-06-10T21:40:50.866Z	7945.77000000	0.00294406	7941.97	7945.77	10863.95395022	61244449.490985356	191607.7477294508	19200	0.01	7896.73	7500	7220	6810	4487	7984.83	8105	8450	8800	10045.35
2019-06-10T21:41:45.518Z	7944.71000000	0.01214989	7944.67	7944.71	10844.24391706	61227501.806441076	191605.41605858083	19200	0.01	7896.73	7500	7218	6810	4487	7984.83	8105	8450	8800	10045.35
2019-06-10T21:42:49.668Z	7958.53000000	0.00231649	7955.38	7958.51	10844.24391706	61316583.933064274	191616.4130097308	19200	0.01	7908.99	7500	7223	6812.32	4487	7993.38	8109	8450	8800	10045.35
2019-06-10T21:43:49.214Z	7955.02000000	0.00537975	7955.01	7955.02	10823.39811506	61327926.78540193	191617.8542874908	19200	0.01	7908.99	7500	7223	6812.32	4487	7986.59	8109	8450	8800	10045.35
2019-06-10T21:44:47.337Z	7957.25000000	0.02404922	7955.73	7957.13	10801.82430552	61293712.02829325	191613.5105299908	19200	0.01	7909.01	7500	7222	6811.01	4487	7993.38	8109	8450	8800	10045.35
2019-06-10T21:45:49.727Z	7954.01000000	0.02568106	7954	7954.01	10801.82430552	61264346.290132165	191609.31522247082	19200	0.01	7909.01	7500	7221.01	6811	4487	7985	8109	8450	8800	10045.35
2019-06-10T21:46:50.890Z	7953.20000000	0.01406242	7951.72	7953.2	10802.64319258	61269392.94688301	191610.1025491408	19088	0.01	7896.73	7500	7222	6811.01	4487	7984.83	8100	8450	8800	10045.35
2019-06-10T21:47:50.479Z	7953.61000000	0.00713203	7949.56	7953.61	10802.64319258	60145076.39302655	191467.7876866408	19200	0.01	7855	7423.53	7200	6800	4320	8012.63	8195	8450	8827	10300.53
2019-06-10T21:48:49.410Z	7951.21000000	0.00600687	7945.08	7951.02	10799.48468273	59789239.36590369	191422.8009667608	19000	0.01	7840	7423.99	7200	6800	4320	8012.63	8200	8470	8825	10300.53
2019-06-10T21:49:40.775Z	7947.52000000	0.00231741	7944.77	7947.45	10796.20827881	59885219.24084224	191434.9832110708	19000	0.01	7840	7442.12	7200	6800	4360	8012.63	8198	8470	8825	10300.53
2019-06-10T21:50:31.515Z	7946.56000000	0.00500000	7946.57	7948.61	10796.20827881	60038179.98087392	191454.3594493508	19030	0.01	7845.07	7410	7200	6800	4300	8012.63	8195	8450	8802.69	10128.98
2019-06-10T21:51:36.851Z	7941.41000000	0.02105906	7941.41	7943.08	10793.31409163	59950438.47503488	191233.66386146078	19000	0.01	7840	7442.12	7200	6800	4388.08	8012.63	8195	8450	8802.69	10100
2019-06-10T21:52:49.425Z	7943.16000000	0.03085932	7942.08	7943.15	10793.31409163	59969067.76167168	191515.61508493082	19030	0.01	7840	7442.12	7200	6800	4400	8012.63	8195	8450	8827.86	10300.53
2019-06-10T21:53:48.737Z	7947.26000000	2.00427463	7944.93	7951.25	10792.51117854	59985676.80272612	191517.7069219308	19028.3	0.01	7840	7442.12	7200	6800	4400	8012.63	8195	8450	8803.5	10128.98
2019-06-10T21:54:46.963Z	7951.12000000	0.00475666	7949.69	7951.56	10799.78105790	61079699.74094968	191656.0503964708	19000	0.01	7890	7500	7214	6803.31	4469.2	7981.72	8105	8450	8800	10045.35
2019-06-10T21:55:48.767Z	7951.55000000	0.00380989	7949.42	7951.52	10799.78105790	61059115.867578246	191653.5577181008	19028.3	0.01	7886.64	7500	7214	6803	4469.2	7987.65	8105	8450	8800	10045.35
2019-06-10T21:56:49.480Z	7949.14000000	0.08632224	7942.02	7948.72	10797.99977644	61062867.83980908	191654.18379836078	19000	0.01	7886.64	7500	7214	6803.31	4469.2	7981.72	8105	8450	8800	10045.35
2019-06-10T21:57:47.510Z	7951.58000000	0.01504070	7947.04	7951.57	10797.99977644	61206775.53160234	191672.13421616083	19200	0.01	7899	7500	7218	6810	4487	7981.72	8105	8450	8800	10045.35
2019-06-10T21:58:49.982Z	7951.27000000	0.00445283	7945.21	7951.33	10790.01027982	60944903.0974568	191637.86681100083	19000	0.01	7887.3	7500	7214	6801	4469.2	7980	8100	8450	8800	10045.35
2019-06-10T21:59:40.489Z	7951.59000000	0.00475687	7950.58	7951.6	10784.94764498	61172678.29834254	191666.3700141208	19088	0.01	7907.31	7500	7221	6805	4483	7985	8109	8450	8800	10045.35
2019-06-10T22:00:49.743Z	7948.44000000	0.00281751	7943.67	7948.33	10784.94764498	60952616.541916214	191638.8295971908	19000	0.01	7887.72	7500	7214	6801	4469.2	7981.72	8104.42	8450	8800	10045.35
2019-06-10T22:01:45.518Z	7949.06000000	0.01684739	7949.76	7952.89	10795.86867238	61160612.35909675	191664.92932194078	19088	0.01	7900.66	7500	7215	6801	4469.2	7981.72	8105	8450	8800	10045.35
2019-06-10T22:02:48.493Z	7953.99000000	0.07819339	7953.99	7954	10795.86867238	61019767.604229234	191647.0401457308	19000	0.01	7899	7500	7217	6801.5	4480	7995	8100	8450	8800	10045.35
2019-06-10T22:03:50.431Z	7957.25000000	0.08594410	7957.25	7957.26	10795.74017522	61250384.256095536	191675.9930434608	19200	0.01	7920	7501	7223	6810	4487	7995	8105	8450	8800	10045.35
2019-06-10T22:04:48.783Z	7956.26000000	0.07816765	7952.23	7956.12	10809.96050205	61091907.59521934	191656.14085726082	19030	0.01	7907.31	7500	7218	6805	4479	7995	8105	8450	8800	10045.35
2019-06-10T22:05:48.290Z	7958.86000000	0.02389099	7958.86	7958.87	10809.96050205	61117920.15967592	191659.2753190008	19030	0.01	7907.31	7500	7218	6805	4469.2	7995	8104.42	8450	8800	10045.35
2019-06-10T22:06:49.668Z	7967.54000000	0.04203207	7965.73	7967.54	10805.36281309	61387016.33187088	191692.89773825082	19200	0.01	7930	7515.82	7241	6825	4500	7999.66	8109	8450	8800	10045.35
2019-06-10T22:07:46.513Z	7974.00000000	0.00245396	7974	7974.01	10805.36281309	61167738.34098123	191665.28544087082	19200	0.01	7920	7500	7220	6805	4480	8010.78	8109	8450	8800	10045.35
2019-06-10T22:08:50.522Z	7972.77000000	3.92914214	7970.04	7972.81	10609.88183405	61346304.29025656	191687.70550105083	19200	0.01	7929.81	7511	7234	6813	4487	8000	8105	8450	8800	10045.35
2019-06-10T22:09:45.109Z	7972.65000000	0.06000864	7970.01	7972.65	10513.72952237	61365690.83786686	191690.1464703308	19222	0.01	7929.95	7513	7235	6820	4487	8006.6	8109	8450	8800	10045.35
2019-06-10T22:10:50.588Z	7968.18000000	0.00549561	7967.29	7968.18	10513.72952237	61371670.8797493	191691.1255952808	19200	0.01	7928.77	7511.7	7235	6820	4487	7999.53	8105	8450	8800	10045.35
2019-06-10T22:11:50.954Z	7967.29000000	0.85869154	7967.29	7968.67	10465.38422646	61361584.60582531	191689.8685554708	19200	0.01	7928.77	7511	7235	6820	4487	7999.53	8105	8450	8800	10045.35
2019-06-10T22:12:47.891Z	7974.44000000	0.02327884	7974.42	7974.44	10465.38422646	61496223.054879524	191706.67443896082	19449	0.01	7937.1	7510	7233	6814.01	4487	8010.78	8105	8450	8800	10045.35
2019-06-10T22:13:48.550Z	7974.88000000	0.02088609	7974.98	7976.65	10328.59314559	61359245.46752322	191689.41334081083	19400	0.01	7928.77	7511	7234	6815	4487	8010.78	8109	8450	8800	10045.35
2019-06-10T22:14:45.597Z	7979.91000000	0.05469304	7976.12	7979.9	10320.22074754	61365953.749919154	191690.2989670908	19449	0.01	7928.77	7511.39	7235	6820	4487	8010.78	8109	8450	8800	10045.35
2019-06-10T22:15:46.410Z	7977.73000000	0.26494843	7977.73	7978.87	10320.22074754	61453768.697448224	191701.10808408083	19449	0.01	7944	7515.82	7244	6826	4500	8010.78	8109	8450	8800	10045.35
2019-06-10T22:16:47.650Z	7978.63000000	0.00230841	7978.32	7978.63	10312.55502581	61379263.07337047	191691.8915493208	19449	0.01	7942.51	7511	7235	6821.34	4487	8010.78	8109	8450	8800	10045.35
2019-06-10T22:17:47.134Z	7978.71000000	0.01978766	7978.5	7978.61	10312.55502581	61332131.68318853	191685.9121237908	19222	0.01	7930	7500	7221.01	6806.01	4483	8006.95	8109	8450	8800	10045.35
2019-06-10T22:18:50.448Z	7976.17000000	0.00112410	7975	7976.17	10295.79346940	61371384.431047335	191691.09860548083	19250	0.01	7930	7511.39	7235	6821.34	4488.8	8007.38	8109	8450	8800	10045.35
2019-06-10T22:19:49.705Z	7976.10000000	0.06537192	7975.75	7976.1	10293.47996651	61390861.26420006	191694.41212378078	19449	0.01	7930	7515	7237.88	6822	4487	8010.78	8109	8450	8800	10045.35
2019-06-10T22:20:48.227Z	7973.40000000	0.02820070	7970.63	7973.4	10293.47996651	61534238.02883213	191712.4308029508	19500	0.01	7944.79	7540	7248	6832	4500	8000	8109	8450	8800	10045.35
2019-06-10T22:21:49.832Z	7969.55000000	0.00275411	7965.71	7969.21	10290.86343313	61334782.84390282	191686.47754828082	19200	0.01	7930	7510	7233	6814.01	4487	7998	8100	8450	8799.99	10045.35
2019-06-10T22:22:50.896Z	7971.25000000	0.00268644	7970.04	7971.25	10290.86343313	61573178.84059024	191716.0438798408	19500	0.01	7941.33	7550	7250	6832.56	4500	8000	8109	8450	8800	10045.35
2019-06-10T22:23:48.779Z	7964.69000000	0.04955105	7964.71	7967.09	10279.01094936	61366613.9182702	191690.1776587308	19222	0.01	7930	7515	7235	6821.74	4487	7998	8100	8450	8799.5	10045.35
2019-06-10T22:24:50.319Z	7961.71000000	0.00111102	7959.56	7959.99	10255.37268136	61280953.30890843	191679.6914487308	19250	0.01	7920	7501	7225	6811	4487	7998	8105	8450	8800	10045.35
2019-06-10T22:25:47.465Z	7961.62000000	0.00231333	7959.53	7961.4	10255.37268136	61303044.53067223	191682.7024207808	19250	0.01	7920	7501	7227.87	6811.54	4487	7997.22	8109	8450	8800	10045.35
2019-06-10T22:26:50.901Z	7965.00000000	0.01429513	7964.99	7965	10234.78228827	61500329.204704285	191707.1554793008	19500	0.01	7941.13	7530	7244	6825	4500	8000	8109	8450	8800	10045.35
2019-06-10T22:27:49.151Z	7971.20000000	0.01260383	7971.02	7971.2	10234.78228827	61542349.39516521	191712.3817597908	19449	0.01	7941.33	7535	7247.55	6830	4500	7998	8101.43	8450	8800	10045.35
2019-06-10T22:28:48.662Z	7968.81000000	0.04521368	7967.4	7968.79	10198.04575101	61631263.65106813	191723.5736373708	19222	0.01	7944.18	7535	7245	6828	4500	7990.89	8100	8450	8797	10045.35
2019-06-10T22:29:46.739Z	7961.88000000	0.00199431	7960	7961.35	10111.21542323	61567649.10523614	191715.9905469408	19200	0.01	7928.77	7550	7250	6850	4507	7982.56	8100	8450	8795	10045.35
2019-06-10T22:30:49.510Z	7959.18000000	0.20509471	7959.18	7959.38	10111.21542323	61613525.535594806	191721.6941352608	19250	0.01	7929.69	7550	7250	6832.56	4500	7987.65	8100	8450	8800	10045.35
2019-06-10T22:31:33.490Z	7958.03000000	0.01202328	7955.94	7958.01	10072.64389331	61619554.056107596	191722.48805303083	19250	0.01	7929.09	7550	7250	6847.11	4507	7985	8100	8450	8799	10045.35
2019-06-10T22:32:50.989Z	7950.00000000	0.05006500	7950	7950.03	10072.64389331	61345244.685091525	191688.1317757508	19088	0.01	7919.45	7509	7231	6813	4487	7977.2	8100	8450	8795.27	10045.35
2019-06-10T22:33:49.292Z	7950.16000000	0.02200458	7950.15	7950.16	10055.55166608	61315093.728370026	191684.3671274408	19088	0.01	7907.32	7507	7230	6812.19	4487	7974.37	8100	8450	8705	10019
2019-06-10T22:34:49.269Z	7949.97000000	0.01203544	7949.19	7949.97	10002.62411721	61365319.62996402	191690.70349884083	19200	0.01	7918.75	7510	7231	6815	4487	7974.37	8100	8450	8725	10019
2019-06-10T22:35:49.351Z	7944.96000000	0.01325383	7940.76	7943.55	10002.62411721	61505622.154671304	191708.74318565082	19222	0.01	7909.3	7540	7248	6830	4500	7972.9	8100	8450	8725.11	10019
2019-06-10T22:36:49.670Z	7944.96000000	0.01444650	7944.46	7944.96	9973.09472131	61523716.89312006	191710.82885959084	19200	0.01	7910	7515.82	7245	6830	4500	7973.45	8100	8450	8700	10019
2019-06-10T22:37:45.778Z	7943.63000000	0.00112860	7943.62	7943.63	9973.09472131	61479264.48556797	191705.3885964708	19200	0.01	7907.32	7515.82	7245	6826	4500	7969.17	8100	8450	8746.5	10019
2019-06-10T22:38:49.843Z	7944.44000000	0.00100000	7944.44	7944.45	9947.76465034	61541274.94319806	191712.5078284208	19222	0.01	7920	7544.1	7248	6832	4500	7973.68	8100	8450	8725.11	10019
2019-06-10T22:39:46.100Z	7943.55000000	0.04776442	7943.55	7944.04	9941.11176192	61621078.50060357	191723.1315925408	19250	0.01	7920	7550	7250	6832.56	4500	7974.31	8100	8450	8732	10019
2019-06-10T22:40:48.788Z	7941.62000000	0.00634061	7941.62	7943.09	9941.11176192	61635680.48163921	191725.1662096208	19250	0.01	7917	7530	7245	6830	4500	7969.04	8100	8450	8746.84	10019
2019-06-10T22:41:49.596Z	7944.15000000	0.03252179	7944.14	7944.15	9930.54918262	61595079.116461284	191719.7020329008	19250	0.01	7919.63	7550	7250	6832.56	4500	7972.07	8100	8450	8799	10045.35
2019-06-10T22:42:50.189Z	7950.00000000	0.02465784	7949.99	7950	9930.54918262	61748920.35100106	191738.9997987908	19250	0.01	7924.51	7550	7250	6847	4504.66	7970	8100	8450	8722.25	10019
2019-06-10T22:43:49.236Z	7949.69000000	0.02226611	7949.69	7949.97	9906.65843174	61591356.42149484	191719.2185985608	19250	0.01	7920	7550	7250	6832.56	4500	7980	8100	8450	8799.69	10045.35
2019-06-10T22:44:51.493Z	7955.99000000	0.03493338	7955.99	7956	9906.23111688	61604725.550684355	191720.5938416608	19500	0.01	7927	7540.75	7250	6832	4500	7987.65	8100	8450	8800	10045.35
2019-06-10T22:45:49.129Z	7957.17000000	0.00612827	7956.28	7957	9906.23111688	61562042.9819185	191715.33827063083	19449	0.01	7931	7515.82	7245	6826	4500	7987.73	8100	8450	8799.69	10045.35
2019-06-10T22:46:47.886Z	7954.18000000	0.05000000	7954.18	7955.21	9902.66165694	61585928.48096261	191718.62955514083	19250	0.01	7931	7515.82	7247.55	6826	4500	7980.29	8100	8450	8800	10045.35
2019-06-10T22:47:43.646Z	7959.49000000	0.06010000	7959.48	7959.49	9902.66165694	61676456.8911417	191729.4860846708	19500	0.01	7934.52	7550	7250	6832.56	4500	7988.33	8100	8450	8800	10045.35
2019-06-10T22:48:43.542Z	7959.60000000	0.00112633	7959.59	7959.6	9915.69908777	61644897.080553666	191725.5191734008	19500	0.01	7934.52	7550	7250	6832	4500	7988.33	8100	8450	8800	10045.35
2019-06-10T22:49:49.734Z	7962.57000000	0.02463339	7962.57	7962.73	9912.84647283	61548927.38607026	191713.60449639082	19500	0.01	7931.63	7527.17	7247.55	6826	4500	7988.33	8100	8450	8800	10045.35
2019-06-10T22:50:49.426Z	7963.47000000	0.06158409	7963.21	7963.45	9912.84647283	61510774.256831445	191708.84496052083	19456	0.01	7931.63	7518.11	7244	6826	4500	7988.33	8100	8450	8800	10045.35
2019-06-10T22:51:49.268Z	7960.81000000	0.00228117	7960.65	7960.66	9888.78768113	61500779.062568456	191707.8932970908	19250	0.01	7928.38	7510	7235	6820	4487	7983.06	8100	8450	8800	10045.35
2019-06-10T22:52:49.462Z	7956.27000000	0.00350183	7956.27	7958.89	9888.78768113	61552597.5944314	191714.6322661208	19400	0.01	7927.59	7515	7238.22	6820	4487	7987.65	8100	8450	8799	10045.35
2019-06-10T22:53:50.822Z	7955.58000000	0.10000000	7955.18	7955.58	9852.51789689	61541023.8746008	191713.1799649108	19200	0.01	7925	7515	7238	6820	4487	7980	8100	8450	8725.11	10019
2019-06-10T22:54:46.506Z	7965.47000000	0.01203513	7965.97	7965.98	9851.01519110	61843840.29861432	191750.85790191081	19500	0.01	7943	7551.05	7250	6850	4550	7990	8100	8450	8737.81	10019
2019-06-10T22:55:35.228Z	7984.85000000	0.00450987	7983.48	7984.77	9851.01519110	61605367.69926243	191719.4463987608	19500	0.01	7940	7550	7250	6832.56	4500	8007.5	8105	8450	8800	10045.35
2019-06-10T22:56:50.295Z	7975.60000000	0.00112389	7975.59	7975.6	9867.83600748	61628076.82917995	191722.41646727078	19500	0.01	7948.73	7535	7248	6824	4500	8006.11	8105	8450	8800	10045.35
2019-06-10T22:57:49.183Z	7972.35000000	0.00499354	7972.34	7972.35	9867.83600748	61793282.047532335	191743.82177491082	19688	0.01	7940	7558.05	7250	6850	4550	7999.19	8105	8450	8800	10045.35
2019-06-10T22:58:49.263Z	7963.51000000	0.01332821	7963.5	7963.51	9863.92918526	61680567.452205084	191729.8308997708	19447	0.01	7929.69	7550.56	7250	6847.11	4507	7993.38	8100	8450	8800	10045.35
2019-06-10T22:59:50.573Z	7954.86000000	0.00112658	7951.86	7954.4	9862.88424829	61687013.920679	191730.89095633084	19449	0.01	7929.19	7550.56	7250	6848	4510	7987.65	8100	8450	8744	10019
2019-06-10T23:00:50.672Z	7952.00000000	0.02526853	7951.99	7952	9862.88424829	61888703.625532836	191756.25904418083	19876.23	0.01	7932.13	7575.5	7250	6855	4600	7988.39	8100	8450	8800	10045.35
2019-06-10T23:01:50.570Z	7952.00000000	0.01213875	7951.99	7952	9872.35010869	61840893.32993458	191750.42601599082	19705	0.01	7932	7575	7250	6850	4555.99	7987.65	8100	8450	8800	10045.35
2019-06-10T23:02:50.730Z	7958.94000000	0.00567170	7958.94	7958.95	9872.35010869	62010178.24149191	191766.6547639408	19876.23	0.01	7937.61	7575.5	7250	6855	4599.3	7987.65	8100	8450	8750	10019
2019-06-10T23:03:51.320Z	7960.00000000	0.03125328	7958.68	7960	9842.26426970	61895588.371144764	191752.23967958082	19705	0.01	7934.54	7561.7	7250	6850	4550	7996.15	8100	8450	8750	10019
2019-06-10T23:04:49.842Z	7960.00000000	0.03606215	7959.6	7960	9839.70980882	61923402.41601713	191755.72341613084	19876.23	0.01	7937.66	7575.5	7250	6855	4600	7996.15	8100	8450	8800	10045.35
2019-06-10T23:05:50.161Z	7958.60000000	0.00112628	7958.59	7958.6	9839.70980882	61794287.50217001	191739.5332344408	19449	0.01	7933.36	7561.7	7250	6850	4555	7978.01	8100	8450	8737.81	10019
2019-06-10T23:06:48.873Z	7955.27000000	0.48594690	7955.25	7957.97	9828.72147844	61983724.08745203	191763.3650324208	19876.23	0.01	7935.62	7575.5	7250	6852.79	4570	7986.72	8100	8450	8800	10045.35
2019-06-10T23:07:51.117Z	7951.32000000	0.00814932	7951.32	7952.79	9828.72147844	61682189.609084494	191725.60101521082	19449	0.01	7930	7540.75	7250	6831.52	4500	7981.83	8100	8450	8799.69	10045.35
2019-06-10T23:08:48.927Z	7952.89000000	0.02730000	7952.99	7953	9833.58580861	61938684.98543967	191757.84776216085	19705	0.01	7933.51	7600	7250	6852.79	4570	7985.4	8100	8450	8800	10045.35
2019-06-10T23:09:50.169Z	7952.99000000	0.00208037	7952.99	7953	9828.70162190	61793606.99910699	191739.52517106084	19500	0.01	7932.13	7551	7250	6850	4550	7985	8100	8450	8800	10045.35
2019-06-10T23:10:46.139Z	7947.01000000	0.01753030	7947	7947.01	9828.70162190	61678522.292622924	191725.59832247082	19447	0.01	7919	7550	7250	6845	4507	7973.45	8100	8450	8738.92	10019
2019-06-10T23:11:49.576Z	7951.61000000	0.01203300	7951.44	7951.61	9824.74438769	61899569.4715475	191753.2367443208	19688	0.01	7927	7568.18	7250	6850	4556.76	7986.72	8100	8450	8750	10019
2019-06-10T23:12:50.740Z	7948.25000000	0.00675854	7947.72	7947.89	9824.74438769	61652478.88943933	191721.9515644608	19500	0.01	7919	7550	7250	6835.11	4501.01	7974.77	8100	8450	8746.84	10019
2019-06-10T23:13:44.933Z	7951.61000000	0.00306706	7951.6	7951.61	9809.90756179	61948138.54326914	191758.82932173082	19705	0.01	7935.13	7561.7	7250	6850	4550	7985	8100	8450	8750	10019
2019-06-10T23:14:50.630Z	7963.33000000	0.00411455	7963.34	7964.72	9819.76870596	61702900.857380085	191727.71974578084	19500	0.01	7930.9	7551	7250	6850	4525	7995	8100	8450	8750	10019
2019-06-10T23:15:49.450Z	7966.14000000	0.00324883	7964.25	7966.14	9819.76870596	61770655.16270024	191736.38241494083	19705	0.01	7934.54	7550	7250	6833	4500	7998.17	8109	8450	8800	10045.35
2019-06-10T23:16:47.443Z	7961.42000000	0.00323767	7961.46	7963.35	9811.02563865	61720374.78882866	191729.8996918008	19705	0.01	7932.13	7551	7250	6850	4550	7999.99	8105	8450	8800	10045.35
2019-06-10T23:17:46.933Z	7976.98000000	0.00648728	7973.59	7976.84	9811.02563865	61700555.94519841	191727.10812838082	19500	0.01	7939.82	7550	7250	6844.88	4507	8000	8105	8450	8800	10045.35
2019-06-10T23:18:49.435Z	7968.81000000	0.00599396	7967.98	7968.81	9789.85801328	61912209.573927395	191753.71153410085	19944	0.01	7941.19	7575.5	7250	6852.79	4580	8000	8105	8450	8800	10045.35
2019-06-10T23:19:49.840Z	7965.88000000	0.02607832	7965.85	7967.68	9770.68160565	61646091.09141117	191720.1849117308	19500	0.01	7939.12	7550	7250	6832.56	4507	7999.99	8100	8450	8750	10020
2019-06-10T23:20:50.493Z	7969.08000000	0.00599458	7967.83	7969.08	9770.68160565	61781218.01387429	191737.53516393082	19500	0.01	7939.82	7551.05	7250	6850	4550	7999.99	8100	8450	8750	10019
2019-06-10T23:21:45.640Z	7976.25000000	0.00599134	7976	7976.01	9755.46284717	61718247.7341671	191729.3861968308	19500	0.01	7939.82	7551	7250	6850	4524.99	7999.99	8100	8450	8752.68	10025
2019-06-10T23:22:50.490Z	7985.00000000	0.03594925	7984.99	7985	9755.46284717	61810051.30816037	191740.57249874083	19688	0.01	7953.6	7561.7	7250	6850	4550	8006.11	8104.9	8450	8800	10045.35
2019-06-10T23:23:48.222Z	7975.07000000	0.01259765	7975.06	7975.07	9703.73635797	61729860.13808715	191717.9674068008	19500	0.01	7940	7550	7250	6833	4500	7997.87	8100	8450	8800	10045.35
2019-06-10T23:24:49.956Z	7976.80000000	0.00339040	7975.84	7976.8	9703.28608395	62037402.369949825	191776.56945829085	19876.23	0.01	7958.57	7600	7250	6852.79	4570	8000	8100	8450	8761.35	10040.79
2019-06-10T23:25:50.562Z	7984.84000000	0.00598266	7984.01	7984.84	9703.28608395	62016190.04806842	191753.20145689082	19876.23	0.01	7960.51	7575.5	7250	6853.12	4570	8006.95	8100	8450	8761.35	10040.79
2019-06-10T23:26:43.290Z	7981.08000000	0.01800859	7981.89	7984.17	9700.39115292	61818763.3395417	191748.8501736908	19500	0.01	7954.6	7551	7250	6850	4525	8005.95	8100	8450	8800	10045.35
2019-06-10T23:27:49.546Z	7994.50000000	0.08840271	7994.07	7994.98	9700.39115292	61980712.68661455	191768.65049281085	19900	0.01	7967.85	7600	7250	6851	4556.76	8013.09	8100	8450	8705.7	10019
2019-06-10T23:28:44.455Z	8008.92000000	0.00292085	8008	8008.51	9681.18178543	61754917.247202605	191737.21776716082	19876.23	0.01	7976.76	7575.5	7250	6852.79	4556.76	8018.79	8109	8450	8800	10045.35
2019-06-10T23:29:50.825Z	7987.85000000	0.03323381	7987.85	7989.26	9703.52061277	61731297.877783805	191735.68078805084	19500	0.01	7955.08	7551	7250	6850	4525	8012.76	8105	8450	8800	10045.35
2019-06-10T23:30:48.943Z	7987.86000000	0.01975635	7987.85	7987.86	9703.52061277	61766740.12559087	191740.1924769708	19890	0.01	7955.08	7552	7250	6850	4525	8012.76	8100	8450	8750	10019
2019-06-10T23:31:48.504Z	7984.98000000	0.00230657	7984.07	7984.98	9705.66734238	61934949.932298884	191761.10055974082	19988	0.01	7962.55	7575.5	7250	6853.23	4556.76	8013	8100	8450	8799.5	10045.35
2019-06-10T23:32:48.829Z	7982.98000000	0.00082226	7982.36	7982.98	9705.66734238	61674064.72608298	191728.4148233408	19876.23	0.01	7955.08	7561.7	7250	6850	4525	8012.41	8109	8450	8800	10045.35
2019-06-10T23:33:50.334Z	7983.32000000	0.05805215	7983.33	7983.37	9703.15183430	61899424.12279125	191756.85195165084	19999	0.01	7958.53	7569	7250	6850	4550	8013	8100	8450	8800	10045.35
2019-06-10T23:34:46.770Z	7992.65000000	0.12482439	7993.98	7994.18	9698.93770556	61990934.35154295	191767.97586524082	19999	0.01	7973.32	7600	7250	6852.79	4556.76	8013.09	8100	8450	8800	10045.35
2019-06-10T23:35:49.495Z	7990.32000000	0.00292703	7990	7990.31	9698.93770556	61763498.95209223	191739.61732603083	19500	0.01	7965	7561.7	7250	6850	4550	8011.11	8105	8450	8800	10045.35
2019-06-10T23:36:50.188Z	7990.32000000	0.20000000	7990.31	7990.32	9702.51126494	61798286.383268155	191743.9805932608	19876.23	0.01	7965	7570	7250	6850	4550	8013.09	8100	8450	8735	10019
2019-06-10T23:37:51.387Z	7990.02000000	0.08000000	7988.34	7991.2	9702.51126494	61814644.627411954	191746.28617845083	19880	0.01	7961.47	7551	7250	6850	4510	8013.09	8100	8450	8745	10019
2019-06-10T23:38:48.927Z	7995.00000000	0.00124853	7994.99	7995	9700.09686133	61816985.26266369	191746.35140005083	19900	0.01	7965.81	7575.5	7250	6853.23	4556.76	8013.09	8100	8450	8746.84	10019
2019-06-10T23:39:50.638Z	8004.86000000	0.06377291	8005.26	8007.84	9711.18946587	61778943.056606285	191740.93318746085	19900	0.01	7977.09	7575.5	7250	6853.01	4556.76	8018	8109	8450	8800	10045.35
2019-06-10T23:40:49.814Z	7998.85000000	1.24699018	7998.85	7998.86	9711.18946587	61779303.8984126	191741.31804841085	19819.64	0.01	7966	7575.5	7250	6852.79	4556.76	8013	8100	8450	8723.23	10019
2019-06-10T23:41:50.397Z	7987.67000000	0.01095843	7987.66	7987.67	9709.48909485	61784701.08914371	191740.14772695085	19500	0.01	7954.29	7560	7250	6852.79	4556.76	8007.21	8100	8450	8800	10045.35
2019-06-10T23:42:43.773Z	7993.43000000	0.00767001	7991.71	7994.17	9709.48909485	62113348.26496521	191781.40329415083	20000	0.01	7966	7600	7253	6859.83	4570	8013.09	8100	8450	8746.84	10019
2019-06-10T23:43:49.640Z	7995.20000000	0.00896184	7995.19	7995.2	9713.32444628	62057709.38760125	191774.29113494084	19991	0.01	7965	7600	7258	6862.59	4600	8013	8100	8450	8742	10019
2019-06-10T23:44:49.000Z	7984.79000000	0.00292979	7986.48	7989.43	9717.49615637	61912828.63922257	191756.6646409808	19999	0.01	7953.67	7600	7252	6856.64	4580	8013	8100	8450	8800	10045.35
2019-06-10T23:45:51.426Z	7998.74000000	0.00791605	7998.75	7999.75	9717.49615637	62270294.024891734	191801.45448167084	20000	0.01	7973.39	7600	7267.7	6877	4680	8013.09	8100	8450	8746.84	10019
2019-06-10T23:46:51.749Z	8000.00000000	0.01696304	8000	8000.26	9735.40752423	61991957.74736012	191761.81212182084	19876.23	0.01	7957	7561.7	7250	6855	4556.76	8013.09	8100	8450	8700	10019
2019-06-10T23:47:46.431Z	7986.15000000	0.03067287	7985.42	7986.15	9735.40752423	62058321.92684969	191775.87984937083	19944	0.01	7953.67	7600	7265	6876	4600	8007.47	8100	8450	8800	10045.35
2019-06-10T23:48:50.819Z	7988.73000000	0.03885045	7986.4	7988.72	9730.54524291	62329152.395099066	191809.70312766082	20000	0.01	7965.79	7600	7265.69	6877	4680	8012	8109	8450	8800	10045.35
2019-06-10T23:49:51.218Z	7988.41000000	0.00292823	7988.4	7988.41	9736.26461891	62089307.739390425	191779.6571708008	19890	0.01	7956.31	7575.5	7251	6856.64	4570	8007.47	8100	8450	8749	10019
2019-06-10T23:50:51.335Z	7988.59000000	0.01856274	7985.6	7988.57	9736.26461891	62033036.03260477	191770.7704236808	19876.23	0.01	7959.96	7583.48	7250	6855	4556.76	8007.47	8100	8450	8746.84	10019
2019-06-10T23:51:48.711Z	7993.41000000	0.00597887	7992.84	7993.41	9743.91068860	62129363.73952442	191782.43312503083	19999	0.01	7972	7600	7260	6873.7	4600	8013.09	8100	8450	8725.11	10019
2019-06-10T23:52:51.235Z	8003.00000000	0.00230059	8002.14	8003	9743.91068860	61984652.17593866	191764.02175794085	19944	0.01	7975.55	7600	7253	6860	4567.89	8013.04	8100	8450	8737.81	10019
2019-06-10T23:53:50.542Z	8003.91000000	0.01664730	8003.91	8005.22	9750.23336202	62209218.62129803	191793.12508267083	20000	0.01	7977.5	7600	7260	6867.65	4600	8015	8109	8450	8800	10045.35
2019-06-10T23:54:41.911Z	8001.44000000	0.00155547	7998.3	7999.33	9733.91531426	61915895.600833766	191756.67149666083	19876.23	0.01	7966	7600	7250	6855	4556.76	8013.09	8100	8450	8705	10019
2019-06-10T23:55:50.920Z	7998.53000000	0.02448867	7997.04	7998.53	9733.91531426	62013323.39467951	191769.04739081083	19944	0.01	7972.79	7600	7253	6860	4560	8013	8100	8450	8713	10019
2019-06-10T23:56:50.220Z	8003.67000000	0.00895257	8002.39	8003.67	9735.22791575	62090915.377659425	191778.3611913408	20000	0.01	7976.99	7600	7267	6877	4650	8014.6	8109	8450	8800	10045.35
2019-06-10T23:57:48.527Z	8008.70000000	0.00534289	8008.26	8008.7	9735.22791575	61921437.68825967	191756.59510074081	20000	0.01	7980	7600	7253	6860	4560	8020	8120.03	8450	8800.5	10045.35
2019-06-10T23:58:46.480Z	8024.00000000	0.08382831	8023.99	8024	9771.38331629	61745956.14616439	191733.46102978082	20000	0.01	7980	7575.5	7250	6852.79	4556.76	8054.83	8195	8470	8824.47	10300.53
2019-06-10T23:59:49.941Z	8020.55000000	0.10077601	8020.59	8023.81	9864.62425190	61036866.18568825	191643.89862804083	19900	0.01	7972.49	7501	7222	6803.31	4469.2	8052.47	8195	8470	8825	10300.53
2019-06-11T00:00:51.159Z	8043.48000000	0.10746076	8043.48	8043.49	9864.62425190	61025169.49136152	191640.1804496208	19989	0.01	7975	7501	7223	6807	4469.2	8068.98	8200	8470	8826.5	10300.53
2019-06-11T00:01:50.865Z	8050.85000000	0.00593564	8050.81	8050.84	9890.66156913	60921642.98245956	191626.0971728208	19876	0.01	8006.11	7500	7218	6801.5	4437	8068.73	8195.19	8470	8825	10300.53
2019-06-11T00:02:48.427Z	8037.23000000	0.00952346	8035.02	8037.22	9890.66156913	60797426.34587299	191610.5805545608	19876.23	0.01	7977.25	7500	7218	6801	4400	8062.9	8200	8470	8825	10300.53
2019-06-11T00:03:46.917Z	8042.38000000	0.01872995	8039.6	8041.95	9970.12507196	60907983.226346046	191624.5550822908	19500	0.01	7978.02	7500	7220	6801.5	4437	8059.97	8195	8450	8825.5	10300.53
2019-06-11T00:04:51.979Z	8033.49000000	0.03037818	8031.98	8033.5	9954.18945395	61635715.28669624	191715.5545840008	20000	0.01	7999.99	7551	7250	6850	4500	8066	8199.56	8470	8825	10300.53
2019-06-11T00:05:49.901Z	8044.73000000	0.00689580	8044.73	8044.74	9954.18945395	61899479.299499504	191747.94344669083	20000	0.01	8009.76	7600	7260	6862.59	4556.76	8069	8200	8470	8825.5	10300.53
2019-06-11T00:06:49.971Z	8055.61000000	0.00100000	8055.47	8055.86	9939.38067560	61768928.911269225	191731.0881366308	20000	0.01	8024.64	7600	7251.04	6855	4550	8075.66	8200	8470	8826.5	10300.53
2019-06-11T00:07:50.555Z	8044.33000000	0.00129981	8044.32	8044.33	9939.38067560	61651902.091762334	191715.8127738208	19988	0.01	8014.82	7551	7250	6850	4500	8061.9	8165.1	8450	8825.5	10300.53
2019-06-11T00:08:48.390Z	8040.01000000	0.01190068	8040	8040.01	9961.72331839	61661432.54981899	191716.75470889083	20000	0.01	8011.07	7575.5	7250	6850	4500	8069.93	8195	8470	8823.5	10300.53
2019-06-11T00:09:51.565Z	8020.00000000	2.73269737	8017.5	8020	9993.50320905	61505595.70462704	191697.39999936082	19988	0.01	7976.12	7561.7	7250	6850	4500	8061.55	8190	8450	8825.5	10300.53
2019-06-11T00:10:51.339Z	8015.00000000	2.07000000	8015	8015.01	9993.50320905	61444869.03018932	191689.9764378408	19876.23	0.01	7975.51	7565.55	7250	6850	4500	8046.13	8135.96	8450	8800	10045.35