2019-05-30T23:05:07.820Z	8263.57000000	0.15596450	8263.57	8263.96	31036.95900609	55000000	180000	250000	0.01	8222.7	7931	7476.39	6627.21	2000	8292.8	8845	9220	9957	148000
2019-05-30T23:06:06.480Z	8249.95000000	0.00223109	8249.87	8249.95	31068.64731590	55000000	180000	250000	0.01	8217.3	7900	7420	6620	1950	8310	8890	9250	9984.99	148000
2019-05-30T23:07:03.957Z	8229.52000000	0.00860290	8229.5	8229.51	31079.13216238	55000000	180000	250000	0.01	8202.93	7900	7410	6620	1950	8284.4	8830	9220	9960.99	148000
2019-05-30T23:08:09.475Z	8251.96000000	0.00867986	8250.07	8251.96	31161.21645091	55000000	180000	250000	0.01	8208.38	7900	7412	6620	1950	8287.23	8825	9209.9	9956.99	148000
2019-05-30T23:09:09.467Z	8252.28000000	0.01159752	8252.11	8252.28	31168.29613745	55000000	180000	250000	0.01	8210	7900	7426	6620	2000	8283.39	8700	9150	9842.99	125000
2019-05-30T23:10:09.737Z	8247.00000000	0.01668810	8247	8248.05	31173.50070758	55000000	180000	250000	0.01	8204.93	7950	7486	6627.21	2000	8296.43	8855.64	9217	9960.99	148000
2019-05-30T23:11:06.345Z	8250.81000000	0.00700688	8250.94	8253.81	31192.17871705	55000000	180000	250000	0.01	8207.06	7900	7444	6621.43	1800	8287.69	8856.72	9217	9959.98	148000
2019-05-30T23:12:08.593Z	8244.20000000	0.00802001	8240.39	8244.19	31197.67016983	55000000	180000	250000	0.01	8196.01	7900	7413.26	6620	1929	8284.49	8750	9188.9	9888.88	125000
2019-05-30T23:13:07.311Z	8237.53000000	0.00579748	8236	8237.48	31205.54093008	55000000	180000	250000	0.01	8196.01	7900	7400	6620	1860	8280.93	8739.78	9186.88	9900	125000
2019-05-30T23:14:08.824Z	8213.07000000	0.00338647	8213.06	8213.07	31210.01948841	55000000	180000	250000	0.01	8177.48	7900	7400	6627.21	1950	8280.54	8745.48	9186.88	9900	125000
2019-05-30T23:15:09.932Z	8222.42000000	0.01163302	8222.4	8223.82	31232.55717095	55000000	180000	250000	0.01	8177.48	7900	7450	6624.27	1857	8275	8754.69	9188.9	9900	125000
2019-05-30T23:16:08.168Z	8219.41000000	0.03492150	8216.57	8219.99	31295.39149132	55000000	180000	250000	0.01	8177.48	7900	7450	6627.21	1950	8274.99	8750	9188.9	9900	125000
2019-05-30T23:17:08.604Z	8225.00000000	0.00580849	8224.99	8225	31320.07948202	55000000	180000	250000	0.01	8182.07	7900	7444	6624.27	1860	8274.44	8705	9150	9900	125000
2019-05-30T23:18:06.211Z	8232.47000000	0.02380612	8231.99	8236.13	31333.25235407	55000000	180000	250000	0.01	8188.02	7900	7450	6624.27	1889	8281.18	8884.2	9217	9979.89	148000
2019-05-30T23:19:09.123Z	8230.61000000	0.01104350	8229.13	8232	31337.75094311	55000000	180000	250000	0.01	8182.48	7900	7400	6620	1889	8281.18	8700	9150	9850	125000
2019-05-30T23:20:10.397Z	8241.00000000	0.02379003	8237.02	8241.57	31337.77476169	55000000	180000	250000	0.01	8195.2	7900	7460	6627.21	1950	8284.82	8725	9150	9900	125000
2019-05-30T23:21:06.735Z	8246.81000000	0.05256054	8246.81	8248.68	31348.45035896	55000000	180000	250000	0.01	8194.24	7900	7450	6624.27	1850	8282.71	8654.29	9110	9800	125000
2019-05-30T23:22:08.662Z	8243.60000000	0.03195550	8243.59	8243.6	31351.74938403	55000000	180000	250000	0.01	8195.63	7900	7451	6627.21	1950	8275.94	8620	9110	9800	125000
2019-05-30T23:23:08.656Z	8232.96000000	0.06600000	8230	8231.22	31353.53929478	55000000	180000	250000	0.01	8176.37	7900	7400	6620	1866	8261.76	8599.99	9090.24	9800	125000
2019-05-30T23:24:07.658Z	8238.47000000	0.60864018	8236.67	8238.49	31352.29832057	55000000	180000	250000	0.01	8196.01	7900	7440	6620	2000	8282.59	8680	9143.28	9850	125000
2019-05-30T23:25:08.580Z	8238.15000000	0.00579865	8237.99	8238.22	31351.46635116	55000000	180000	250000	0.01	8206.13	7950	7500	6650	2220.01	8290	8800	9200	9950	148000
2019-05-30T23:26:08.457Z	8238.50000000	0.02379583	8238.26	8238.5	31360.01249217	55000000	180000	250000	0.01	8206.13	7950	7500	6640	2000	8281.79	8750	9188.9	9900	125000
2019-05-30T23:27:09.960Z	8245.79000000	0.00269191	8245.79	8245.8	31363.20391389	55000000	180000	250000	0.01	8206.16	7950	7500	6650	2220.01	8282.87	8700	9150	9850	125000
2019-05-30T23:28:07.519Z	8251.32000000	0.02376119	8251.31	8251.32	31365.55298976	55000000	180000	250000	0.01	8212.13	7911	7473.28	6627.21	2000	8290	8730	9151.44	9900	125000
2019-05-30T23:29:10.370Z	8259.58000000	0.00103617	8259.41	8259.57	31356.05159152	55000000	180000	250000	0.01	8207.3	7920	7473.28	6627.21	2000	8280	8686.32	9143.28	9850	125000
2019-05-30T23:30:07.454Z	8255.28000000	0.00397876	8255.27	8255.28	31348.33936458	55000000	180000	250000	0.01	8208.16	7900	7464	6627.21	1950	8291.18	8750	9186.88	9900	125000
2019-05-30T23:31:08.840Z	8265.01000000	0.00578367	8265	8265.01	31364.15377101	55000000	180000	250000	0.01	8218.06	7930	7478	6627.21	2000	8296.01	8761.8	9188.9	9900	125000
2019-05-30T23:32:06.480Z	8279.30000000	0.00457072	8279.3	8279.31	31362.09561304	55000000	180000	250000	0.01	8233.95	7920	7473.28	6627.98	1950	8310	8780	9188.9	9900	125000
2019-05-30T23:33:08.437Z	8282.00000000	0.01239279	8282	8282.01	31388.96151901	55000000	180000	250000	0.01	8249.57	7990	7500	6650	1900	8295	8700	9150	9850	125000
2019-05-30T23:34:07.245Z	8284.29000000	0.00246577	8281.67	8284.3	31394.53179749	55000000	180000	250000	0.01	8270.62	8060	7557	6700	2500	8310.19	8750	9188.16	9900	125000
2019-05-30T23:35:09.867Z	8300.00000000	0.37760130	8299.99	8300	31384.21572120	55000000	180000	250000	0.01	8270.02	8055	7550	6700	2360	8340.47	8786.28	9188.9	9900	125000
2019-05-30T23:36:10.457Z	8305.26000000	0.00197926	8304.71	8305.26	31445.62091411	55000000	180000	250000	0.01	8282.44	8080	7605	6735	2820	8349	8800	9200	9950	148000
2019-05-30T23:37:10.164Z	8293.73000000	0.00575625	8290.79	8293.71	31470.29973801	55000000	180000	250000	0.01	8271.11	8080	7608	6735.21	2900	8325	8750	9188.9	9885.99	125000
2019-05-30T23:38:10.164Z	8288.47000000	0.01284469	8285.81	8288.47	31534.30560304	55000000	180000	250000	0.01	8270.3	8080	7610	6735.21	2900.01	8324.54	8780	9188.9	9899.98	125000
2019-05-30T23:39:07.591Z	8300.00000000	0.01153167	8299.77	8300	31537.25923696	55000000	180000	250000	0.01	8277	8080	7640	6762.11	3000	8332.28	8780.16	9188.9	9900	125000
2019-05-30T23:40:10.800Z	8282.51000000	0.00398592	8282.5	8282.51	31537.67727070	55000000	180000	250000	0.01	8270.01	8080	7601	6723.31	2800	8323.2	8780	9188.9	9889.99	125000
2019-05-30T23:41:08.489Z	8289.99000000	0.00246176	8287.41	8289.99	31560.95000826	55000000	180000	250000	0.01	8270.01	8080	7630	6750	2955	8323.2	8775	9188.9	9888.88	125000
2019-05-30T23:42:08.181Z	8284.70000000	0.93834072	8284.7	8284.71	31560.62271043	55000000	180000	250000	0.01	8270.01	8080	7617	6735.21	2900	8323.2	8785	9188.9	9900	125000
2019-05-30T23:43:08.944Z	8285.67000000	0.00618931	8281.69	8285.67	31567.19224006	55000000	180000	250000	0.01	8274.46	8080	7640	6777	3000	8315	8744.11	9180	9900	125000
2019-05-30T23:44:04.930Z	8285.04000000	0.67000000	8285.04	8285.12	31564.01282392	55000000	180000	250000	0.01	8270.69	8080	7617	6750	2900	8315	8749	9180.44	9900	125000
2019-05-30T23:45:07.890Z	8285.05000000	0.02366067	8285.04	8285.05	31552.29647967	55000000	180000	250000	0.01	8277.01	8090	7653.98	6790	3050.01	8315	8745.48	9178.19	9900	125000
2019-05-30T23:46:07.299Z	8299.98000000	0.02421199	8299.52	8299.99	31566.23258990	55000000	180000	250000	0.01	8277.01	8080	7640	6767	3000	8323	8750	9188.16	9900	125000
2019-05-30T23:47:07.811Z	8293.76000000	0.08531290	8293.75	8293.76	31565.41695530	55000000	180000	250000	0.01	8270.01	8080	7626	6750	2900.01	8315	8725	9150	9828	125000
2019-05-30T23:48:08.280Z	8289.58000000	0.11816108	8288.02	8289.58	31565.33069197	55000000	180000	250000	0.01	8270.01	8080	7640	6777.77	3000	8310	8694.48	9125	9819.4	125000
2019-05-30T23:49:08.732Z	8290.15000000	0.01009266	8290.15	8290.16	31577.87296831	55000000	180000	250000	0.01	8271.13	8080	7640	6782	3000	8315	8745.48	9150	9888.91	125000
2019-05-30T23:50:05.656Z	8289.29000000	0.00108152	8288	8289.29	31581.29908276	55000000	180000	250000	0.01	8270.01	8080	7626.5	6750	2900	8314.54	8725	9150	9828	125000
2019-05-30T23:51:09.431Z	8283.15000000	0.02366173	8280.99	8283.15	31607.13890271	55000000	180000	250000	0.01	8270.16	8080	7640	6770	2995	8315	8750	9150	9899.99	125000
2019-05-30T23:52:09.832Z	8281.20000000	0.01788189	8281.02	8283.48	31593.01262137	55000000	180000	250000	0.01	8270.01	8080	7612	6750	2812	8310	8700	9133.08	9820	125000
2019-05-30T23:53:06.453Z	8281.00000000	0.00254818	8281	8281.01	31591.98995004	55000000	180000	250000	0.01	8270.47	8080	7617	6750	2879	8314.54	8856.72	9200	9956.99	148000
2019-05-30T23:54:08.815Z	8278.58000000	0.01965221	8278.33	8278.58	31590.55179122	55000000	180000	250000	0.01	8267.47	8070	7588	6720	2800	8312.14	8850	9200	9956.99	148000
2019-05-30T23:55:08.372Z	8270.00000000	2.90617355	8270	8270.14	31613.77221517	55000000	180000	250000	0.01	8234.59	8000	7500	6666.66	1906.02	8303.7	8700	9150	9800	125000
2019-05-30T23:56:08.272Z	8267.09000000	0.23719606	8268.48	8268.49	31713.33291224	55000000	180000	250000	0.01	8234.09	8000	7500	6690	2000	8310	8750	9150	9898	148000
2019-05-30T23:57:08.976Z	8276.29000000	0.01166296	8275.86	8276.29	31713.23885292	55000000	180000	250000	0.01	8234.09	8000	7500	6666	1808	8312.14	8750	9180	9900	125000
2019-05-30T23:58:07.381Z	8274.00000000	0.00366171	8273.99	8274	31716.48622876	55000000	180000	250000	0.01	8238	8000	7500	6666	1820	8303.38	8700	9150	9800	125000
2019-05-30T23:59:09.468Z	8273.34000000	0.01155666	8270.99	8273.2	31716.21235596	55000000	180000	250000	0.01	8238	8000	7500	6666	1808	8302.75	8700	9147.36	9834.99	125000
2019-05-31T00:00:07.685Z	8279.69000000	0.65770000	8279.68	8279.69	31718.21561621	55000000	180000	250000	0.01	8238	8000	7500	6665	1808	8312.14	8745.48	9150	9890	148000
2019-05-31T00:01:06.804Z	8273.56000000	0.22000000	8273.56	8273.57	31719.50824104	55000000	180000	250000	0.01	8238	8000	7500	6666	1839.87	8310	8750	9180.44	9900	148000
2019-05-31T00:02:09.744Z	8299.01000000	0.04627901	8299.01	8299.02	31721.78582500	55000000	180000	250000	0.01	8256.26	8000	7501	6690	2100	8312.14	8705	9150	9820	125000
2019-05-31T00:03:07.506Z	8341.80000000	0.63543399	8334.39	8334.4	31721.34389874	55000000	180000	250000	0.01	8273	8000	7500	6666	1817	8368.69	8900	9250	9988	150000
2019-05-31T00:04:08.436Z	8330.71000000	0.11778122	8330.7	8330.71	31710.41226678	55000000	180000	250000	0.01	8286.38	8001	7501	6690	2080	8388.48	8869.92	9200	9956.99	148000
2019-05-31T00:05:07.722Z	8328.49000000	0.05116746	8325.85	8328.49	31856.96148505	55000000	180000	250000	0.01	8273	8000	7503.68	6690	2100	8378.28	8800	9199	9950	148000
2019-05-31T00:06:07.879Z	8330.81000000	0.04019471	8330.8	8330.81	31854.72113184	55000000	180000	250000	0.01	8276.44	8000	7501	6690	1750	8378.28	8800	9199	9950	148000
2019-05-31T00:07:08.425Z	8322.54000000	0.00221365	8322.53	8322.54	31857.79089149	55000000	180000	250000	0.01	8277.58	8000	7501	6690	1800	8399	8890	9224.99	9988	150000
2019-05-31T00:08:07.691Z	8323.10000000	0.02357780	8322.38	8324.42	31871.65768279	55000000	180000	250000	0.01	8272.4	8000	7501	6690	1750	8399	8890	9220	9987.06	150000
2019-05-31T00:09:07.582Z	8315.00000000	0.02947840	8314.99	8315	31856.57821977	55000000	180000	250000	0.01	8268.61	8000	7500	6683.31	1550	8399	8891.16	9240	9988	150000
2019-05-31T00:10:08.618Z	8318.12000000	0.11778744	8317.21	8318.12	31846.53219850	55000000	180000	250000	0.01	8268.9	8000	7500	6683.31	1501	8399	8889	9200	9956.99	148000
2019-05-31T00:11:06.583Z	8320.63000000	0.17997424	8319.12	8321.29	31827.52027370	55000000	180000	250000	0.01	8268.9	8000	7500	6690	1655	8364.13	8820	9200	9950	148000
2019-05-31T00:12:07.353Z	8332.67000000	0.00423612	8332.67	8332.83	31837.13101236	55000000	180000	250000	0.01	8273.15	8000	7508	6690	1750	8392.73	8860	9200	9950	148000
2019-05-31T00:13:02.561Z	8325.46000000	0.00396077	8325.43	8325.58	31835.18615938	55000000	180000	250000	0.01	8286.38	8000	7510	6690	1750	8392.73	8853.89	9200	9950	148000
