2019-05-31T15:46:29.500Z	8375.17000000	0.04096756	8375.16	8375.17	33881.49889669	55022520.86043231	184184.65319058092	238453.77	0.01	8349.42	8000	7600	6825.35	3220.01	8409.3	8729.59	9050	9650	101000
2019-05-31T15:47:29.400Z	8375.16000000	0.03654502	8375.16	8375.17	33857.34121976	54830664.02736912	184161.69934983092	200000	0.01	8340	8000	7590	6813.13	3220.01	8408.78	8730	9050	9650	101000
2019-05-31T15:48:30.402Z	8346.08000000	0.69999998	8346.08	8346.34	33617.70676057	54537241.03354858	184127.4865001109	180000	0.01	8302.08	7972.43	7505.21	6800	3200	8384.43	8735.33	9050	9650	101000
2019-05-31T15:49:29.566Z	8335.78000000	0.01002698	8335.85	8340.39	33584.53417364	54325118.960089214	184102.4491172609	190000	0.01	8251.84	7950	7500	6800	3137.02	8382.98	8740	9050	9650	101000
2019-05-31T15:50:29.527Z	8337.67000000	0.05600000	8337.67	8340.22	33696.87575155	54457097.27860936	184118.3659545109	200000	0.01	8275.01	7980	7508	6800	3155	8384.73	8752.53	9056.67	9650	101000
2019-05-31T15:51:28.795Z	8331.27000000	0.00360000	8331.28	8331.34	33693.44885358	54813055.49032023	184161.0386194509	200000	0.01	8302.28	8000	7600	6830	3220.01	8370.03	8730	9050	9630.09	100151
2019-05-31T15:52:30.946Z	8343.63000000	0.00383810	8341.73	8343.62	33678.90351808	54805772.57162371	184160.0630835309	238453.77	0.01	8306.87	8000	7583.01	6812	3220.01	8383.95	8750	9056.67	9617.97	100000
2019-05-31T15:53:31.128Z	8352.90000000	0.36471958	8352.9	8353.1	33662.61583503	54989773.45597711	184181.87991613094	238453.77	0.01	8318.21	8000	7600	6830	3220.01	8388.85	8740	9050	9650	101000
2019-05-31T15:54:28.896Z	8360.00000000	0.00595230	8359.99	8360	33683.01261468	54926969.77495646	184174.46963409093	200000	0.01	8318.21	8000	7598	6826	3220.01	8394.84	8730	9050	9630.09	100151
2019-05-31T15:55:28.819Z	8349.80000000	0.00119179	8349.2	8349.65	33680.92098767	54886963.86723583	184169.38879521092	153323.23	0.01	8318	8000	7590	6820	3220.01	8375	8698	9000	9600	100000
2019-05-31T15:56:31.155Z	8341.33000000	0.10057678	8341.33	8341.39	33678.34914545	54611313.775388636	184136.51465533092	150000	0.01	8295.19	7990	7543.37	6800	3200	8370	8694.48	9000	9600	100000
2019-05-31T15:57:30.460Z	8330.65000000	0.00597165	8329.12	8330.54	33637.82012728	54709634.937031515	184148.24097093093	200000	0.01	8290.75	8000	7585	6811.54	3220.01	8384	8740	9050	9650	101000
2019-05-31T15:58:23.739Z	8344.72000000	0.00572596	8343.81	8343.82	33544.27010081	54743675.73126118	184251.6981285909	200000	0.01	8302.17	8000	7598	6825	3220.01	8384	8730	9050	9634.99	100151
2019-05-31T15:59:30.355Z	8354.50000000	0.01718831	8354.49	8354.5	33385.32851680	54988058.313528575	184280.09957395095	200000	0.01	8318.21	8000	7600	6831.9	3220.01	8391.13	8740	9050	9625	100151
2019-05-31T16:00:29.220Z	8350.17000000	2.04151181	8350.42	8350.43	33383.49842594	54921374.68315772	184271.4098204009	200000	0.01	8311.4	8000	7598	6825.35	3220.01	8383.98	8740	9050	9630.09	100151
2019-05-31T16:01:31.401Z	8365.06000000	1.27262081	8365.05	8365.06	32978.90525461	54927617.29667506	184271.00617426095	200000	0.01	8325	8000	7590	6812	3220.01	8405	8749	9052	9684.99	101490
2019-05-31T16:02:27.767Z	8365.81000000	0.00107081	8365.8	8365.81	32714.82429245	54787660.80886513	184256.58905801093	200000	0.01	8324.24	8000	7600	6826	3220.01	8397.7	8740	9050	9625	100151
2019-05-31T16:03:27.495Z	8357.86000000	0.01119113	8357.36	8357.37	32707.52068098	54774279.61001401	184255.0174374909	153323.23	0.01	8321	8000	7598	6824	3220.01	8386.42	8700	9016.8	9600	100000
2019-05-31T16:04:26.958Z	8357.29000000	0.00220373	8355.6	8356.48	32363.90619497	54932935.09464605	184275.41961572092	210000	0.01	8319.6	8000	7590	6812	3220.01	8397.7	8740	9050	9625	100151
2019-05-31T16:05:27.884Z	8359.45000000	0.00297455	8358.52	8359.3	32303.10637136	54937402.754261866	184274.85954639092	153323.23	0.01	8321	8000	7590	6812.86	3220.01	8379.23	8698	9000	9575	100000
2019-05-31T16:06:29.930Z	8352.71000000	0.00509919	8352.71	8352.95	32240.24274338	54941029.621508196	184275.05359036094	200000	0.01	8319.6	8000	7600	6826	3220.01	8387.13	8725	9050	9625	100151
2019-05-31T16:07:29.223Z	8330.45000000	0.52993785	8330.44	8330.45	32182.46897803	54918788.52492032	184272.82346763092	238453.77	0.01	8302.02	8000	7595	6825	3220.01	8383.95	8750	9056.67	9600	100000
2019-05-31T16:08:28.301Z	8334.78000000	0.10000000	8329.87	8330.9	32106.43085135	54738718.62269413	184251.11696503093	153323.23	0.01	8300	7995	7550	6800	3220	8365.87	8698	9000	9577.97	100000
2019-05-31T16:09:30.109Z	8324.02000000	0.04117256	8324.07	8324.34	31977.86477462	54681087.68997628	184244.4139992209	199600	0.01	8291.6	7991	7550	6800	3200	8369.03	8735.64	9050	9650	101000
2019-05-31T16:10:30.430Z	8328.15000000	0.00280759	8324.45	8327.16	31958.77313332	54472008.6876219	184219.22793898094	190000	0.01	8274.66	7972.43	7508	6800	3155	8379.23	8750	9056.67	9600	100000
2019-05-31T16:11:31.249Z	8320.00000000	0.01755973	8320	8321.12	31930.01771507	54552804.00546989	184229.0388087209	198076.54	0.01	8280	7985	7537.85	6800	3200	8354.59	8710	9050	9630.09	100151
2019-05-31T16:12:30.555Z	8314.41000000	0.05893139	8313.82	8314.41	31759.26472764	54511362.02033075	184224.4410489309	200000	0.01	8267.47	7972.43	7507.51	6800	3155	8365	8750	9056.67	9600	100000
2019-05-31T16:13:28.270Z	8324.57000000	0.00860562	8319.78	8324.28	31689.38452962	54736309.909394555	184251.5328864509	199600	0.01	8285.3	8000	7595	6820	3220.01	8354.02	8732	9050	9650	101000
2019-05-31T16:14:31.348Z	8332.22000000	0.02941502	8328.9	8332.22	31544.92688989	54585018.166831255	184232.84097323092	199600	0.01	8290.72	7996	7550	6800	3220	8369.12	8749	9052	9685	101490
2019-05-31T16:15:28.180Z	8314.97000000	0.01195793	8313.77	8314.62	31472.34631564	54705161.49861295	184248.3075225109	200000	0.01	8275.57	7999	7550	6800	3220.01	8367.53	8752.53	9056.67	9630.09	100151
2019-05-31T16:16:28.450Z	8336.70000000	0.01661677	8332.21	8336.42	31289.08092827	54713718.167218946	184249.17350736092	210000	0.01	8280.67	7999.89	7550	6800	3220.01	8369.38	8750	9056.67	9600	100000
2019-05-31T16:17:23.462Z	8348.56000000	0.03027193	8342.11	8344.55	30933.14452566	54570043.60807233	184231.00412270092	200000	0.01	8264	7985	7537.85	6800	3200	8397.7	8752.53	9056.67	9630.09	100151
2019-05-31T16:18:30.241Z	8338.29000000	0.04580278	8338.32	8340	30340.60713193	54889901.79833378	184269.4781656609	210000	0.01	8299	8000	7575	6810	3220.01	8371.08	8745	9052	9684.99	101490
2019-05-31T16:19:28.103Z	8339.06000000	0.00421874	8339.06	8340	29999.91819057	54707124.46769845	184247.54543862093	200000	0.01	8295.19	7990	7543.37	6800	3200	8381.31	8749	9056.67	9600	100000
2019-05-31T16:20:26.856Z	8340.12000000	0.01782431	8339.23	8342.95	29704.80129119	54753317.674205355	184251.96803755092	153323.23	0.01	8300	7996	7550	6800	3220.01	8364.02	8700	9049	9600	100000
2019-05-31T16:21:29.736Z	8356.04000000	0.00566915	8356.04	8356.05	29634.54645310	54687175.14693911	184243.80711084092	238453.77	0.01	8285	7990	7537.85	6800	3200	8402.91	8779.37	9056.67	9650	101000
2019-05-31T16:22:27.900Z	8351.68000000	0.06107880	8351.68	8351.69	29661.26827755	54834913.74487708	184261.62072667092	200000	0.01	8300	8000	7570	6800	3220.01	8392.75	8750	9056.67	9600	100000
2019-05-31T16:23:27.280Z	8351.70000000	0.02463228	8351.69	8351.7	29592.16348301	54752312.68083905	184251.64790279092	200000	0.01	8300	7993	7550	6800	3200	8390	8749	9056	9689	115000
2019-05-31T16:24:27.612Z	8352.43000000	0.00258583	8352.43	8352.44	29494.89729188	54785377.41888576	184249.8854091709	200000	0.01	8316.44	8000	7580	6801	3220.01	8397.7	8749	9056.67	9600	100000
2019-05-31T16:25:30.282Z	8380.94000000	1.43338747	8380.94	8384.44	29374.90296475	54167567.20582471	184175.72444617093	150000	0.01	8263	7949.9	7500	6787	3000.01	8423.26	8750	9056.67	9600	100000
2019-05-31T16:26:30.584Z	8403.58000000	0.13143470	8403.58	8403.59	29356.20068302	54721519.66141985	184241.0109734209	247447.63	0.01	8344.08	8000	7575	6803.13	3220.01	8442.76	8779.37	9056.67	9650	101000
2019-05-31T16:27:28.361Z	8394.23000000	0.07821820	8394.22	8394.23	29348.93020714	54665562.40861052	184233.77082591093	210000	0.01	8328.46	8000	7575	6800	3220.01	8440	8775	9056.67	9650	101000
2019-05-31T16:28:30.138Z	8394.20000000	0.11679706	8394.19	8394.2	29267.79806094	54771755.48344851	184246.59971105092	247447.63	0.01	8344.76	8000	7581	6801	3220.01	8435.65	8750	9056.67	9620.2	100151
2019-05-31T16:29:30.714Z	8403.59000000	0.02919558	8403.58	8403.59	29160.16398586	54700800.30183397	184238.27823708093	247447.63	0.01	8362.4	8000	7570	6800	3200	8442.7	8779.37	9056.67	9675	101490
2019-05-31T16:30:28.909Z	8411.84000000	0.01881120	8411.83	8411.84	29163.17210178	54467093.35085547	184206.9397238109	200000	0.01	8344.01	8000	7572	6800	3180	8448.05	8752.53	9056.67	9650	101000
2019-05-31T16:31:28.697Z	8439.39000000	0.07100000	8439.39	8439.4	29111.68449770	54237603.5801867	184179.27939566094	238453.77	0.01	8328.59	7970	7501	6790	3087	8479.55	8800	9065	9791.89	100151
2019-05-31T16:32:29.339Z	8465.98000000	0.01683017	8465.98	8468.01	29096.27591009	54758206.369343124	184243.18272939092	250000	0.01	8382.18	8000	7580	6800	3220.01	8503.31	8800	9070	9749.97	120000
2019-05-31T16:33:27.370Z	8440.14000000	0.07015023	8439.86	8439.99	29117.38280027	54670784.92777769	184230.03465029094	247447.63	0.01	8404	8000	7581	6800	3200	8475.14	8800	9070	9737.31	115401.25
2019-05-31T16:34:28.400Z	8449.91000000	0.00848803	8449.59	8449.92	29115.13719665	54880619.74092883	184254.8349645209	250000	0.01	8404.87	8000	7617	6830	3220.01	8484	8800	9070	9738.99	120000
2019-05-31T16:35:30.675Z	8443.01000000	0.00565607	8440.73	8443.01	29100.94297332	55252604.71449901	184303.25013593098	250000	0.01	8409.32	8000	7650	6888	3460	8478.26	8800	9070	9745	120000
2019-05-31T16:36:30.572Z	8431.80000000	0.03146052	8429.87	8431.79	29040.04908491	55071054.74537313	184281.87681768092	250000	0.01	8375.78	8000	7600	6840	3220.01	8474.55	8800	9070	9741.01	120000
2019-05-31T16:37:30.730Z	8419.87000000	0.25000000	8415.02	8415.03	28984.19063243	54696577.13374659	184237.1807204909	247447.63	0.01	8350	8000	7562	6800	3220.01	8455.06	8789	9057.76	9791.89	100000
2019-05-31T16:38:30.567Z	8427.62000000	1.88809461	8430.87	8432.63	29003.47352223	54810893.99825869	184250.02668100092	250000	0.01	8362.71	8000	7575	6805	3220.01	8472.12	8800	9070	9758.99	120000
2019-05-31T16:39:27.206Z	8432.40000000	0.00218418	8430.69	8432.41	28975.79601161	55245940.73821587	184302.07329403094	250000	0.01	8390	8000	7633	6875	3300	8474.16	8800	9060	9791.89	100000
2019-05-31T16:40:29.424Z	8435.24000000	0.00230097	8432.21	8435.24	28936.28389476	55126721.54292993	184287.77988269096	250000	0.01	8378.04	8000	7643	6886	3300	8462.18	8779.37	9056.67	9679.35	101490
2019-05-31T16:41:29.133Z	8427.02000000	0.00554893	8427	8427.01	28917.72797118	55131950.978338614	184288.52826358096	250000	0.01	8388.56	8000	7633.37	6875	3300	8456	8750	9056.67	9650	100151
2019-05-31T16:42:29.865Z	8435.00000000	0.05912900	8432.42	8434.91	28877.99100778	55265223.32175598	184304.40654752098	250000	0.01	8391.7	8000.11	7649.3	6886	3300	8462.3	8750	9056.67	9600	100000
2019-05-31T16:43:31.622Z	8436.00000000	0.03005716	8434.93	8436	28866.83546660	55313880.34283928	184309.40939178097	250000	0.01	8394.21	8000.11	7650	6888	3411.11	8474.4	8790	9056.67	9700	115000
2019-05-31T16:44:31.180Z	8435.17000000	0.01847640	8431.52	8435.17	28826.44860258	55261377.63910552	184303.19174725094	250000	0.01	8394.78	8000	7650	6888	3411.11	8474.16	8800	9056.67	9700	115000
2019-05-31T16:45:26.984Z	8423.23000000	0.00561229	8422.7	8422.71	28807.26181868	55105433.70151642	184281.73300186094	250000	0.01	8384.19	8000	7650	6888	3400	8461.16	8790.36	9056.67	9700	115000
2019-05-31T16:46:30.980Z	8420.56000000	0.00105910	8420.56	8420.57	28750.95694033	55278198.17108981	184302.48701902098	250000	0.01	8384.19	8004	7650	6888	3401	8461.16	8779.37	9056.67	9660.09	101490
2019-05-31T16:47:25.448Z	8430.29000000	0.01259610	8430.1	8430.29	28723.00986787	55300970.60128866	184304.90480550096	250000	0.01	8402.05	8001	7650	6888	3401	8474.55	8800	9056.67	9704.99	115000
2019-05-31T16:48:25.464Z	8436.91000000	0.06322685	8437.12	8438.91	28712.39879324	55389827.6317933	184315.44812755098	250000	0.01	8408.11	8027.42	7666	6904	3500	8474.28	8795	9056.67	9700	101490
2019-05-31T16:49:30.750Z	8445.54000000	0.01800120	8445.19	8445.54	28714.24557080	55277570.51671714	184301.71784549096	250000	0.01	8406.11	8015	7650	6888	3411.11	8493.21	8800	9057.76	9791.89	100000
2019-05-31T16:50:28.874Z	8446.41000000	0.06035948	8446.4	8446.41	28712.97522239	55296686.419384606	184303.92399047097	250000	0.01	8414.63	8027.42	7652.12	6888	3460	8493.09	8800	9057.76	9791.89	100000
2019-05-31T16:51:27.955Z	8443.60000000	0.15441265	8443.23	8443.49	28618.33861589	55322152.669360325	184320.61217913099	250000	0.01	8409.37	8027.42	7653.98	6888	3460	8475.65	8795	9056.67	9684.99	101490
2019-05-31T16:52:31.471Z	8425.18000000	0.42080647	8425.17	8425.18	28571.56065003	55227189.793726586	184309.37835171094	250000	0.01	8394.78	8001	7638	6875	3297	8459.38	8750	9050	9684.99	101490
2019-05-31T16:53:30.206Z	8432.58000000	0.10500000	8429.09	8432.5	28583.63690884	55375975.809935115	184327.223333841	247447.63	0.01	8397.04	8041	7654.32	6888	3460	8458.53	8700	9015	9600	100000
2019-05-31T16:54:28.533Z	8436.93000000	0.00837322	8434.57	8435.21	28515.62153024	55267540.19442735	184313.56752950096	210000	0.01	8398.01	8016	7650	6888	3401	8462.18	8731.2	9049	9634.99	100151
2019-05-31T16:55:31.140Z	8435.11000000	0.05955437	8435.11	8435.12	28499.94528056	55269157.05492608	184313.54497430098	200000	0.01	8400.81	8018	7650	6888	3401	8459.54	8698	9000	9575	100000
2019-05-31T16:56:31.674Z	8435.12000000	0.05811523	8435.11	8435.12	28495.27433646	55293490.11001784	184316.52908826098	200000	0.01	8401.69	8027.42	7653.98	6888	3460	8459.54	8694.48	9000	9575	100000
2019-05-31T16:57:29.671Z	8424.01000000	0.01135746	8424	8424.01	28488.68273564	55019198.34106121	184283.80097756095	190000	0.01	8388.8	8000	7636	6874	3250	8453.78	8700	9000	9600	100000
2019-05-31T16:58:31.650Z	8417.00000000	0.50000000	8415	8416.58	28494.51573570	55063626.109954305	184289.29654185093	198076.54	0.01	8378.84	8000	7618.37	6853.01	3250	8449.98	8684.28	9000	9566.31	100000
2019-05-31T16:59:31.535Z	8388.94000000	0.08180873	8388.65	8388.94	28461.70895630	54527041.50618921	184225.71025731092	150000	0.01	8334.55	7990	7550	6800	3155	8425.57	8698	9000	9575	100000
2019-05-31T17:00:27.839Z	8386.96000000	0.00573449	8386.96	8386.97	28461.95187709	54529557.79533112	184226.01230181093	150000	0.01	8334.55	7990	7550	6800	3155	8425.05	8698	9000	9575	100000
2019-05-31T17:01:30.410Z	8376.14000000	0.11908901	8376.13	8376.14	28363.95294031	54534409.56116602	184227.4319250509	150000	0.01	8307	7990	7550	6800	3155	8411.77	8694.48	9000	9568	100000
2019-05-31T17:02:31.706Z	8377.81000000	5.25700000	8377.8	8377.81	28256.15010251	54708057.48368292	184248.30968042093	150000	0.01	8323.14	8000	7575	6810	3220.01	8406.41	8654.13	9000	9547.88	100000
2019-05-31T17:03:30.993Z	8386.97000000	0.05844894	8386.69	8386.97	28209.09218110	55151684.74202824	184301.38580211098	200000	0.01	8345.72	8000.11	7643	6888	3369	8435.11	8710	9031.13	9630.09	100000
2019-05-31T17:04:23.289Z	8387.96000000	0.00355685	8387.94	8387.95	28104.90273634	55073925.19772074	184292.09377647095	153323.23	0.01	8350	8000	7617	6859	3250	8421.91	8675	9000	9550	100000
2019-05-31T17:05:28.193Z	8397.75000000	0.00296527	8397.53	8397.74	28069.21034507	55210629.11141556	184308.28300205097	200000	0.01	8357.82	8001	7643	6888	3370	8435.12	8698	9000	9568	100000
2019-05-31T17:06:27.195Z	8392.01000000	0.04555100	8391.11	8392.04	28024.49305002	55291910.37210608	184317.83046738096	200000	0.01	8361.83	8007	7666	6920	3500	8435.36	8698.56	9000	9580	100000
2019-05-31T17:07:30.908Z	8406.49000000	0.01985640	8403.18	8406.49	27928.07602722	55453409.14741953	184336.87797068097	238453.77	0.01	8372.42	8007	7666	6950	3500	8439.46	8700	9016.8	9600	100000
2019-05-31T17:08:30.529Z	8407.99000000	0.04032342	8406.49	8407.59	27911.78762340	55116637.99234085	184296.60797542098	199600	0.01	8365.3	8000	7626	6868	3250	8446.02	8700	9012.9	9600	100000
2019-05-31T17:09:31.348Z	8412.16000000	0.00508330	8412.17	8414.2	27638.20987307	54945052.20625327	184263.82984964093	198076.54	0.01	8360	8000	7650	6888	3300	8449.07	8694.48	9000	9568	100000
2019-05-31T17:10:30.979Z	8419.00000000	0.01146542	8417.86	8419	27579.35283068	55082023.04373063	184279.51212030096	200000	0.01	8377.31	8000	7627.72	6870	3220.01	8450.3	8700	9016.8	9600	100000
2019-05-31T17:11:27.934Z	8440.22000000	5.95000000	8434.57	8434.58	27395.51183377	55119756.33764067	184286.43139796096	199600	0.01	8370	8000	7642.12	6888	3301	8459.67	8694.48	9000	9568	100000
2019-05-31T17:12:31.410Z	8427.17000000	0.01078628	8426.43	8427.17	27349.86257006	55180259.0295119	184293.70715592094	200000	0.01	8359.06	8003.69	7650	6888	3365.76	8458.05	8699.99	9000	9600	100000
2019-05-31T17:13:30.463Z	8418.68000000	2.53484616	8418.18	8418.19	27238.42882580	55162316.71005615	184291.79515228097	153323.23	0.01	8360	8001	7642.12	6888	3301	8448.34	8650	9000	9547.88	100000
2019-05-31T17:14:29.133Z	8418.45000000	0.00278047	8418.44	8418.45	27169.48459042	55173504.23608234	184292.31781978096	200000	0.01	8364.68	8001	7650	6888	3333	8449.98	8700	9005	9600	100000
2019-05-31T17:15:28.792Z	8421.71000000	0.00330841	8421.7	8421.71	27140.36137611	55246716.11553388	184304.451215711	200000	0.01	8380	8007	7666	6950	3500	8451.98	8700	9005	9600	100000
2019-05-31T17:16:29.798Z	8421.70000000	0.12139873	8421.7	8421.71	27073.14038524	55319259.12229948	184313.17583101094	200000	0.01	8384.43	8027.42	7666	6953.31	3500	8456.76	8700	9015	9600	100000
2019-05-31T17:17:29.162Z	8421.71000000	0.00489328	8421.7	8421.71	27054.42554013	55576706.403440565	184343.69829747095	247447.63	0.01	8384.18	8050	7666	6984.24	3500	8451.98	8700	9008.64	9600	100000
2019-05-31T17:18:30.643Z	8434.58000000	0.05534074	8434.57	8434.58	26974.47073342	55401003.42755939	184322.72845520097	238453.77	0.01	8387.9	8007	7666	6975	3500	8459.91	8699.99	9000	9600	100000
2019-05-31T17:19:30.960Z	8434.13000000	2.47281622	8434.14	8437.83	26926.61624684	55283295.81237343	184308.74257318096	190000	0.01	8364.68	8007	7666	6950	3500	8449.14	8641.8	9000	9547.88	100000
2019-05-31T17:20:30.232Z	8436.66000000	0.02041427	8435.87	8436.66	26892.33495288	55505913.79715111	184336.29878693097	247447.63	0.01	8373	8007	7666	6990	3500	8458.49	8698	9000	9555	100000
2019-05-31T17:21:28.116Z	8431.46000000	0.00849290	8430	8431.46	26888.19435723	55253848.34661368	184306.21392932095	199600	0.01	8364.68	8000.11	7650	6892	3300	8449.81	8654.13	9000	9547.88	100000
2019-05-31T17:22:30.269Z	8427.56000000	0.00512646	8425.36	8426.53	26888.50101174	55204955.89926928	184300.41093704096	190000	0.01	8360	8000	7650	6888	3300	8449.98	8650.03	9000	9547.88	100000
2019-05-31T17:23:30.164Z	8416.74000000	0.01250203	8412.98	8416.71	26881.82685878	54978299.56162143	184273.56336950095	200000	0.01	8343.58	8000	7600	6853.01	3220.01	8451.5	8729.16	9049	9634.99	100151
2019-05-31T17:24:30.397Z	8410.01000000	0.01625122	8410.01	8414.16	26851.46515760	55302794.885245934	184312.33351731094	210000	0.01	8364.68	8002	7650	6899	3300	8449.04	8700	9004.56	9600	100000
2019-05-31T17:25:30.736Z	8429.05000000	0.00846405	8426.55	8429.02	26826.93262161	55232951.00792243	184303.56300793096	247447.63	0.01	8364.68	8000.11	7650	6888.88	3300	8457.2	8740	9049	9640	100151
2019-05-31T17:26:26.211Z	8418.96000000	0.00331127	8414.69	8419	26815.47527891	55376356.24730458	184320.95943048096	210000	0.01	8364.68	8007	7666	6984.24	3500	8449.38	8697.12	9000	9568	100000
2019-05-31T17:27:31.367Z	8416.60000000	0.00277844	8416.6	8419.61	26758.12402665	55434640.22451316	184327.96590000097	238453.77	0.01	8366	8007	7666	6979	3500	8449.37	8698	9000	9568	100000
2019-05-31T17:28:31.199Z	8424.30000000	0.01589568	8424.29	8424.3	26725.48608085	55462081.90656823	184331.12598526097	247447.63	0.01	8366	8007	7666	6984.24	3500	8455	8708.76	9024	9625	100000
2019-05-31T17:29:31.599Z	8438.95000000	0.01143845	8434.25	8438.95	26649.90954688	55222374.198094	184302.34711715096	200000	0.01	8364.68	8000	7650	6888	3400	8459.98	8700	9001.51	9600	100000
2019-05-31T17:30:27.170Z	8430.01000000	0.01702517	8430	8430.01	26641.28946300	55198487.97444591	184299.52916954094	200000	0.01	8360	8000	7650	6888	3400	8459.67	8700	9000	9575	100000
2019-05-31T17:31:30.737Z	8430.00000000	0.11922006	8430	8430.01	26625.49389168	55328491.40820419	184316.17127670094	238453.77	0.01	8364.68	8000	7649.3	6900	3333	8459.64	8700	9001	9600	100000
2019-05-31T17:32:31.684Z	8431.46000000	0.20326766	8427.84	8431.45	26604.86431338	55712945.52785228	184365.608958351	247447.63	0.01	8366	8007	7666	7000	3500	8457.47	8705	9015	9600	100000
2019-05-31T17:33:31.240Z	8434.21000000	0.00330417	8430	8434.21	26596.29027669	55394435.13094802	184326.95239960097	247447.63	0.01	8360	8000	7650	6909	3460	8459.64	8719	9025	9600	100000
2019-05-31T17:34:31.392Z	8433.11000000	0.01000000	8433.19	8435	26584.40974393	55560881.142733805	184343.19367728097	247447.63	0.01	8395	8007	7666	7000	3500	8459.64	8698	9000	9565.97	100000
2019-05-31T17:35:27.500Z	8431.18000000	0.01000000	8427.81	8431.6	26582.96252484	55393289.68427839	184326.58123595096	199600	0.01	8360	8000	7650	6909	3460	8449	8654.13	9000	9547.88	100000
2019-05-31T17:36:29.370Z	8421.84000000	0.02271480	8421.84	8424.96	26582.27268703	55793627.73621126	184379.10411818096	247447.63	0.01	8364.68	8007	7666	7000	3580	8451.71	8700	9000	9575	100000
2019-05-31T17:37:27.948Z	8415.68000000	0.00679179	8416.17	8416.18	26574.07374776	55557450.35837521	184346.49322542097	238453.77	0.01	8364.68	8003.69	7650	6931	3460	8451.5	8700	9014	9600	100000
2019-05-31T17:38:32.150Z	8406.08000000	0.20000000	8406.09	8409.49	26564.48116643	55600714.03914159	184351.77164993095	247447.63	0.01	8364.68	8007	7666	7000	3500	8449.98	8700	9000	9578.19	100000
2019-05-31T17:39:31.297Z	8410.99000000	0.15148236	8410.99	8411	26537.52165836	55667973.50030459	184364.24209712096	250000	0.01	8360	8001	7650	6920	3500	8449.5	8700	9000	9600	100000
2019-05-31T17:40:29.802Z	8413.14000000	0.03409898	8411.76	8413.13	26529.65392007	55809621.56970835	184381.17905957098	200000	0.01	8364.68	8007	7666	7000	3570	8439	8658.92	9000	9550	100000
2019-05-31T17:41:28.674Z	8422.76000000	0.00295383	8422.57	8422.76	26525.49560990	55680543.27177518	184365.68687835094	250000	0.01	8363.91	8007	7666	7000	3523.42	8451.9	8700	9005	9600	100000
2019-05-31T17:42:31.317Z	8427.42000000	0.00751701	8421.89	8427.42	26484.74856613	55227252.85206937	184311.49547531095	210000	0.01	8357.45	8000	7581	6880	3266.66	8453.9	8719	9045	9634.99	100151
2019-05-31T17:43:30.822Z	8426.25000000	0.02113863	8426.24	8426.25	26475.22325634	55361842.865165256	184327.38417673096	200000	0.01	8366	8000	7600	6888	3460	8453.34	8698	9000	9570	100000
2019-05-31T17:44:30.609Z	8422.04000000	0.00218631	8422.03	8422.04	26463.20300504	55360250.41988172	184327.29186613098	210000	0.01	8364.68	8000	7600	6888	3460	8451.89	8700	9000	9594.99	100000
2019-05-31T17:45:30.603Z	8422.04000000	0.02055965	8422.03	8422.04	26455.74001651	55463923.691132754	184339.42690689096	247447.63	0.01	8385.55	8000	7642.12	6901	3460	8453.78	8708.76	9029.19	9630.09	100000
2019-05-31T17:46:31.602Z	8422.04000000	0.01136086	8422.03	8422.04	26464.63947877	55470507.52795851	184340.17546060096	238453.77	0.01	8381.46	8000	7643	6903.31	3490	8451.71	8700	9000	9600	100000
2019-05-31T17:47:30.747Z	8416.02000000	0.76700000	8413.77	8415.47	26440.58860149	55353257.450491756	184326.33431362096	153323.23	0.01	8364.68	8000	7600	6888	3460	8435.7	8628.9	9000	9547.88	100000
2019-05-31T17:48:29.393Z	8421.33000000	0.00567466	8419.6	8421.29	26443.68686728	55530220.702370115	184347.31350071097	200000	0.01	8381.22	8001	7650	6908	3500	8449.01	8694.48	9000	9550	100000
2019-05-31T17:49:31.355Z	8414.30000000	0.01845000	8410.42	8414.27	26436.66659925	55395607.86011109	184331.11606404095	153323.23	0.01	8369.11	8000	7626	6900	3460	8431.33	8650	9000	9547.88	100000
2019-05-31T17:50:30.235Z	8409.58000000	0.01245462	8408.08	8409.5	26434.19812647	55427117.589243844	184335.08773761094	200000	0.01	8366.81	8000	7650	6930	3500	8440	8698	9000	9566.31	100000
2019-05-31T17:51:28.842Z	8394.82000000	0.01303215	8392.01	8394.07	26429.84524987	55202278.54592497	184308.55391332097	199600	0.01	8336.5	8000	7595	6888	3366.66	8426.25	8700	9001	9600	100000
2019-05-31T17:52:31.197Z	8413.21000000	0.00242844	8409.2	8413.21	26437.14397166	55270008.635001816	184316.40094607093	210000	0.01	8349.59	8000	7590	6888	3333.33	8447.62	8740	9025	9625	100000
2019-05-31T17:53:27.552Z	8402.83000000	0.14581615	8407.61	8408.55	26432.04904414	55362504.328430146	184327.49240725095	200000	0.01	8360	8000	7600	6888	3460	8439.89	8700	9000	9575	100000
2019-05-31T17:54:28.698Z	8412.65000000	0.01364922	8412.64	8412.65	26424.30580294	55323268.65944232	184322.35970243096	210000	0.01	8357.45	8000	7600	6888	3460	8449.14	8698	9000	9550	100000
2019-05-31T17:55:29.863Z	8420.28000000	0.00600000	8420.27	8420.28	26406.45447504	55346953.811208665	184325.36887414096	153323.23	0.01	8351.46	8000	7600	6888	3460	8439.1	8654.13	9000	9547.88	100000
2019-05-31T17:56:30.391Z	8422.03000000	0.15939615	8422.03	8422.04	26389.10974637	55440389.213180125	184336.34778131096	238453.77	0.01	8358	8000	7643	6904	3498	8452.74	8700	9000.01	9600	100000
2019-05-31T17:57:30.141Z	8412.53000000	0.07631612	8412.58	8414.82	26381.96896262	55193613.41634227	184306.92267277095	199600	0.01	8351.46	8000	7581	6886	3250	8449.98	8697.12	9000	9550	100000
2019-05-31T17:58:29.636Z	8413.10000000	0.01383135	8413.09	8413.1	26384.71258567	55304051.123519264	184320.19670945095	199600	0.01	8340.91	8000	7598	6888	3400	8443.85	8700	9000	9550	100000
2019-05-31T17:59:31.470Z	8406.22000000	0.01147772	8405.85	8406.25	26381.38417662	55332017.54536536	184322.81278031095	190000	0.01	8358	8000	7600	6888	3440	8433	8690.4	9000	9550	100000
2019-05-31T18:00:29.114Z	8404.42000000	0.22150459	8404.41	8404.42	26357.26333429	55264099.76821074	184314.96240902095	150000	0.01	8358	8000	7600	6888	3455.6	8425.11	8650	9000	9547.88	100000
2019-05-31T18:01:32.990Z	8404.42000000	0.01500000	8404.41	8404.42	26352.01635135	55370311.41044369	184327.61969067095	200000	0.01	8360	8000	7600	6888	3320	8442.53	8700	9000	9600	100000
2019-05-31T18:02:30.233Z	8416.22000000	0.02796374	8415.85	8415.86	26332.54966116	55263791.67200741	184314.90739576097	199600	0.01	8358	8000	7600	6888	3455.6	8448	8700	9005	9600	100000
2019-05-31T18:03:30.140Z	8415.67000000	0.00469326	8415.63	8416.08	26227.52862671	55361484.43564475	184326.68587206097	200000	0.01	8357.45	8000	7600	6888	3320	8449.19	8698.56	9000	9550	100000
2019-05-31T18:04:31.270Z	8427.60000000	1.18819116	8426.54	8428.61	26122.31204354	55333537.453322314	184323.13999098094	210000	0.01	8360	8000	7600	6888	3460	8453.78	8740	9025	9600	100000
2019-05-31T18:05:28.530Z	8439.99000000	2.90050000	8439.99	8440	26114.33129609	55332607.110198155	184322.95009253095	238453.77	0.01	8357.6	8000	7633	6900	3460	8463.04	8740	9031.13	9625	100000
2019-05-31T18:06:32.350Z	8445.00000000	0.00277122	8444.59	8445	26114.27436569	55276697.27552031	184316.04600460097	200000	0.01	8357.45	8000	7600	6888	3333	8459.99	8700	9001.51	9600	100000
2019-05-31T18:07:32.316Z	8450.22000000	0.01534585	8450.21	8450.22	26111.35259847	55523796.660487294	184393.08599882098	210000	0.01	8378.44	8000	7650	6940	3500	8462.55	8700	9008.64	9600	100000
2019-05-31T18:08:28.644Z	8448.29000000	0.00277124	8448.28	8449.58	26152.86613960	55314667.23086616	184368.05054627094	247447.63	0.01	8366	8000	7598	6888	3400	8469.98	8749	9050	9630.09	100000
2019-05-31T18:09:30.199Z	8442.50000000	0.02266780	8442.5	8442.51	26144.47304099	55396061.743445255	184377.61199021098	247447.63	0.01	8380	8000	7600	6888.88	3333.33	8469.05	8750	9050	9634.99	100151
2019-05-31T18:10:29.704Z	8431.36000000	0.05948528	8431.36	8434.01	26143.45771353	55406076.56413152	184379.18042071097	199600	0.01	8372.42	8000	7600	6888	3451	8449.6	8698	9000	9550	100000
2019-05-31T18:11:30.666Z	8443.92000000	0.05026256	8443.96	8445.27	26131.52378712	55648714.70640708	184409.05562230098	247447.63	0.01	8381	8000	7643	6918	3500	8468.56	8740	9018.84	9600	100000
2019-05-31T18:12:28.138Z	8441.27000000	0.03483368	8437.62	8440.59	26126.06772242	55607301.6446651	184404.15935853097	247447.63	0.01	8379.34	8001	7650	6950	3500	8459.66	8700	9005	9576	100000
2019-05-31T18:13:28.383Z	8443.54000000	0.33245850	8441.12	8441.13	26113.40724830	55536634.86841003	184395.49108892094	247447.63	0.01	8368.11	8000	7605	6900	3401	8460	8740	9040	9600	100000
2019-05-31T18:14:29.728Z	8447.86000000	0.00106208	8447.85	8447.86	26121.76038156	55798604.31958354	184427.63584759095	200000	0.01	8382.12	8005	7651	6984.24	3500	8455.43	8675	9000	9547.88	100000
2019-05-31T18:15:30.110Z	8442.00000000	0.32526638	8442	8442.01	26079.69017552	55707873.85145334	184414.18228008095	200000	0.01	8381	8001	7650	6950	3500	8455	8697.01	9000	9550	100000
2019-05-31T18:16:28.398Z	8427.02000000	0.08609359	8427.01	8427.02	26069.60440303	55698313.91953214	184413.09688695098	247447.63	0.01	8381	8001	7650	6950	3500	8463.04	8730	9045	9600	100000
2019-05-31T18:17:31.667Z	8416.33000000	0.01589651	8416.32	8416.33	26072.03018492	55814572.46130573	184427.31322022097	247447.63	0.01	8376.86	8007	7666	7000	3540	8449.98	8700	9000	9550	100000
2019-05-31T18:18:30.126Z	8426.70000000	0.01703134	8426.86	8429.64	26073.24810804	55823410.591652066	184426.48729564095	250000	0.01	8389.3	8007	7666	7000	3600	8457.02	8700	9000	9598.99	100000
2019-05-31T18:19:30.409Z	8433.72000000	0.00448394	8431.4	8433.72	26072.06012847	55921455.59397772	184439.33992505097	247447.63	0.01	8397.51	8009.59	7666	7000	3523.42	8451.37	8698	9000	9550	100000
2019-05-31T18:20:28.465Z	8435.48000000	0.00100000	8435.77	8438.48	26072.20708871	56083265.28766871	184458.63919367097	250000	0.01	8398.66	8050	7669	7000	3523.42	8463.91	8740	9022.92	9600	100000
2019-05-31T18:21:27.908Z	8443.68000000	0.02250992	8443.68	8444.83	26038.16403367	56013878.214110635	184450.24074086096	250000	0.01	8402.72	8027.42	7666	7000	3600	8468.45	8740	9022.92	9600	100000
2019-05-31T18:22:29.518Z	8443.18000000	0.01813224	8443.17	8443.18	26020.13126401	56120004.6849899	184462.922120971	250000	0.01	8402.72	8050	7672.43	7000	3523.42	8460.17	8700	9012.9	9600	100000
2019-05-31T18:23:24.777Z	8443.62000000	0.01055770	8442.8	8443.58	26007.18721342	56098388.81091792	184460.40479605095	250000	0.01	8402.72	8050	7668.86	7000	3518	8459.56	8698	9000	9550	100000
2019-05-31T18:24:31.382Z	8434.08000000	0.03573090	8433.42	8434.08	25990.85377552	55871661.02771275	184433.48273567096	238453.77	0.01	8395.2	8007	7666	7000	3601	8450	8694.48	9000	9550	100000
2019-05-31T18:25:26.790Z	8427.88000000	0.00566576	8427.88	8431.33	25990.71975308	56060971.97574183	184456.00724625096	247447.63	0.01	8394.84	8050	7667.72	7000	3501	8450.43	8694.48	9000	9550	100000
2019-05-31T18:26:29.904Z	8421.79000000	0.00566994	8421.84	8422.01	25982.16635535	55917237.23250459	184438.955351561	250000	0.01	8390	8007	7666	7000	3600	8455	8710	9025	9600	100000
2019-05-31T18:27:32.229Z	8433.21000000	0.03403861	8432.44	8433.21	25977.85692295	55886734.34931494	184435.05310519095	250000	0.01	8394.06	8007	7666	7000	3523.42	8459.48	8700	9005	9600	100000
2019-05-31T18:28:30.600Z	8436.47000000	0.01191044	8432.76	8436.47	25976.40374021	56073219.89136291	184457.11673619095	247447.63	0.01	8400.23	8050	7669	7000	3523.42	8448.55	8654.13	9000	9547.88	100000
2019-05-31T18:29:29.580Z	8420.28000000	0.03639108	8420.01	8420.02	25967.79616849	55695460.28184985	184412.19033858096	247447.63	0.01	8382.54	8000	7643	6950	3500	8450.73	8698.56	9000	9550	100000
2019-05-31T18:30:29.493Z	8415.94000000	0.16800390	8415.94	8415.95	25963.13957534	55943121.16258785	184441.93085665096	247447.63	0.01	8383.77	8009.59	7666	7000	3523.42	8448.46	8685	9000	9550	100000
2019-05-31T18:31:29.347Z	8429.47000000	0.02642923	8429.46	8429.47	25964.48849819	56001345.36542089	184448.44827161098	250000	0.01	8404.01	8011	7666	7000	3523.42	8461.16	8705	9015	9600	100000
2019-05-31T18:32:31.312Z	8466.19000000	0.05260373	8466.18	8466.19	25984.25012249	55986529.71715216	184446.35497996098	250000	0.01	8407	8041	7666	7000	3600	8489.16	8750	9056.67	9600	100000
2019-05-31T18:33:30.670Z	8452.71000000	0.25000000	8452.71	8452.72	26091.95383694	55844248.079765886	184429.37641496098	250000	0.01	8407	8007	7666	7000	3600	8495.29	8795	9056.67	9650	100151
2019-05-31T18:34:30.724Z	8447.44000000	0.02332061	8442.87	8447.31	26096.75501912	55892738.58006954	184435.19852964097	250000	0.01	8404	8009.59	7666	7000	3523.42	8480.28	8789.32	9056.67	9650	100151
2019-05-31T18:35:30.417Z	8467.18000000	0.00682513	8463.82	8467.18	26095.75684312	56146908.48202871	184465.323236001	250000	0.01	8424.93	8050	7666	7000	3601	8500	8800	9056.67	9668	101000
2019-05-31T18:36:29.984Z	8450.62000000	0.00668095	8450.62	8450.63	26107.21961995	55836057.265991926	184428.798266871	250000	0.01	8402	8007	7666	7000	3600	8490.57	8800	9060	9791.89	100000
2019-05-31T18:37:31.104Z	8441.94000000	5.50000000	8441.93	8441.94	26105.49340354	56040026.40894751	184453.032783941	250000	0.01	8407	8041	7666	7000	3600	8481.35	8785	9056.67	9650	100151
2019-05-31T18:38:27.163Z	8433.46000000	0.03712927	8433.45	8433.46	26140.69373478	55965632.67290146	184444.277272591	250000	0.01	8397.87	8027.42	7666	7000	3611.4	8475.14	8779.37	9056.67	9600	100000
2019-05-31T18:39:31.586Z	8424.30000000	0.09688412	8424.3	8424.31	26212.02736946	55800879.25905349	184424.67842959097	250000	0.01	8387.74	8007	7666	7000	3523.42	8472.62	8779.37	9056.67	9600	100000
2019-05-31T18:40:31.284Z	8425.01000000	0.01135676	8423.31	8424.99	26228.56199984	55991940.3480481	184447.71914187097	250000	0.01	8387.75	8045.45	7666	7000	3612	8459.34	8775	9056.67	9600	100000
2019-05-31T18:41:30.541Z	8419.29000000	0.02201478	8417.9	8419.44	26232.71927766	55998167.84679153	184448.657929091	250000	0.01	8385.68	8009	7666	7000	3523.42	8456.61	8749	9050	9625	100000
2019-05-31T18:42:30.865Z	8422.70000000	0.02438146	8421.56	8422.67	26231.90874535	56001772.79464638	184449.34300951098	250000	0.01	8387.9	8020	7666	7000	3527.78	8450	8749	9050	9630.09	100000
2019-05-31T18:43:28.140Z	8413.06000000	0.02611409	8413.06	8413.07	26243.17026767	55866236.190285854	184433.23754344098	250000	0.01	8378.33	8007	7666	7000	3600	8457.3	8758.79	9056.67	9600	100000
2019-05-31T18:44:30.775Z	8408.01000000	0.00568162	8408	8408.01	26282.68933778	55917773.35068696	184439.68552826098	250000	0.01	8376.86	8007	7666	7000	3551	8457.29	8779.37	9056.67	9600	100000
2019-05-31T18:45:30.424Z	8394.21000000	0.16970859	8394.21	8394.22	26334.49764786	55644028.767282695	184407.48354302094	250000	0.01	8358.67	8000	7650	6950	3500	8431.72	8752.53	9056.67	9600	100000
2019-05-31T18:46:32.100Z	8379.87000000	0.54500000	8379.04	8379.87	26375.23687393	55854667.08826032	184432.97762801097	250000	0.01	8351.69	8007	7666	7000	3605	8426.2	8779.37	9056.67	9600	100000
2019-05-31T18:47:32.140Z	8390.00000000	0.01140556	8389.99	8390	26400.89358552	55909483.82912034	184439.30854580097	250000	0.01	8361.42	8007	7666	7000	3600	8459	8780	9056.67	9650	100000
2019-05-31T18:48:32.700Z	8393.35000000	0.07057535	8393.38	8397.8	26403.20697193	55865951.36224868	184433.81687901096	250000	0.01	8364.43	8007	7666	7000	3600	8453.78	8800	9056.67	9668	100151
2019-05-31T18:49:29.143Z	8397.05000000	0.00569382	8399.16	8400	26451.02210032	56086633.122698665	184460.16701126096	250000	0.01	8368.99	8041	7666	7000	3600	8459	8790	9056.67	9650	100000
2019-05-31T18:50:30.342Z	8396.45000000	0.00177857	8393.43	8395.28	26477.91709783	55604751.24745964	184401.99078795096	250000	0.01	8352.94	8000	7650	6950	3500	8422.95	8750	9056.67	9600	100000
2019-05-31T18:51:30.731Z	8405.00000000	0.01423418	8404.96	8405	26477.82476298	56023695.27428273	184452.65641691096	250000	0.01	8369.69	8039.06	7666	7000	3610	8448.53	8800	9056.67	9668	100151
2019-05-31T18:52:29.120Z	8397.84000000	0.05841516	8394.83	8397.74	26453.38220623	56008085.32613445	184451.004651301	250000	0.01	8361.13	8009.59	7666	7000	3544	8441.53	8775	9056.67	9605.97	100000
2019-05-31T18:53:29.941Z	8397.12000000	0.01139273	8394.88	8397.12	26449.92280565	55668133.66058143	184405.28140608096	247447.63	0.01	8362.03	8004	7651	6970	3500	8420.54	8740	9027	9600	100000
2019-05-31T18:54:29.381Z	8401.46000000	0.00481507	8405.03	8406.28	26450.51726591	55842007.04624014	184426.12501392097	250000	0.01	8365	8007	7666	7000	3523.42	8450	8800	9056.67	9668	100151
2019-05-31T18:55:31.720Z	8409.01000000	0.00319604	8408.39	8409.01	26455.71551509	55888373.98706025	184431.30377564096	250000	0.01	8372.32	8027.42	7666	7000	3548	8445.5	8769.96	9056.67	9600	100000
2019-05-31T18:56:29.725Z	8400.01000000	0.01740525	8400	8400.01	26453.79080725	55826117.77154978	184425.01018891096	250000	0.01	8363.19	8007	7666.66	7000	3500	8434.7	8740	9025	9600	100000
2019-05-31T18:57:31.847Z	8394.69000000	0.01149862	8394.68	8394.69	26442.62336099	55811023.935265705	184423.266985631	250000	0.01	8358.06	8007	7666	7000	3523.42	8427.61	8731.2	9049	9600	100000
2019-05-31T18:58:31.643Z	8396.97000000	0.00296245	8396.96	8396.97	26458.22742604	55878860.64867608	184430.81325394099	250000	0.01	8361.33	8007	7683.01	7000	3509	8442.36	8750	9050	9650	100000
2019-05-31T18:59:32.470Z	8396.99000000	0.00615910	8396.98	8396.99	26466.17819885	55772279.53682194	184418.008626301	199600	0.01	8360	8007	7666	7000	3527.78	8410	8580	9000	9510.09	99231
2019-05-31T19:00:29.310Z	8403.99000000	0.07700000	8403.3	8404	26465.54675932	55676107.25177903	184406.250822101	247447.63	0.01	8361.33	8000	7652	6968	3500	8422.11	8710	9025	9600	100000
2019-05-31T19:01:29.900Z	8407.27000000	0.18000000	8404.17	8406.62	26470.76795999	56102506.65561639	184457.173222861	247447.63	0.01	8374	8060	7700	7000	3523.42	8410.57	8700	9000	9550	100000
2019-05-31T19:02:31.412Z	8410.00000000	0.05688797	8409.99	8410	26504.17208798	55993430.40167748	184444.35941024098	250000	0.01	8369.69	8027.42	7683.01	7000	3518	8440	8740	9040	9600	100000
2019-05-31T19:03:30.561Z	8420.79000000	0.00238703	8420.79	8420.8	26520.21207096	56097126.729153804	184456.51415766097	250000	0.01	8383.5	8050	7700	7000	3547.62	8459	8774.04	9056.67	9600	100000
2019-05-31T19:04:29.800Z	8422.90000000	0.00566822	8421.11	8422.89	26579.68034513	55943227.137074694	184437.671883471	250000	0.01	8375	8027.42	7678	7000	3500	8460	8750	9050	9650	100000
2019-05-31T19:05:27.517Z	8435.46000000	0.01145501	8434.65	8435.45	26578.64256843	55819838.120966405	184422.840751491	250000	0.01	8380	8007	7666	7000	3523.42	8469.9	8779.37	9056.67	9600	100000
2019-05-31T19:06:32.252Z	8425.49000000	0.00242223	8424.58	8427.03	26562.14860522	55970165.7008393	184440.92122245097	250000	0.01	8382.72	8027.42	7684	7000	3500	8454.9	8750	9050	9630.09	100000
2019-05-31T19:07:30.783Z	8417.56000000	0.04350000	8417.56	8417.57	26558.42779052	55880158.637082584	184430.05778775096	250000	0.01	8382.72	8009	7666	7000	3523.42	8460	8752.53	9056.67	9600	100000
2019-05-31T19:08:30.100Z	8411.87000000	0.02272546	8410.05	8411.35	26554.68704667	55972769.24168021	184441.32798244097	250000	0.01	8375	8011	7666	7000	3523.42	8460.09	8779.37	9056.67	9600	100000
2019-05-31T19:09:30.392Z	8413.31000000	0.00519163	8412.83	8413.31	26554.25842466	55742164.41595905	184413.74791279098	250000	0.01	8374	8007	7672.43	7000	3500	8454.65	8779.37	9056.67	9600	100000
2019-05-31T19:10:30.475Z	8416.49000000	0.06824781	8416.17	8416.49	26556.30160030	55881335.755965136	184431.14210030096	250000	0.01	8374	8007	7680	7000	3501	8445.13	8749	9050	9627	100000
2019-05-31T19:11:27.585Z	8411.19000000	0.00278076	8407.85	8411.15	26556.65972736	55884127.51361722	184430.584212161	200000	0.01	8374	8007	7676.87	7000	3500	8445.13	8750	9050	9650	100000
2019-05-31T19:12:31.140Z	8415.47000000	0.12813734	8414.16	8415.33	26562.39654886	55526115.87953416	184377.168474321	190000	0.01	8377.46	8039.06	7684	6950	3460	8445.13	8740	9049	9600	100000
2019-05-31T19:13:31.779Z	8411.01000000	0.00709735	8411.03	8414.87	26560.13288774	55379652.17308695	184359.76408647097	160000	0.01	8375	8007	7668.86	6904	3401	8446.57	8752.53	9056.67	9600	99999
2019-05-31T19:14:30.490Z	8409.02000000	0.01705881	8409.01	8409.02	26557.56371653	55350619.011738054	184357.38002180096	150000	0.01	8374	8009.59	7666	6966	3500	8428.19	8700	9005	9600	99999
2019-05-31T19:15:30.300Z	8409.01000000	0.00674590	8409	8409.01	26553.80113968	55476740.7507159	184372.40732762098	198076.54	0.01	8374	8020	7668.92	6904	3410	8450	8770	9056.67	9600	100000
2019-05-31T19:16:30.801Z	8409.01000000	0.00219026	8409	8409.01	26554.21195658	55973350.671998814	184431.93590816096	210000	0.01	8374	8070	7748	7000	3570	8446.57	8752.58	9056.67	9600	100000
2019-05-31T19:17:29.518Z	8409.01000000	0.00579928	8409	8409.01	26551.25012600	55690502.96743301	184392.65005866098	199600	0.01	8374	8070	7742.86	6999	3500	8445.13	8740	9031.13	9600	100000
2019-05-31T19:18:32.262Z	8409.02000000	0.01137846	8409.01	8409.02	26546.30163199	55751690.53744185	184400.460141481	153323.23	0.01	8374	8080	7777.78	7000	3600	8435.5	8700	9010.68	9600	99999
2019-05-31T19:19:31.639Z	8407.32000000	0.00568502	8406.96	8407.07	26609.02512611	55599839.93710664	184382.804726581	199600	0.01	8381.78	8070	7708	6992	3500	8446.44	8751.97	9056.67	9600	99999
2019-05-31T19:20:29.158Z	8408.90000000	0.05692066	8410.86	8414.5	26620.78623525	55660316.57637485	184389.93676730097	199600	0.01	8385	8070	7720	6992	3500	8445.13	8740	9029.19	9600	100000
2019-05-31T19:21:25.688Z	8408.97000000	0.00319623	8408.53	8408.92	26619.33071550	55182197.55248827	184333.10215665094	150000	0.01	8370	8007	7672.43	6888	3400	8445.13	8740	9025	9600	100000
2019-05-31T19:22:32.000Z	8415.13000000	0.00614245	8415.13	8415.14	26621.02607934	55326695.10150487	184350.48777034096	150000	0.01	8374.02	8045.45	7700	6900	3400	8445.29	8745	9050	9625	100000
2019-05-31T19:23:29.893Z	8416.68000000	0.01441443	8415.6	8416.68	26627.49960124	55556105.78888471	184378.082128101	180000	0.01	8374	8070	7725.85	6992	3500	8456	8750	9050	9650	100000
2019-05-31T19:24:32.149Z	8415.45000000	0.00614878	8411.59	8415.45	26603.66096016	55416660.97373637	184361.19313607097	150000	0.01	8374	8050	7700	6903.31	3460	8450	8749	9050	9625	100000
2019-05-31T19:25:31.330Z	8410.91000000	0.14709058	8410.03	8414.57	26592.71374810	55370805.601998664	184355.76816573096	150000	0.01	8374	8060	7700	6905.04	3460	8446.57	8740	9049	9600	100000
2019-05-31T19:26:31.705Z	8412.06000000	0.00376097	8410.57	8412.05	26597.14941450	55406632.7487064	184360.09497191096	153323.23	0.01	8374	8050	7700	6903.31	3444	8446.57	8740	9045	9600	100000
2019-05-31T19:27:28.811Z	8407.89000000	0.01978229	8407.88	8407.89	26598.48676126	55233610.9225556	184339.38175583098	150000	0.01	8369.69	8015	7669	6888	3400	8436.42	8750	9050	9650	100000
2019-05-31T19:28:30.399Z	8405.29000000	1.71390236	8408.78	8411.2	26599.63087079	55603139.12939692	184383.23931021098	200000	0.01	8386.42	8070	7708	6992	3500	8460	8752.53	9056.67	9600	99999
2019-05-31T19:29:29.428Z	8414.99000000	0.01076449	8410.54	8411.48	26598.05539718	55329640.078770995	184350.83958933098	150000	0.01	8373	8028	7689	6899	3300	8446.77	8750	9050	9640	100000
2019-05-31T19:30:31.348Z	8409.07000000	0.02331172	8409.06	8409.07	26582.13144643	55182675.27637282	184333.23948370098	150000	0.01	8373	8007	7699	6899	3300	8446.57	8740	9024	9600	100000
2019-05-31T19:31:29.615Z	8409.01000000	0.00118328	8409	8409.01	26573.99805096	55116901.318863645	184324.85379594096	150000	0.01	8370	8007	7666	6900	3370	8446.57	8750	9050	9650	100000
2019-05-31T19:32:27.694Z	8409.94000000	0.01139015	8409.37	8409.99	26594.89324669	55475838.083437674	184367.57758460098	199600	0.01	8376.86	8060	7700	6908	3460	8456	8779.37	9056.67	9600	100000
2019-05-31T19:33:28.499Z	8413.67000000	0.01137110	8412.87	8413.67	26605.62591267	55177237.87493833	184331.69197397094	153323.23	0.01	8374	8009	7667.72	6888	3333.33	8456	8779.37	9056.67	9600	100000
2019-05-31T19:34:30.225Z	8413.63000000	0.11652886	8413.51	8413.52	26602.20801254	55182362.63697963	184332.43084622096	150000	0.01	8374	8009	7668.86	6888	3333.33	8445	8750	9052	9651	100000
2019-05-31T19:35:27.141Z	8418.29000000	0.01147291	8415.04	8418.18	26584.66660789	55375647.523311555	184355.57930791096	150000	0.01	8374	8050	7700	6901	3410	8446.57	8685	9000	9547.88	99000
2019-05-31T19:36:30.246Z	8418.99000000	0.00390138	8418.98	8418.99	26589.01319736	55257350.91224584	184341.42111001097	150000	0.01	8374	8025	7684	6892	3300	8446.57	8685	9000	9547.88	99000
2019-05-31T19:37:31.632Z	8417.65000000	0.00331098	8417.64	8417.65	26588.58160456	55349744.45911588	184352.54774626097	125000	0.01	8376.86	8041	7700	6900	3401	8442.36	8591	8995.99	9500	79010
2019-05-31T19:38:30.327Z	8413.69000000	0.00295656	8413.68	8413.69	26590.72502091	55164153.94547282	184330.30260398096	125000	0.01	8366	8007	7676	6888	3400	8445	8600	8999.99	9500	80000
2019-05-31T19:39:31.855Z	8412.55000000	0.04549587	8412.54	8412.55	26590.55990847	55865907.20825582	184413.733191891	148000	0.01	8385	8080	7794	7000	3690	8458.93	8600	8999.97	9500	80000
2019-05-31T19:40:31.880Z	8412.55000000	0.00621455	8412.54	8412.55	26572.52049646	55652622.99524176	184387.934031821	148000	0.01	8386.42	8070	7720	6992	3500	8456	8600	8997.11	9500	79010
2019-05-31T19:41:28.800Z	8412.54000000	0.00531550	8412.54	8412.55	26334.90523525	55237984.5375687	184343.32716738098	148000	0.01	8374	8025	7684	6888	3300	8456	8600	8997.11	9500	79010
2019-05-31T19:42:30.120Z	8421.18000000	0.24140177	8421.17	8421.18	26277.54612860	55330947.60577605	184354.30055869097	148000	0.01	8377.46	8048	7700	6900	3400	8461.85	8600	8950	9471.99	71490
2019-05-31T19:43:29.826Z	8426.58000000	0.00108753	8426.57	8426.58	26242.43125406	55572195.070939444	184383.239873421	148000	0.01	8374	8070	7717.72	6990.56	3500	8453.92	8600	8998.44	9500	80000
2019-05-31T19:44:30.232Z	8428.78000000	0.05815895	8428.77	8428.78	26230.76369586	55170315.38762699	184336.09878642097	148000	0.01	8374	8009	7669	6888	3333	8460.43	8600	8990	9500	78080
2019-05-31T19:45:24.450Z	8432.18000000	0.03974913	8432.17	8432.18	26226.85716623	55353493.69498515	184357.84639808096	148000	0.01	8374	8050	7700	6900	3400	8460	8600	8969.88	9490	76500
2019-05-31T19:46:30.207Z	8426.66000000	0.00254034	8425.24	8426.66	26235.30970464	55363627.7726512	184357.55120866097	148000	0.01	8374	8060	7700	6908	3460	8460	8600	8990	9499.99	78080
2019-05-31T19:47:27.908Z	8401.99000000	0.00994235	8403.22	8408.17	26259.27968248	55313250.45406484	184351.62549629097	148000	0.01	8373	8060	7700	6903.31	3410	8445.64	8600	8990	9499.94	76500
2019-05-31T19:48:28.610Z	8425.13000000	0.00116504	8425.39	8430	26295.13958860	55331851.52145149	184353.49352679096	148000	0.01	8385.41	8060	7700	6904	3460	8475	8600	8950	9471.99	71490
2019-05-31T19:49:31.341Z	8442.68000000	0.07135208	8440.42	8440.43	26295.40502156	55049771.91173517	184319.84086172096	125000	0.01	8374	8009	7669	6886	3220.01	8470	8600	8998.44	9500	80000
2019-05-31T19:50:26.617Z	8436.62000000	0.28860281	8436.63	8439.34	26300.09393781	55396667.480538405	184361.25286284098	148000	0.01	8376.86	8060	7700	6910	3460	8478.77	8600	8997.95	9500	80000
2019-05-31T19:51:26.873Z	8445.23000000	0.02398474	8444.96	8445.23	26310.51069103	55261741.2138023	184344.83314272095	148000	0.01	8376	8050	7700	6888	3300	8478.76	8600	8997.95	9500	80000
2019-05-31T19:52:31.910Z	8436.91000000	0.02890000	8436.62	8436.88	26307.89672482	55160775.27022669	184333.001415071	125000	0.01	8376	8027.42	7700	6899	3300	8457.54	8600	8950	9471.99	71490
2019-05-31T19:53:25.890Z	8442.00000000	0.05169375	8438.21	8439.57	26313.41819204	55409253.958348595	184362.89040431098	148000	0.01	8387.45	8050	7700	6900	3300	8473.37	8600	8950	9465.82	71490
2019-05-31T19:54:29.770Z	8439.72000000	0.00218189	8436.67	8439.72	26301.48394991	55290351.925823756	184348.68065133097	125000	0.01	8376.86	8048	7700	6889	3300	8456	8600	8998	9500	79600
2019-05-31T19:55:29.930Z	8433.68000000	1.20330520	8430.08	8433.67	26300.99732148	55284584.93485631	184347.90629258097	148000	0.01	8390	8027.42	7700	6900	3333	8460.76	8600	8997.11	9500	79010
2019-05-31T19:56:27.392Z	8441.96000000	0.01678522	8438.87	8440	26303.15458626	55470734.98949993	184369.61837747096	148000	0.01	8392.42	8070	7722	6970	3500	8466.06	8600	8997.11	9500	78080
2019-05-31T19:57:31.579Z	8430.92000000	0.00063381	8430.92	8430.93	26298.08427438	55282477.11721126	184347.30927076095	148000	0.01	8392.57	8050	7700	6899	3300	8459.84	8600	8990	9500	78080
2019-05-31T19:58:25.559Z	8435.75000000	0.00218325	8433.16	8433.45	26304.53932675	55428705.97461077	184388.86023226098	148000	0.01	8390	8060	7700	6904	3460	8460.86	8600	8990	9499.99	78080
2019-05-31T19:59:32.440Z	8446.90000000	0.00330008	8442.94	8445	26274.41251091	55569423.75727377	184405.28892213097	148000	0.01	8408.62	8070	7750	6992	3500	8479.55	8600	8998	9500	80000
2019-05-31T20:00:32.717Z	8444.63000000	6.66000000	8444.62	8444.63	26269.70306564	55561187.50333311	184405.19085545096	148000	0.01	8408.62	8070	7748	6990.56	3500	8480	8600	8998.44	9500	80000
2019-05-31T20:01:30.244Z	8458.83000000	0.25000000	8454.5	8459.09	26263.80156519	55216810.59064558	184363.98166247096	148000	0.01	8399.99	8026.54	7700	6900	3333	8500.99	8600	8990	9499.94	76500
2019-05-31T20:02:30.790Z	8464.80000000	0.00154516	8464.8	8465.18	26286.29773608	55412686.01928554	184387.13382261098	148000	0.01	8399.99	8060	7700	6930	3460	8500	8600	8990	9499.99	78080
2019-05-31T20:03:30.450Z	8455.29000000	0.00906271	8455.72	8458.66	26279.07020197	55412523.75395493	184388.03694147096	148000	0.01	8391	8060	7700	6930	3460	8495	8600	8995	9500	78080
2019-05-31T20:04:29.799Z	8462.97000000	0.03391883	8461.72	8462.95	26250.71971916	55853538.14524814	184440.93167281098	148000	0.01	8410.89	8080	7795	7000	3600	8495.97	8600	8963.76	9484.99	75100
2019-05-31T20:05:30.955Z	8469.00000000	0.00117490	8468.99	8469	26233.92778294	55635639.0995839	184414.17306313096	148000	0.01	8420.03	8070	7747.72	6981.97	3500	8506.08	8600	8984	9499	75100
2019-05-31T20:06:29.710Z	8463.70000000	0.00000831	8458.13	8460.06	26222.81849202	55475718.57936434	184395.06785536098	148000	0.01	8415.44	8060	7700	6904	3460	8480	8600	8950	9465.82	71490
2019-05-31T20:07:31.294Z	8454.34000000	0.02498643	8454.33	8454.34	26221.25645394	55517514.97170789	184399.69916426096	125000	0.01	8415.44	8070	7747.72	6970	3500	8460.55	8590	8909.5	9450	61300
2019-05-31T20:08:32.457Z	8451.53000000	0.02264559	8448.87	8451.53	26205.78107168	55810231.32210683	184434.625851531	125000	0.01	8420.03	8080	7747.72	6975	3500	8459.51	8575	8850	9400	52053
2019-05-31T20:09:31.528Z	8456.89000000	0.00276664	8454.98	8456.87	26110.85104376	56209579.48051216	184482.39770958098	148000	0.01	8418.22	8090	7800	7000	3780	8461.53	8590	8900.52	9429.99	60600
2019-05-31T20:10:31.909Z	8458.00000000	0.11313236	8457.59	8458	26084.31593103	56059093.740131274	184464.140788361	148000	0.01	8422.76	8080	7800	7000	3736.31	8466.82	8590	8922	9450	61300
2019-05-31T20:11:29.217Z	8452.74000000	0.04128836	8450.06	8452.05	26070.92282006	55464308.218106635	184391.79829187097	125000	0.01	8410	8070	7750	6989	3500	8459.8	8575	8839.75	9400	52053
2019-05-31T20:12:27.623Z	8455.74000000	0.01563894	8457.25	8458.19	26029.37670499	55993953.941569924	184455.056884031	148000	0.01	8410	8080	7800	7000	3660	8466.34	8600	8950	9450	71490
2019-05-31T20:13:31.636Z	8458.75000000	0.01131123	8458.53	8458.99	26027.41204331	55444351.351076804	184389.75267547098	125000	0.01	8400	8060	7705	6901	3400	8461.97	8591	8980	9498	76500
2019-05-31T20:14:25.765Z	8458.40000000	0.02149352	8458.39	8458.4	25997.69379114	55599033.42079734	184382.43354363096	125000	0.01	8410	8080	7748	6984.24	3500	8464.78	8590	8922	9450	61300
2019-05-31T20:15:32.789Z	8458.40000000	0.00564778	8458.39	8458.4	25993.51252098	55615183.67966523	184382.79068629097	125000	0.01	8410	8080	7794	7000	3523.42	8459.99	8575	8825	9400	52053
2019-05-31T20:16:32.561Z	8458.38000000	0.00564779	8458.37	8458.38	25974.75471359	55484860.49039882	184365.56962486097	125000	0.01	8410	8070	7753	6992	3500	8459.99	8575	8853.6	9400	52053
2019-05-31T20:17:32.526Z	8450.45000000	0.04854849	8450.45	8450.46	25881.06765192	55665470.66546174	184390.971734611	125000	0.01	8410	8080	7800	7000	3570	8459.99	8578.2	8900	9410	52053
2019-05-31T20:18:32.813Z	8457.32000000	0.01490532	8457.32	8457.33	25819.28089325	55804685.99443674	184408.127171081	125000	0.01	8410	8080	7800	7000	3700	8468.98	8590	8922	9444	60600
2019-05-31T20:19:31.139Z	8450.99000000	0.04516495	8450.98	8450.99	25806.46585347	55666507.218424805	184392.54787636097	125000	0.01	8410	8080	7747.72	6978	3500	8464.71	8590	8922	9444	60600
2019-05-31T20:20:31.490Z	8458.00000000	0.04021631	8456.71	8458	25794.03156622	55723927.769087054	184398.33391389097	125000	0.01	8410	8080	7800	7000	3570	8469.25	8590	8925	9450	70000
2019-05-31T20:21:31.947Z	8458.40000000	0.05159958	8458.39	8458.4	25774.06340920	55658835.57131117	184390.608097791	125000	0.01	8410	8080	7788	7000	3523.42	8465.19	8591	8969.88	9475.27	72000
2019-05-31T20:22:28.307Z	8455.11000000	0.00611833	8455.1	8455.11	25675.45015141	55553559.894067004	184378.41995128096	125000	0.01	8400	8070	7750	6987.89	3500	8459.99	8575	8855.64	9400	52053
2019-05-31T20:23:30.720Z	8443.69000000	0.00459908	8443.68	8443.69	25571.44648177	55546589.88555899	184376.59564114097	125000	0.01	8399.35	8070	7750	6984.24	3500	8459.99	8576.16	8900	9410	52053
2019-05-31T20:24:32.669Z	8447.69000000	0.04849748	8446.55	8447.69	25519.81951364	56049192.90172352	184437.637992891	148000	0.01	8410	8080	7800	7000	3736.31	8457.99	8576.16	8900	9410	52053
2019-05-31T20:25:29.858Z	8450.73000000	0.00159072	8450.72	8450.73	25484.42867655	56113033.87082946	184444.832290391	148000	0.01	8410	8090	7800	7000	3740	8462.93	8590.44	8975	9484.99	75100
2019-05-31T20:26:32.580Z	8457.99000000	0.01131256	8456.93	8458	25090.80869533	56236161.88439498	184459.96155681097	148000	0.01	8418.77	8090	7800	7000	3790	8470.27	8600	8990	9499	76500
2019-05-31T20:27:32.517Z	8456.88000000	0.01184981	8456.87	8456.88	24961.22637646	55433153.23585537	184362.82535387095	125000	0.01	8391	8070	7748	6982	3500	8460	8590.44	8974	9484.99	75000
2019-05-31T20:28:31.406Z	8446.86000000	0.01176868	8443.19	8447.05	24824.97520187	55383416.794383086	184356.678939021	125000	0.01	8391	8070	7732	6953.01	3500	8465	8600	8950	9455	71490
2019-05-31T20:29:31.838Z	8431.14000000	0.11612185	8431.11	8431.12	24658.24983855	55328061.2890337	184350.22322185096	125000	0.01	8390.29	8070	7745.61	6966	3500	8455.66	8580	8880	9400	52053
2019-05-31T20:30:28.500Z	8437.28000000	0.01133436	8437.3	8437.77	24519.64229499	55327996.88022158	184349.93360050095	125000	0.01	8394.86	8060	7701	6901	3401	8455.92	8580	8900	9410	52053
2019-05-31T20:31:33.180Z	8435.06000000	0.04300000	8435.06	8439.09	24441.71141125	55308456.350041635	184347.49647109097	125000	0.01	8391.88	8060	7700	6900	3400	8458	8580	8900	9410	52053
2019-05-31T20:32:28.229Z	8440.35000000	0.00295089	8438.31	8439.27	24403.41609281	55455693.26111441	184365.196399721	125000	0.01	8397.4	8070	7737.72	6955	3500	8458.99	8599.95	8990	9499	76500
2019-05-31T20:33:29.666Z	8439.29000000	0.01733305	8439.28	8439.29	24374.63899896	55501824.82255085	184370.92788976096	125000	0.01	8397.86	8070	7748	6984.24	3500	8457.55	8580	8889	9410	52053
2019-05-31T20:34:30.867Z	8432.80000000	0.00671484	8432.79	8432.8	24362.44389356	55399706.969493315	184358.56568626096	125000	0.01	8397.86	8070	7736	6966	3500	8457.55	8580	8900	9410	52053
2019-05-31T20:35:30.303Z	8439.22000000	0.14173821	8439.2	8439.28	24344.47303909	55255287.684137724	184341.48392548095	125000	0.01	8397.86	8048	7700	6888	3300	8457.55	8580	8900	9410	52053
2019-05-31T20:36:31.000Z	8435.36000000	0.05443200	8433.5	8435.36	24308.61912666	55334611.678328075	184350.96019070098	125000	0.01	8397.5	8060	7700	6900	3400	8457.55	8580	8890	9410	52053
2019-05-31T20:37:29.666Z	8435.06000000	0.01928479	8434.96	8435.07	24302.87601463	55437630.15751308	184463.75489671098	125000	0.01	8397	8060	7704	6903.31	3410	8457.55	8580	8899	9410	52053
2019-05-31T20:38:30.999Z	8432.80000000	0.00218408	8432.79	8432.8	24252.54242043	55328318.79361274	184450.96219995097	125000	0.01	8390	8050	7700	6900	3300	8457.55	8580	8888.88	9408.99	52053
2019-05-31T20:39:32.992Z	8436.36000000	0.00283300	8436.35	8436.36	24130.00455137	55314731.13921615	184449.10509119098	125000	0.01	8400	8048	7700	6890	3300	8462.51	8600	8950	9455	71490
2019-05-31T20:40:31.827Z	8452.90000000	0.04529960	8452.76	8455.47	24069.48121735	55241618.5252082	184440.28369108096	125000	0.01	8390	8039.08	7700	6900	3300	8472	8600	8950	9450	71490
2019-05-31T20:41:32.555Z	8456.92000000	0.00217886	8455.44	8456.93	24044.08001248	55341492.32218716	184451.91190253096	125000	0.01	8390.7	8060	7701	6903.31	3401	8471.72	8600	8950	9450	71120
2019-05-31T20:42:29.111Z	8456.97000000	0.01131389	8453.06	8456.96	24035.28398796	55204350.99718148	184435.57559854098	125000	0.01	8390	8050	7700	6899	3300	8457.12	8580	8854.23	9400	52053
2019-05-31T20:43:31.959Z	8457.00000000	0.00564871	8456.99	8457	24021.91823622	55243363.63626591	184439.98936567098	125000	0.01	8390.7	8050	7700	6900	3300	8478.01	8600	8950	9450	71120
2019-05-31T20:44:30.954Z	8457.51000000	0.00902211	8457.51	8457.93	23998.76987079	55111061.13081777	184423.87031956096	125000	0.01	8390	8014	7699	6888	3300	8472.18	8600	8945	9450	71120
2019-05-31T20:45:30.966Z	8467.09000000	0.00846238	8467.08	8467.09	23991.53327317	55415495.88463256	184459.77611284098	148000	0.01	8410.2	8070	7751	6992	3500	8501.56	8600	8962.59	9475	72000
2019-05-31T20:46:28.888Z	8467.46000000	0.11588782	8466.65	8467.46	24053.16742307	55226057.77918526	184437.93692369098	148000	0.01	8400	8041	7700	6888	3370	8506.64	8625	9000	9508	96420
2019-05-31T20:47:29.110Z	8464.37000000	0.00228275	8464.36	8464.37	24047.67107423	55482561.77480104	184469.16874549098	148000	0.01	8410.18	8070	7748	6975	3500	8501	8600	8954	9475	71490
2019-05-31T20:48:29.450Z	8464.57000000	0.00845749	8464.57	8467.6	24044.45924828	55131029.339544185	184427.31496926097	148000	0.01	8410	8041	7700	6888	3370	8500.56	8600	8950	9450	71490
2019-05-31T20:49:29.798Z	8474.24000000	0.00275976	8474.28	8475.82	24014.22699347	55416996.39076446	184461.16495203096	148000	0.01	8420	8070	7748	6981.97	3500	8517	8605	9000	9500	90000
2019-05-31T20:50:30.842Z	8508.48000000	0.02532664	8504.28	8508.19	24054.58745208	55916755.319497705	184519.326396951	150000	0.01	8487.46	8100	7800	7000	3728	8551.86	8654.13	9000	9508	96420
2019-05-31T20:51:33.970Z	8499.67000000	1.17440234	8498.51	8499.67	24086.25726938	55829680.20565178	184508.943198221	148000	0.01	8482.6	8080	7800	7000	3670	8543.67	8600	8907	9420	60000
2019-05-31T20:52:32.330Z	8472.20000000	0.04000000	8473.52	8478.47	24117.65540163	55822861.80600648	184509.170633501	148000	0.01	8440	8080	7800	7000	3688	8525.4	8600	8900.52	9418.83	52053
2019-05-31T20:53:30.696Z	8493.91000000	0.66999998	8489.06	8493.55	24221.31349032	55612109.740517914	184483.576784991	148000	0.01	8449	8070	7750	6989	3500	8535	8600	8922	9418.83	52053
2019-05-31T20:54:30.425Z	8499.38000000	0.65000000	8499.37	8499.38	24231.35639771	55334671.94895725	184450.793677441	125000	0.01	8434	8060	7701	6900	3400	8535	8600	8922	9414.99	52053
2019-05-31T20:55:31.653Z	8510.98000000	0.02186188	8507.1	8510.97	24273.63697936	55375012.77940654	184455.206971471	125000	0.01	8433.38	8070	7750	6985	3500	8553.72	8600	8922	9414.99	52053
2019-05-31T20:56:30.238Z	8512.49000000	0.00561190	8509.87	8512.49	24273.46115646	55335075.06885667	184450.156556021	125000	0.01	8434	8060	7705	6900	3400	8550	8600	8900.52	9414.99	52053
2019-05-31T20:57:31.260Z	8515.81000000	0.10634377	8513.88	8515.82	24252.90629147	55447477.649191864	184466.71993689096	125000	0.01	8445.58	8070	7750	6985	3500	8553.72	8600	8900.52	9414.99	52053
2019-05-31T20:58:31.167Z	8501.86000000	0.00496999	8500.01	8501.86	24249.20569675	55470294.39168438	184469.50562003098	125000	0.01	8439.24	8070	7747.72	6974	3500	8550	8600	8923	9450	61300
2019-05-31T20:59:30.915Z	8504.45000000	0.02305013	8504.44	8504.45	24226.28741611	55560598.44007226	184480.14339247099	125000	0.01	8449	8070	7750	6990.56	3500	8539.07	8600	8900	9410	52053
2019-05-31T21:00:29.670Z	8514.56000000	0.12122406	8513.47	8515	24229.21490844	55300036.580307044	184449.10619223097	148000	0.01	8439.23	8050	7700	6899	3300	8555	8600	8952	9473.68	71490
2019-05-31T21:01:32.969Z	8528.39000000	0.00338466	8527.55	8528.39	24219.03684714	55406997.28685254	184461.61521565096	148000	0.01	8449	8060	7701	6900	3410	8575	8600	8922	9430.51	60000
2019-05-31T21:02:32.793Z	8541.15000000	0.01650000	8541.15	8541.16	24198.48361692	55276398.96525837	184445.35844095095	125000	0.01	8475	8040	7700	6899	3300	8575	8600	8969.88	9474.74	71490
2019-05-31T21:03:31.474Z	8535.55000000	0.00706565	8533.24	8535.55	24220.19217644	55565930.42681626	184475.322351751	148000	0.01	8483.01	8080	7790	7000	3500	8572.1	8605	9000	9500	80000
2019-05-31T21:04:31.160Z	8546.00000000	0.00215493	8545.33	8546	24232.15462950	55041839.96225963	184407.49169493097	125000	0.01	8483	8060	7701	6900	3266.66	8570.04	8600	8990.95	9490.09	75100
2019-05-31T21:05:31.700Z	8544.97000000	0.00442676	8542.04	8544.97	24244.64527994	54957580.28694132	184397.46519167096	125000	0.01	8475	8050	7700	6888	3280	8575	8600	8900	9414.99	52053
2019-05-31T21:06:31.362Z	8535.89000000	2.31900000	8535.89	8539.16	24242.74542501	54887206.67118137	184389.26506697098	125000	0.01	8444.11	8011	7700	6888	3220.01	8572.38	8608.03	8999.99	9500	78080
2019-05-31T21:07:32.551Z	8544.96000000	0.00466944	8542.24	8544.96	24267.72263924	54931418.76653357	184394.49219874098	125000	0.01	8475	8041	7700	6888	3250	8575	8601	8998.44	9500	76500
2019-05-31T21:08:32.984Z	8525.75000000	0.03811862	8522.25	8525.73	24269.46683748	55294626.54186418	184438.092557581	125000	0.01	8463.43	8070	7753	6992	3500	8563.05	8600	8999	9500	78080
2019-05-31T21:09:32.245Z	8534.26000000	0.09448637	8534.26	8537.62	24308.33752109	55015499.901095286	184405.05573557096	125000	0.01	8452	8041	7700	6888	3250	8568.1	8600	8990	9480.09	75000
2019-05-31T21:10:32.830Z	8530.74000000	0.00134309	8530.75	8534.33	24301.79054913	54912079.15326895	184392.98844386096	125000	0.01	8444.66	8050.17	7700	6900	3266.66	8575	8600	8900	9410	52053
2019-05-31T21:11:32.833Z	8541.15000000	0.00617703	8537.04	8541.15	24311.65587386	55602501.73856761	184474.24571442098	148000	0.01	8485.94	8080	7788	7000	3500	8572.68	8608.03	8999	9500	78080
2019-05-31T21:12:32.411Z	8527.90000000	0.15745763	8524.92	8529.06	24285.74649529	55585680.39293469	184472.358822391	148000	0.01	8483.26	8080	7800	7000	3500	8570	8615.05	9000	9500	80000
2019-05-31T21:13:32.250Z	8524.29000000	0.21055498	8524.41	8527.37	24139.57378505	55493811.23108899	184461.37050355098	148000	0.01	8480	8080	7794	7000	3500	8566.42	8608.03	8997.11	9499	75100
2019-05-31T21:14:30.587Z	8524.01000000	0.00610000	8524	8524.01	24089.16695568	54857818.91779815	184386.30265384095	125000	0.01	8446.55	8009.59	7692	6868	3220	8555.71	8600	8940.7	9450	70000
2019-05-31T21:15:31.878Z	8522.22000000	0.00190398	8522.21	8522.22	24078.19428644	55103659.46258762	184415.40837126094	125000	0.01	8474	8070	7720	6935	3333	8555.19	8600	8935	9450	61300
2019-05-31T21:16:32.585Z	8527.39000000	0.04768942	8526.25	8527.39	23953.34114308	55149341.72638307	184419.99877187095	125000	0.01	8472.63	8070	7737.72	6950	3400	8575	8600	8915	9418.83	52053
2019-05-31T21:17:32.845Z	8528.98000000	0.00829904	8528.95	8528.98	23595.16689847	55063341.379310176	184407.639480711	125000	0.01	8480	8060	7700	6900	3237	8575	8600	8916.84	9418.83	52053
2019-05-31T21:18:29.854Z	8531.08000000	0.06492638	8531.07	8531.08	23452.52353405	55121415.088883355	184415.18348313097	125000	0.01	8475	8070	7742	6950	3360	8566.79	8608.03	8996.4	9499	76500
2019-05-31T21:19:32.641Z	8544.00000000	0.02240057	8540.11	8544	23133.28001269	55162341.39375763	184420.48516511096	125000	0.01	8485.94	8070	7748	6950	3400	8575	8608.03	8984	9473.68	71490
2019-05-31T21:20:33.467Z	8531.92000000	0.04042093	8531.93	8535.83	23059.15605078	55099553.805643015	184412.63981473097	125000	0.01	8475.35	8060	7700	6900	3250	8569.7	8600	8998.7	9500	78080
2019-05-31T21:21:33.200Z	8536.52000000	0.00215712	8536.52	8538.18	22994.00797850	55041057.81468727	184407.45421988095	125000	0.01	8480	8060	7700	6900	3267	8575	8600	8920	9420	55555
2019-05-31T21:22:32.000Z	8534.42000000	0.05609300	8530.97	8534.42	22922.83853217	54990388.98201231	184396.52294785096	125000	0.01	8483.96	8070	7736	6950	3300	8575	8600	8922	9410	52053
2019-05-31T21:23:30.680Z	8536.54000000	0.01812042	8533.22	8536.01	22880.25300944	55119003.43070264	184411.21532058096	125000	0.01	8485.94	8080	7768.84	6992	3500	8575	8600	8922	9410	52053
2019-05-31T21:24:30.995Z	8533.17000000	0.11489492	8533.16	8533.17	22493.65167716	54788824.726501405	184369.52109450096	125000	0.01	8475	8070	7708	6901	3243.32	8575	8601	8999	9500	79010
2019-05-31T21:25:27.761Z	8539.97000000	0.01120401	8535.68	8539.97	22209.12447099	55365622.896413356	184437.60239174098	148000	0.01	8485.94	8080	7788	7000	3500	8575	8601	8999	9500	79010
2019-05-31T21:26:29.672Z	8538.61000000	0.00559570	8536.12	8536.37	21930.67761872	55178139.2542005	184412.73055907097	129600	0.01	8483.26	8080	7785	6999.04	3460	8575	8605	8999.97	9500	78080
2019-05-31T21:27:30.230Z	8535.06000000	0.02178600	8535.06	8538.54	21561.84244259	55082536.417002395	184400.14294527096	125000	0.01	8485.94	8080	7767.72	6992	3411.11	8575	8603.75	8999	9500	79010
2019-05-31T21:28:30.748Z	8533.36000000	0.04932799	8532.96	8533.36	21408.55435593	55000512.755432285	184390.65351569097	125000	0.01	8471	8080	7770	6992	3460	8575	8600	8922	9414.99	52053
2019-05-31T21:29:30.900Z	8532.99000000	0.00202806	8532.99	8533	20884.24164554	55099166.72234105	184402.29268808095	125000	0.01	8480.17	8080	7775	6992	3460	8569.21	8600	8939.28	9450	61400
2019-05-31T21:30:30.431Z	8529.01000000	0.01794355	8529	8529.01	20641.36571725	54793319.29522681	184366.41488116098	125000	0.01	8460	8070	7708	6904	3220.01	8555.84	8600	8915	9429.99	60000
2019-05-31T21:31:31.623Z	8525.01000000	0.01170093	8525	8525.01	20517.41184080	54784665.43812878	184365.45068605096	125000	0.01	8453.19	8070	7715	6903.31	3220.01	8562.77	8600	8939.28	9450	61400
2019-05-31T21:32:30.999Z	8520.79000000	0.00840556	8520.78	8520.79	20419.21524480	55516247.39458571	184451.87402708098	148000	0.01	8478.43	8095	7800	7000	3500	8564.37	8600	8925	9450	65000
2019-05-31T21:33:28.942Z	8519.00000000	0.03267989	8518.99	8519	20377.37066316	55542423.29282769	184456.598509151	148000	0.01	8480.24	8090	7800	7000	3500	8558.9	8600	8923	9450	61400
2019-05-31T21:34:30.899Z	8512.25000000	0.01718448	8512.24	8512.25	20300.46248378	54759127.478698835	184364.22140013098	125000	0.01	8450	8070	7708	6904	3220.01	8555.84	8600	8922	9420	55555
2019-05-31T21:35:30.721Z	8491.17000000	4.47201378	8491.16	8491.17	20274.00322360	55125950.004029356	184408.133222741	125000	0.01	8450	8080	7782	6999	3460	8547.82	8600	8922	9435	60600
2019-05-31T21:36:30.555Z	8491.80000000	0.01278070	8491.74	8495.53	20287.30923651	54704595.65191063	184359.06816297097	125000	0.01	8440	8070	7708	6901	3220.01	8551	8600	8944.5	9450	70000
2019-05-31T21:37:28.295Z	8492.49000000	0.00900000	8493.99	8494	20236.33183890	54586999.050929934	184345.01245077097	125000	0.01	8440	8060	7700	6888	3220.01	8551	8600	8950	9450	70000
2019-05-31T21:38:30.603Z	8500.00000000	0.09970732	8499.99	8500	20208.29504649	55424561.03493947	184444.46325985098	148000	0.01	8460	8090	7800	7000	3500	8555.84	8600	8950	9450	70000
2019-05-31T21:39:29.407Z	8500.00000000	0.00562013	8499.99	8500	20076.42753070	54816247.58455125	184372.16840226096	125000	0.01	8453.6	8070	7722	6909	3225.01	8555	8600	8950	9450	61490
2019-05-31T21:40:32.733Z	8503.31000000	0.11527209	8502.86	8503.31	20030.18520658	54977303.84477038	184391.60420006097	125000	0.01	8453.6	8080	7768.84	6992	3492.99	8550	8600	8950	9450	65000
2019-05-31T21:41:33.950Z	8511.00000000	0.00327466	8510.99	8511	19975.81665082	54823136.60845715	184373.20818623094	125000	0.01	8453.6	8070	7722	6909	3237	8555.84	8600	8939.28	9450	61300
2019-05-31T21:42:32.171Z	8533.00000000	0.00274150	8529.36	8533	19895.24136219	54814289.57199554	184368.59927522097	125000	0.01	8458.04	8070	7745.42	6950	3220.01	8572	8600	9000	9500	80000
2019-05-31T21:43:31.656Z	8530.83000000	0.00279695	8530.82	8530.83	19768.87997324	54920908.94530517	184381.451692941	125000	0.01	8458.04	8080	7708	6925.69	3220.01	8563.05	8600	8940.7	9450	61300
2019-05-31T21:44:21.576Z	8530.83000000	0.00559982	8530.82	8530.83	19697.82633886	54984332.41970582	184389.574412461	125000	0.01	8465.95	8070	7748	6955	3250	8560	8600	8923	9444	60600
2019-05-31T21:45:30.795Z	8518.89000000	0.05780358	8518.88	8518.89	19636.60140760	55002349.22833295	184387.30060330097	125000	0.01	8466.79	8070	7750	6974	3288	8556.92	8600	8900	9410	52053
2019-05-31T21:46:31.671Z	8511.02000000	0.00748364	8511.01	8511.02	19609.91157702	55145235.75774256	184404.09741064097	125000	0.01	8475	8080	7782	7000	3410	8556.96	8600	8916	9414.99	52053
2019-05-31T21:47:30.309Z	8518.66000000	0.02810255	8516.56	8518.4	19554.34834839	55304597.42534918	184422.66434139098	125000	0.01	8481.62	8080	7777.77	7000	3410	8560	8600	8939.28	9450	61300
2019-05-31T21:48:29.595Z	8515.26000000	0.05527413	8515.26	8515.27	19538.38924452	55035230.94347707	184391.12328480097	125000	0.01	8471.09	8080	7775	6999.04	3400	8556.92	8600	8922	9410	52053
2019-05-31T21:49:30.856Z	8510.56000000	0.06269821	8510.55	8510.56	19456.79609269	55869753.608975686	184490.31859768098	148000	0.01	8481.94	8100.11	7800	7000	3500	8556.92	8600	8922	9410	52053
2019-05-31T21:50:32.121Z	8524.98000000	0.08420903	8520.31	8524.81	19414.02402627	55403651.755803525	184435.505125601	125000	0.01	8472	8090	7800	7000	3500	8563.05	8600	8950	9430.51	60000
2019-05-31T21:51:32.282Z	8526.63000000	0.05563024	8526.63	8530.15	19380.53696397	55511369.478374	184447.57969325097	125000	0.01	8480	8090	7800	7000	3500	8563.05	8600	8944	9429.99	60000
2019-05-31T21:52:33.322Z	8529.00000000	0.00571769	8528.95	8529	19361.24040368	55610254.67638758	184459.428157791	125000	0.01	8480	8090	7800	7000	3500	8569.21	8600	8922	9410	52053
2019-05-31T21:53:27.903Z	8533.99000000	0.17238622	8530.05	8533.54	19321.04127990	55615419.313162744	184461.23129719097	125000	0.01	8481.22	8090	7800	7000	3500	8569.21	8600	8922	9410	52053
2019-05-31T21:54:33.519Z	8527.24000000	0.00501844	8527.23	8527.24	19148.24286287	55534049.10170024	184448.81311209098	125000	0.01	8480	8090	7800	7000	3500	8558.8	8600	8923	9410	52053
2019-05-31T21:55:25.313Z	8518.56000000	0.01132985	8513.98	8515.8	19104.23168233	55538975.13965144	184449.57040590097	125000	0.01	8472	8090	7800	7000	3500	8556.92	8600	8906.64	9410	52053
2019-05-31T21:56:27.426Z	8520.13000000	0.00116718	8520.39	8522.72	19101.10066170	55451403.73181795	184436.16864235097	125000	0.01	8472	8090	7800	7000	3500	8568.7	8600	8944	9420	52053
2019-05-31T21:57:31.167Z	8528.25000000	0.01169649	8524.45	8528.24	19079.57604345	55523879.234418854	184445.37517952098	125000	0.01	8480	8090	7800	7000	3500	8566.7	8600	8939.28	9418.83	52053
2019-05-31T21:58:30.297Z	8529.55000000	0.01963198	8526.48	8529.55	19064.06606416	55089792.60753882	184375.70425853098	125000	0.01	8480	8090	7800	7000	3410	8568.7	8600	8940.7	9418.83	52053
2019-05-31T21:59:31.974Z	8525.78000000	0.00100000	8525.78	8528.43	19009.00421642	55508181.937042244	184445.82577155097	125000	0.01	8480	8090	7800	7000	3500	8556.98	8600	8900	9400	52053
2019-05-31T22:00:29.440Z	8528.28000000	0.01682884	8527	8528.29	18998.69775974	55521309.39870654	184447.24830002096	125000	0.01	8480	8090	7800	7000	3500	8563.05	8600	8940.7	9418.83	52053
2019-05-31T22:01:31.593Z	8527.65000000	0.03085628	8522.7	8527.65	18947.45060177	55581811.483506404	184454.47645544098	125000	0.01	8480	8090	7800	7000	3500	8556.98	8600	8900	9410	52053
2019-05-31T22:02:31.808Z	8515.46000000	0.02096216	8512.86	8515.47	18868.60558945	55530976.165527746	184448.777781071	125000	0.01	8472	8090	7800	7000	3500	8551	8600	8900.52	9410	52053
2019-05-31T22:03:32.681Z	8500.37000000	0.06081490	8500.37	8501.13	18833.52043757	55476371.87831388	184442.61272361098	125000	0.01	8458.04	8090	7800	7000	3500	8550	8600	8922	9410	52053
2019-05-31T22:04:31.959Z	8509.52000000	0.00216434	8508.6	8509.52	18760.04138957	55508743.40599415	184446.536624631	125000	0.01	8470.25	8090	7800	7000	3500	8553.72	8600	8922	9410	52053
2019-05-31T22:05:32.448Z	8496.01000000	0.02365053	8496	8496.01	18734.62219140	55577475.081873216	184455.356400391	125000	0.01	8457.5	8090	7800	7000	3500	8551	8600	8939.28	9418.83	52053
2019-05-31T22:06:30.601Z	8494.35000000	0.00328190	8494.34	8494.35	18700.98910296	55597203.176212154	184458.093984491	125000	0.01	8458.04	8090	7800	7000	3500	8552.31	8600	8940.7	9418.83	52053
2019-05-31T22:07:31.830Z	8498.19000000	0.01125894	8495.5	8498.19	18669.37063561	55684350.47082668	184468.48643594098	125000	0.01	8458.04	8100	7800	7000	3500	8551	8600	8939.28	9418.83	52053
2019-05-31T22:08:30.564Z	8497.75000000	0.00275285	8497.53	8497.76	18630.92522714	55685030.085098006	184468.56362067096	125000	0.01	8458.04	8100	7800	7000	3500	8551	8600	8940.7	9429.99	52053
2019-05-31T22:09:32.171Z	8486.52000000	0.00158201	8485.97	8486.52	18518.52759151	55527584.44743691	184449.910270831	125000	0.01	8457.47	8090	7800	7000	3500	8528.28	8600	8900.52	9410	52053
2019-05-31T22:10:32.400Z	8495.46000000	0.00105649	8495.46	8495.47	18474.47697813	54947685.13208735	184381.02412521097	125000	0.01	8453.34	8080	7775	7000	3400	8541	8600	8922	9410	52053
2019-05-31T22:11:31.732Z	8499.65000000	0.00216793	8496.38	8499.61	18457.48252542	55256971.2494671	184418.28749002097	125000	0.01	8470.96	8080	7782	7000	3411.11	8541	8600	8922	9410	52053
2019-05-31T22:12:28.546Z	8504.40000000	0.00181502	8502.67	8503.19	18432.46677010	54935444.6843275	184380.17637867096	125000	0.01	8453.34	8070	7750	6992	3301	8547.52	8600	8950	9450	60600
2019-05-31T22:13:32.853Z	8503.21000000	0.00158090	8503.04	8503.2	18413.88325834	55518614.90114326	184452.44110993098	125000	0.01	8460	8080	7800	7000	3500	8547.31	8600	8950	9450	60600
2019-05-31T22:14:32.539Z	8504.36000000	0.00204870	8503.82	8504.35	18335.57657902	55572622.54997693	184459.044753301	125000	0.01	8468.12	8090	7800	7000	3500	8547.31	8600	8950	9444	60000
2019-05-31T22:15:32.900Z	8509.13000000	0.35774298	8507.27	8509.67	18320.26558147	54675440.85632324	184352.74560286096	125000	0.01	8440	8060	7700	6900	3220.01	8541	8600	8900	9410	52053
2019-05-31T22:16:31.559Z	8515.30000000	0.01662993	8512.82	8515.3	18275.34658525	55764238.16908979	184481.262438981	148000	0.01	8479.25	8100	7800	7000	3500	8555	8600	8949	9444	53000
2019-05-31T22:17:28.183Z	8524.88000000	0.02874951	8524.26	8524.87	18190.86762129	54789730.72941333	184360.87127516096	125000	0.01	8456.51	8070	7732	6953.31	3220.01	8556.92	8600	8940.7	9422.99	52053
2019-05-31T22:18:31.971Z	8524.28000000	0.01122460	8524.27	8524.28	18080.50033354	54759403.78401286	184349.95959877098	125000	0.01	8470	8060	7700	6903.5	3220.01	8550.86	8600	8900.52	9410	52053
2019-05-31T22:19:31.195Z	8520.01000000	0.00157765	8520	8520.01	18000.04016175	55034665.8052572	184388.32678655096	125000	0.01	8478.3	8080	7785	7000	3460	8555.09	8600	8922	9410	52053
2019-05-31T22:20:31.701Z	8520.81000000	0.00293593	8520.56	8520.79	17987.28086085	54891782.578627236	184372.85920907094	125000	0.01	8471.09	8070	7745.49	6976	3300	8556.92	8600	8940.7	9429.99	52053
2019-05-31T22:21:33.300Z	8514.98000000	0.01723286	8515	8518.57	17988.62626821	54840638.1548506	184367.72711401098	125000	0.01	8480	8070	7736	6968	3237	8556.92	8600	8940.7	9420	52053
2019-05-31T22:22:33.190Z	8519.62000000	0.00525677	8516.97	8519.61	17959.69263469	54838862.65978047	184365.22410999096	125000	0.01	8467.25	8060	7700	6905	3220.01	8556.92	8600	8939.28	9420	52053
2019-05-31T22:23:30.963Z	8520.57000000	0.00560657	8520.56	8520.57	17947.99538230	54725318.69382773	184354.72411872094	125000	0.01	8471.09	8060	7700	6903.31	3220.01	8556.92	8600	8939.28	9420	52053
2019-05-31T22:24:33.318Z	8518.43000000	0.00327196	8516.01	8518.39	17927.80108855	54793298.583786465	184362.83753375095	125000	0.01	8466.79	8060	7700	6901	3220.01	8560	8600	8950	9450	60600
2019-05-31T22:25:32.361Z	8517.75000000	0.02077583	8515.04	8517.75	17902.47366290	54754793.37813431	184356.14121707095	125000	0.01	8470.25	8060	7700	6908	3220.01	8552.31	8600	8916	9410	52053
2019-05-31T22:26:27.620Z	8515.04000000	1.15000000	8511.61	8514.63	17885.97469836	55411080.405425176	184434.821673571	125000	0.01	8476.32	8080	7800	7000	3500	8543.84	8600	8900	9400	52053
2019-05-31T22:27:31.302Z	8511.74000000	0.02247662	8511.74	8511.75	17851.47830383	55560711.47277198	184452.56088909096	125000	0.01	8470.32	8090	7800	7000	3500	8543.2	8600	8900	9408.99	52053
2019-05-31T22:28:29.966Z	8511.74000000	0.08100000	8511.73	8511.74	17808.08691242	55657318.150073506	184463.93119779098	125000	0.01	8475.73	8100	7800	7000	3500	8553.72	8600	8922	9410	52053
2019-05-31T22:29:31.643Z	8511.63000000	0.00216384	8511.62	8511.63	17693.72727719	55658849.30955502	184464.499158601	129600	0.01	8475.58	8090	7800	7000	3500	8555.07	8600	8938.05	9433.05	52965.73
2019-05-31T22:30:29.473Z	8502.62000000	0.00374414	8502.54	8502.57	17695.28105883	55602394.52509965	184458.01205658098	125000	0.01	8470	8090	7800	7000	3500	8529.08	8600	8900	9410	52053
2019-05-31T22:31:33.193Z	8514.22000000	0.00362393	8510.76	8514.22	17691.07922849	55720091.88654241	184471.85349884097	148000	0.01	8470.32	8100	7800	7000	3500	8555.07	8600	8950	9450	60000
2019-05-31T22:32:32.366Z	8507.28000000	0.05000000	8507	8507.01	17675.77957663	55541514.946539745	184451.01112435097	125000	0.01	8470	8090	7800	7000	3500	8544.06	8600	8900	9410	52053
2019-05-31T22:33:31.690Z	8500.62000000	0.09891969	8498	8498.01	17660.70646460	54765529.66671509	184359.28678760095	125000	0.01	8449	8050.17	7700	6898.33	3200	8543.77	8600	8922	9410	52053
2019-05-31T22:34:26.789Z	8505.27000000	0.02498288	8504.83	8505.22	17666.20772777	55506312.049863584	184447.02836219096	125000	0.01	8470	8090	7800	7000	3500	8551	8600	8944	9444	53000
2019-05-31T22:35:29.840Z	8504.81000000	0.08591249	8501.15	8504.81	17655.21448828	55471910.59562908	184442.97879534095	125000	0.01	8470	8090	7800	7000	3500	8550	8600	8950	9450	60600
2019-05-31T22:36:30.468Z	8506.14000000	0.06418713	8506.13	8506.14	17651.56529524	55503156.21284506	184445.45656069097	125000	0.01	8468.58	8090	7800	7000	3500	8555	8600	8944	9444	53000
2019-05-31T22:37:29.966Z	8508.18000000	0.01124556	8506.14	8508.08	17647.81310266	56714159.58834287	184590.09612050102	148000	0.01	8470	8210	7832.48	7060	3985	8530.72	8600	8900	9410	52053
2019-05-31T22:38:32.867Z	8508.36000000	0.00157994	8507.68	8508.36	17637.31752008	56958423.64151863	184619.125148721	150000	0.01	8470	8251	7856	7100	4000	8555	8600	8945	9444	52053
2019-05-31T22:39:31.538Z	8501.51000000	0.06502354	8501.54	8503.26	17628.26175104	57009700.51966899	184625.22065134102	150000	0.01	8470	8283.42	7867.41	7100	4000	8550	8600	8949	9448.83	60000
2019-05-31T22:40:30.999Z	8505.00000000	0.05062635	8504.99	8505	17618.29324822	56934771.44954835	184617.34859924103	150000	0.01	8470	8250	7856	7100	4000	8547.31	8600	8941.32	9444	52053
2019-05-31T22:41:33.333Z	8502.42000000	0.36699839	8502.42	8502.43	17585.46683031	57003436.65692556	184625.67438903105	150000	0.01	8467.84	8268	7856	7100	4000	8550	8600	8949	9444.22	60000
2019-05-31T22:42:33.134Z	8500.87000000	0.01350743	8497.74	8500.92	17590.87799917	57053999.71378911	184641.32745039102	150000	0.01	8470	8289	7871.11	7100	4014	8549.99	8600	8949	9444.22	60000
2019-05-31T22:43:28.613Z	8504.00000000	0.01125136	8503.99	8504	17583.80455865	56172304.02500179	184536.746794061	148000	0.01	8470	8150	7800	7009	3736.31	8551	8600	8950	9448.83	60000
2019-05-31T22:44:30.416Z	8503.91000000	0.00316035	8503.61	8503.62	17538.35485877	56700927.51459149	184599.540117281	150000	0.01	8470	8205.11	7845	7060	3985	8551	8600	8945	9444	52053
2019-05-31T22:45:33.291Z	8504.00000000	0.02281396	8503.99	8504	17525.43884453	56633140.16810109	184591.517271461	150000	0.01	8470	8205.11	7832.48	7060	3945	8553.72	8600	8950	9450	60000
2019-05-31T22:46:30.882Z	8504.00000000	0.00911365	8503.99	8504	17511.91953149	56797203.181953944	184610.89646341102	150000	0.01	8470	8236	7850	7060	3988	8553.72	8600	8945	9444	52053
2019-05-31T22:47:32.514Z	8511.38000000	0.04031599	8511.37	8511.38	17510.88524234	56766406.41206457	184607.62425126103	150000	0.01	8470	8203.3	7828	7053.01	3900	8555.84	8600	8950	9444	52053
2019-05-31T22:48:33.411Z	8512.26000000	0.02308777	8512.25	8512.26	17472.32542009	56713353.92556315	184601.62457051102	150000	0.01	8472.11	8200	7824	7030	3811.99	8553.72	8600	8925	9420	52053
2019-05-31T22:49:32.346Z	8517.94000000	0.01133184	8517.93	8517.94	17476.58133307	56692832.15412283	184598.841255781	150000	0.01	8477.58	8210	7828	7055	3900	8556.92	8600	8940.7	9430.51	52053
2019-05-31T22:50:31.676Z	8522.16000000	0.00123954	8520.34	8522.16	17479.24584060	56868107.19698367	184620.56186269104	150000	0.01	8480	8250	7850	7072.93	3980	8562.77	8600	8950	9439	52053
2019-05-31T22:51:30.444Z	8520.54000000	0.01122952	8520.53	8520.54	17452.66680778	56891014.567128174	184622.44119680102	150000	0.01	8480	8249	7832.48	7069	3952.52	8556.44	8600	8922	9410	52053
2019-05-31T22:52:32.158Z	8507.36000000	0.06186002	8506.46	8507.36	17366.20876219	56783018.35702849	184613.05561449102	148000	0.01	8470	8210	7828	7060	3995	8551	8600	8922	9410	52053
2019-05-31T22:53:32.185Z	8512.77000000	0.00666714	8512.36	8512.75	17276.78985654	56776866.96606551	184613.32407253102	150000	0.01	8470	8208	7827	7050	3905	8555.84	8600	8940.7	9430.51	52053
2019-05-31T22:54:32.442Z	8504.88000000	0.00741242	8504	8504.86	17239.63504601	56760592.11514909	184632.886925941	148000	0.01	8470	8205.11	7832	7053.01	3911.01	8532.29	8600	8900	9410	52053
2019-05-31T22:55:32.913Z	8501.17000000	0.02251136	8501.17	8501.18	17203.47040556	56930832.0457386	184653.095244861	150000	0.01	8470	8250	7851	7060	4000	8551	8650	9000	9508	90000
2019-05-31T22:56:33.131Z	8501.18000000	0.11532727	8501.17	8501.18	17199.40354325	56981454.84561624	184659.031752351	150000	0.01	8470	8250	7852.48	7100	4000	8550	8650	9000	9508	90000
2019-05-31T22:57:33.326Z	8511.01000000	0.11117457	8510.96	8511.3	17144.05496020	56970329.15639314	184657.42724102104	150000	0.01	8474.92	8250	7852.48	7094.55	4000	8555.84	8650	9000	9508	90000
2019-05-31T22:58:30.536Z	8520.39000000	0.00274510	8518.46	8520.37	17134.63936584	56895511.90858086	184648.35824392101	150000	0.01	8480	8234	7832.48	7060	4000	8556.1	8644	9000	9500	90000
2019-05-31T22:59:31.516Z	8515.19000000	0.00121947	8512	8515.15	17102.61159174	56845541.33705077	184642.550654921	150000	0.01	8474.51	8250	7852.48	7094.55	4000	8555.95	8650	9000	9508	90000
2019-05-31T23:00:33.899Z	8512.40000000	0.02922281	8512.39	8512.4	17080.07883019	57023273.40527942	184663.47355931104	150000	0.01	8480	8250	7852.48	7100	4000	8555.84	8650	9000	9508	90000
2019-05-31T23:01:32.441Z	8523.64000000	0.00500000	8523.63	8523.64	17079.17083041	56884509.32145152	184646.88155389103	150000	0.01	8487.66	8250	7850	7060	4000	8569.4	8650	9000	9500.05	91490
2019-05-31T23:02:32.806Z	8533.73000000	0.00180928	8530	8533.61	17063.97131936	56879387.06173104	184646.25953297102	150000	0.01	8487.66	8250	7836	7060	4000	8569.21	8650	9000	9500.05	90700
2019-05-31T23:03:32.898Z	8530.75000000	0.05070057	8530.75	8530.76	17044.62074737	56963772.94853645	184656.45432213103	150000	0.01	8487.66	8250	7852.48	7100	4000	8562.45	8630	9000	9500	80000
2019-05-31T23:04:31.748Z	8539.89000000	0.00615065	8539.77	8539.95	17034.35792785	56929143.85983308	184652.64395065102	180000	0.01	8487.66	8250	7845	7060	4000	8575	8646.76	9000	9500	88000
2019-05-31T23:05:31.761Z	8544.84000000	0.71409191	8543.14	8543.43	17020.58620468	56948832.7454574	184655.02323671101	160000	0.01	8487.66	8250	7850	7065	4000	8575	8630	9000	9500	80000
2019-05-31T23:06:32.888Z	8541.19000000	0.02295112	8541.18	8541.19	17018.53131413	56914334.936619855	184650.55929226102	153323.23	0.01	8487.66	8250	7852.48	7065	4000	8570.04	8654.13	9000	9508	90000
2019-05-31T23:07:33.581Z	8541.12000000	0.21405418	8540.01	8540.98	17006.94167754	57069015.276506096	184667.21561724102	153323.23	0.01	8488.01	8278	7856	7089	4000	8570.52	8633.28	9000	9500	90000
2019-05-31T23:08:33.237Z	8540.02000000	0.02958191	8540.02	8541.16	16931.11462678	56226673.074612215	184567.297493691	150000	0.01	8480	8131.47	7800	7001	3700	8575	8630	9000	9500	80000
2019-05-31T23:09:32.526Z	8541.18000000	0.03443654	8540.27	8541.16	16915.97119522	56999342.71392261	184658.43698867102	153323.23	0.01	8483.63	8268	7856	7091	4000	8570.04	8650	9000	9508	90000
2019-05-31T23:10:33.281Z	8538.10000000	0.00159579	8537.1	8538.1	16913.79033122	56358715.972484566	184582.842231931	150000	0.01	8480	8156.56	7800	7006	3777.77	8570	8654.13	9000	9508	90000
2019-05-31T23:11:32.509Z	8535.11000000	0.00839214	8533.24	8535.26	16908.65117373	56679897.81636325	184620.900088431	150000	0.01	8482.01	8220	7832.48	7051	3905	8552.77	8623.98	9000	9500	80000
2019-05-31T23:12:32.920Z	8536.41000000	0.15257816	8536.41	8536.42	16899.76491185	57061486.75212149	184665.80908184103	153323.23	0.01	8488.01	8289	7880	7100	4020	8566.5	8630	9000	9500	80000
2019-05-31T23:13:33.820Z	8530.15000000	0.05607840	8530.15	8531.06	16895.44491208	56319395.16207843	184578.162735681	150000	0.01	8480	8150	7800	7001	3700	8552.77	8627.54	9000	9500	80000
2019-05-31T23:14:33.602Z	8535.70000000	0.00227413	8531.89	8535.7	16872.57264737	56440534.235295065	184592.483106521	150000	0.01	8480	8156.56	7801.1	7007	3770	8575	8631.24	9000	9500	80000
2019-05-31T23:15:33.131Z	8537.99000000	0.00606132	8535.2	8537.99	16830.88297696	56978213.8673985	184655.83884232104	153323.23	0.01	8482.04	8250	7852.48	7060	4000	8575	8631.24	9000	9500	80000
2019-05-31T23:16:33.314Z	8545.00000000	0.00205755	8541.95	8545	16818.17894868	57300576.56568833	184693.65534850102	199600	0.01	8489.79	8303	7890	7100	4055.56	8575	8631.24	9000	9500	80000
2019-05-31T23:17:31.529Z	8544.12000000	0.02004700	8540.43	8544.04	16795.65101681	56985725.63690243	184656.63106792103	190000	0.01	8482.04	8250	7852.48	7060	4000	8575	8631.24	9000	9500	80000
2019-05-31T23:18:31.904Z	8545.00000000	0.05736813	8544.99	8545	16779.72711937	56986465.05203695	184656.48268510101	180000	0.01	8488.01	8250	7852.48	7065	3999	8575	8647.56	9000	9500	80000
2019-05-31T23:19:30.830Z	8551.00000000	0.02942125	8550.57	8551	16796.33618540	56993222.434418716	184657.14258539103	199600	0.01	8495	8250	7852.48	7073.07	4000	8578.2	8694.99	9000	9525	96420
2019-05-31T23:20:31.363Z	8551.00000000	0.01510632	8550.99	8551	16788.28061287	56824778.23649938	184637.397099051	153323.23	0.01	8488.01	8234	7838	7050	3900.01	8575	8647.56	9000	9500	80000
2019-05-31T23:21:31.670Z	8542.35000000	0.34396605	8542.34	8542.35	16790.21422197	56701431.56940448	184622.999043891	153323.23	0.01	8485.9	8205.11	7827.48	7031	3900	8575	8650	9000	9508	90700
2019-05-31T23:22:30.183Z	8546.38000000	0.01490438	8548.37	8550.09	16801.30368220	56785758.49328652	184632.80970036102	153323.23	0.01	8488.01	8220	7832.48	7050	3900	8575	8644	9000	9500	88000
2019-05-31T23:23:32.996Z	8542.69000000	0.28678393	8541.57	8543.49	16797.35275719	56831200.078057684	184638.27208749103	153323.23	0.01	8488.01	8232	7832.48	7051	3905	8575	8644	9000	9500	88000
2019-05-31T23:24:30.814Z	8542.31000000	0.01265555	8542.23	8542.37	16794.63745399	56948738.260437705	184652.16295024104	190000	0.01	8488.01	8250	7856	7085	4000	8575	8644	9000	9500	88000
2019-05-31T23:25:32.359Z	8546.36000000	0.01157399	8546.36	8546.96	16789.08938977	56956044.839561135	184652.927677181	180000	0.01	8500	8250	7852.48	7060	4000	8575	8644	9000	9500	87750
2019-05-31T23:26:30.500Z	8547.00000000	0.01129377	8546.99	8547	16786.56599413	57001165.40015801	184658.19435077102	190000	0.01	8500	8250	7856	7079	4000	8575	8644	9000	9500	88000
2019-05-31T23:27:27.829Z	8549.04000000	0.05037757	8549.82	8551	16782.90304276	57014958.72671179	184659.93482935103	199600	0.01	8500	8250	7856	7086	4000	8578.2	8694.48	9000	9510.09	96420
2019-05-31T23:28:27.653Z	8552.47000000	0.11463578	8552.45	8552.46	16778.63566294	57042950.54225772	184663.57165375105	150000	0.01	8505.57	8267.47	7860	7085	4000	8575	8627.54	9000	9500	80000
2019-05-31T23:29:31.208Z	8552.47000000	0.00537501	8552.47	8552.48	16759.79769976	57130204.86002635	184673.86758404103	199600	0.01	8514.35	8300	7888	7100	4055.56	8578.2	8694.99	9000	9525.25	96420
2019-05-31T23:30:33.401Z	8552.67000000	0.00558552	8552.62	8552.67	16749.04069998	57081184.914054	184668.151071861	199600	0.01	8505.57	8280	7867.41	7100	4000	8577.53	8694.99	9000	9525.25	96420
2019-05-31T23:31:33.894Z	8552.70000000	0.01013986	8552.69	8552.74	16746.94429976	57031956.31303579	184662.35130799102	199600	0.01	8505.57	8250	7856	7091	4000	8578.2	8686.32	9000	9510.09	96420
2019-05-31T23:32:33.664Z	8552.74000000	0.00605084	8552.73	8552.74	16742.87610930	57038153.45273258	184662.46633395102	198076.54	0.01	8505.57	8251	7860	7089	4000	8578.2	8686.32	9000	9510.09	96420
2019-05-31T23:33:31.647Z	8552.74000000	0.01096387	8552.73	8552.74	16714.74922162	57043347.97329353	184663.10078157103	153323.23	0.01	8505.57	8252	7860	7088.95	4000	8575	8631.24	9000	9500	79010
2019-05-31T23:34:31.425Z	8558.97000000	0.06600000	8558.96	8558.97	16738.04286887	56438912.61569777	184591.878911791	150000	0.01	8490	8150	7800	7001	3690	8580	8655.09	9000	9508	88000
2019-05-31T23:35:31.882Z	8579.80000000	0.00313411	8577.5	8579.72	16755.29369440	56406133.54232326	184587.455155331	153323.23	0.01	8500	8150	7800	7001	3700	8590	8690	9000	9525.25	96420
2019-05-31T23:36:30.910Z	8573.42000000	0.00104595	8569.48	8573.42	16778.33006797	56394300.3805692	184585.820546961	150000	0.01	8489.79	8156.56	7801.1	7006	3770	8580	8668.91	9000	9508	87750
2019-05-31T23:37:32.466Z	8564.22000000	0.00431130	8564.02	8564.21	16764.06064498	56444485.17075859	184591.471804941	153323.23	0.01	8489.79	8161.02	7800	7003.31	3733.01	8587.31	8750	9011.42	9550	99000
2019-05-31T23:38:33.194Z	8567.37000000	0.00238271	8567.36	8567.37	16724.34926742	56545502.552663825	184603.485137131	199600	0.01	8505	8156.56	7810.51	7007.77	3770	8590	8705	9000	9547.88	96420
2019-05-31T23:39:32.122Z	8573.24000000	0.02232202	8572.32	8573.24	16724.06174984	57008481.960592836	184657.43543499103	247447.63	0.01	8506.33	8300	7888	7100	4020	8590	8705	9000	9547.88	98000
2019-05-31T23:40:33.120Z	8545.93000000	0.00107800	8545.94	8546.38	16709.22460184	56682646.02774443	184623.02215737102	200000	0.01	8488.01	8205.11	7832.48	7060	3999	8579.99	8700	9000	9541.99	99000
2019-05-31T23:41:33.439Z	8537.50000000	0.01000000	8537.49	8537.5	16708.26826910	56473909.594249055	184600.941036461	190000	0.01	8486.43	8150	7800	7001	3770	8578.36	8705	9000	9547.88	98000
2019-05-31T23:42:33.568Z	8552.09000000	0.08805364	8547.17	8552.09	16711.20099609	56677938.97685356	184622.236550101	200000	0.01	8501.24	8200	7823	7026	3859.63	8579.99	8700	9000	9547.88	96420
2019-05-31T23:43:31.503Z	8561.92000000	0.04891572	8559.26	8561.92	16719.04215461	57114461.28775481	184673.690580741	247447.63	0.01	8506.24	8250	7856	7100	4000	8590	8700	9000	9547.88	98000
2019-05-31T23:44:33.145Z	8557.01000000	0.00558259	8557	8557.01	16720.81472403	56478883.10827806	184599.191874431	199600	0.01	8488.6	8156.56	7801	7009	3800	8581.64	8750	9015	9550	99000
2019-05-31T23:45:30.459Z	8554.76000000	0.00273449	8553.06	8557.01	16725.97417761	56624437.49866342	184616.075704521	200000	0.01	8500	8200	7822	7020	3843.54	8587.31	8750	9049.96	9575	99750
2019-05-31T23:46:28.150Z	8555.01000000	0.01778692	8555	8555.01	16705.23914351	56614714.89679014	184615.095545781	200000	0.01	8488.6	8200	7802.12	7009	3806.09	8581.64	8735	9025	9550	99000
2019-05-31T23:47:31.827Z	8559.35000000	0.01848466	8559	8559.32	16705.88236008	56780436.42752876	184634.528837671	238453.77	0.01	8506.24	8205.11	7832.48	7060	4000	8590	8700	9000	9547.88	98000
2019-05-31T23:48:32.610Z	8559.32000000	0.01678971	8559.32	8559.33	16702.16811875	56829113.30916054	184640.10223054103	210000	0.01	8512	8205.11	7832	7055	3905.09	8581.64	8750	9049	9555	99231
2019-05-31T23:49:30.509Z	8566.91000000	0.01116351	8566.91	8568.04	16697.26440543	57446672.68448462	184714.46220742105	250000	0.01	8523.35	8321	7900	7176	4150	8581.23	8732	9024	9550	99000
2019-05-31T23:50:31.800Z	8575.73000000	0.00564837	8575.04	8575.73	16705.03091485	57420411.10707753	184711.14931496102	250000	0.01	8523.35	8321	7900	7170	4140	8590	8705	9005	9547.88	98000
2019-05-31T23:51:31.369Z	8572.43000000	0.01207944	8572.43	8573.49	16683.88088840	57615200.230747685	184733.69702169104	250000	0.01	8526.92	8307	7900	7110	4090	8590	8710	9011.42	9550	99000
2019-05-31T23:52:26.801Z	8567.03000000	0.00156795	8567.02	8567.03	16682.35022370	57405918.01042943	184709.30224638103	250000	0.01	8523.35	8315.19	7900	7150	4102.3	8590	8700	9000	9547.88	98000
2019-05-31T23:53:31.780Z	8565.25000000	0.00531670	8563.49	8567.02	16688.79483486	57303948.97781855	184697.082611151	250000	0.01	8518.88	8289	7888	7100	4015.09	8590	8700	9000.01	9547.88	99000
2019-05-31T23:54:32.900Z	8562.62000000	0.00581028	8562.61	8562.62	16692.48179544	57075965.33935282	184660.43664358102	250000	0.01	8512.75	8250	7856	7100	4000	8590	8730	9015	9550	99000
2019-05-31T23:55:30.916Z	8566.03000000	0.03351079	8566.03	8566.04	16634.30419600	56868611.62148435	184636.303920601	247447.63	0.01	8512	8203.3	7827.48	7055	3927.27	8590	8705	9005	9547.88	98687
2019-05-31T23:56:31.100Z	8561.28000000	0.00215100	8560.12	8561.26	16595.89822420	57414861.22943414	184700.98633541103	250000	0.01	8509	8300	7876	7100	4098.25	8579.99	8690	9000	9540	98000
2019-05-31T23:57:28.716Z	8552.89000000	0.02236681	8551.22	8552.88	16591.95939855	57424097.491041735	184702.22249617105	250000	0.01	8512	8300	7880	7100	4100	8581.64	8753.64	9050	9600	99786
2019-05-31T23:58:31.227Z	8554.02000000	0.00639773	8554.02	8554.03	16598.49270373	57477843.21672956	184708.48805874103	250000	0.01	8512	8300	7891	7101.01	4055.56	8581.64	8752.53	9050	9600	99750
2019-05-31T23:59:30.826Z	8554.82000000	0.02864484	8554.09	8554.92	16597.68617429	57420784.53468306	184701.79213511103	250000	0.01	8512	8300	7888	7100	4055	8579.99	8686.32	9000	9537	98000
2019-06-01T00:00:31.248Z	8550.17000000	0.08471384	8550.16	8550.17	16596.91040381	57269864.063580126	184683.877527161	199600	0.01	8506.92	8280	7867.41	7100	4021.01	8576.32	8650	9000	9508	90700
2019-06-01T00:01:32.905Z	8558.14000000	0.01118663	8557.76	8559.97	16601.05856886	57575103.38395665	184719.55411682103	210000	0.01	8520	8318.42	7900	7150	4104.23	8579.99	8642.82	9000	9500	87750
2019-06-01T00:02:32.900Z	8561.05000000	0.33496974	8557.66	8561.05	16593.14274179	57665085.13644407	184729.97324749103	247447.63	0.01	8528.57	8315.17	7900	7150	4102.6	8579.99	8649	9000	9508	88000
2019-06-01T00:03:32.766Z	8558.08000000	0.05586957	8558.08	8558.09	16610.59537802	57002538.15940032	184652.19253201102	160000	0.01	8509	8238	7850	7060	4000	8576.97	8657	9000	9508	90700
2019-06-01T00:04:33.656Z	8558.08000000	0.00252370	8558.08	8558.09	16454.91134447	57099384.82094193	184663.49368055104	199600	0.01	8509	8250	7850	7079	4000	8579.99	8642.82	9000	9500	87750